{"/home/travis/build/webpro/DOMtastic/dist/domtastic.js":{"path":"/home/travis/build/webpro/DOMtastic/dist/domtastic.js","s":{"1":1,"2":1,"3":1,"4":1,"5":0,"6":1,"7":0,"8":1,"9":1,"10":1,"11":1,"12":1,"13":38,"14":19,"15":0,"16":0,"17":0,"18":0,"19":0,"20":0,"21":19,"22":19,"23":36,"24":36,"25":38,"26":1,"27":1,"28":1,"29":1,"30":1,"31":1,"32":1,"33":1,"34":1,"35":1,"36":1,"37":1,"38":1,"39":1,"40":1,"41":1,"42":1,"43":1,"44":1,"45":1,"46":1,"47":1,"48":1,"49":1,"50":1,"51":1,"52":1,"53":1,"54":1,"55":1,"56":1,"57":1,"58":1,"59":1,"60":1,"61":1,"62":1,"63":1,"64":1,"65":1,"66":1,"67":1,"68":1,"69":3,"70":5,"71":3,"72":1,"73":25,"74":1,"75":1,"76":1,"77":1,"78":1,"79":1,"80":11,"81":11,"82":1,"83":1,"84":1,"85":1,"86":1,"87":1,"88":1,"89":12,"90":3,"91":3,"92":9,"93":14,"94":5,"95":10,"96":9,"97":9,"98":1,"99":2,"100":3,"101":2,"102":1,"103":1,"104":1,"105":1,"106":8,"107":7,"108":8,"109":8,"110":8,"111":1,"112":3,"113":3,"114":4,"115":4,"116":3,"117":1,"118":5,"119":5,"120":6,"121":6,"122":5,"123":1,"124":4,"125":6,"126":1,"127":1,"128":1,"129":56,"130":1,"131":55,"132":54,"133":1,"134":1,"135":0,"136":1,"137":1,"138":1,"139":1,"140":2,"141":1,"142":14,"143":7,"144":1,"145":1,"146":1,"147":14,"148":14,"149":12,"150":12,"151":3,"152":3,"153":2,"154":2,"155":1,"156":9,"157":9,"158":2,"159":2,"160":2,"161":2,"162":2,"163":11,"164":9,"165":10,"166":9,"167":1,"168":11,"169":1,"170":1,"171":1,"172":1,"173":1,"174":9,"175":2,"176":2,"177":7,"178":9,"179":9,"180":7,"181":1,"182":8,"183":2,"184":2,"185":6,"186":8,"187":6,"188":1,"189":1,"190":1,"191":1,"192":62,"193":36,"194":17,"195":19,"196":1,"197":18,"198":18,"199":26,"200":26,"201":36,"202":36,"203":62,"204":1,"205":49,"206":37,"207":8,"208":29,"209":20,"210":9,"211":9,"212":12,"213":12,"214":18,"215":18,"216":49,"217":1,"218":57,"219":45,"220":9,"221":36,"222":25,"223":11,"224":11,"225":12,"226":12,"227":20,"228":20,"229":57,"230":1,"231":43,"232":34,"233":6,"234":28,"235":19,"236":9,"237":9,"238":9,"239":9,"240":15,"241":15,"242":43,"243":1,"244":4,"245":1,"246":34,"247":9,"248":25,"249":0,"250":25,"251":25,"252":51,"253":0,"254":1,"255":1,"256":1,"257":1,"258":1,"259":1,"260":5,"261":5,"262":5,"263":1,"264":2,"265":3,"266":1,"267":5,"268":8,"269":8,"270":1,"271":3,"272":1,"273":2,"274":1,"275":1,"276":1,"277":1,"278":1,"279":2,"280":1,"281":1,"282":1,"283":1,"284":1,"285":1,"286":1,"287":1,"288":1,"289":51,"290":32,"291":32,"292":51,"293":51,"294":57,"295":57,"296":57,"297":57,"298":57,"299":73,"300":0,"301":73,"302":25,"303":73,"304":73,"305":51,"306":1,"307":15,"308":15,"309":15,"310":15,"311":15,"312":3,"313":3,"314":15,"315":15,"316":17,"317":17,"318":17,"319":17,"320":25,"321":25,"322":228,"323":52,"324":52,"325":25,"326":4,"327":21,"328":3,"329":15,"330":1,"331":0,"332":1,"333":0,"334":1,"335":45,"336":45,"337":45,"338":45,"339":45,"340":45,"341":45,"342":45,"343":57,"344":53,"345":4,"346":45,"347":1,"348":4,"349":4,"350":1,"351":52,"352":0,"353":52,"354":1,"355":4,"356":4,"357":4,"358":4,"359":4,"360":10,"361":1,"362":1,"363":63,"364":4,"365":59,"366":1,"367":1,"368":1,"369":1,"370":1,"371":98,"372":17,"373":98,"374":98,"375":1,"376":7,"377":7,"378":7,"379":7,"380":7,"381":1,"382":57,"383":45,"384":1,"385":1,"386":7,"387":5,"388":1,"389":45,"390":45,"391":135,"392":135,"393":8,"394":8,"395":135,"396":45,"397":3,"398":45,"399":1,"400":27,"401":27,"402":27,"403":26,"404":1,"405":1,"406":0,"407":0,"408":0,"409":0,"410":1,"411":1,"412":55,"413":55,"414":55,"415":55,"416":1,"417":1,"418":1,"419":1,"420":1,"421":1,"422":1,"423":1,"424":0,"425":1,"426":1,"427":1,"428":1,"429":1,"430":1,"431":1,"432":17,"433":5,"434":5,"435":12,"436":11,"437":12,"438":1,"439":1,"440":1,"441":1,"442":1,"443":1,"444":1,"445":1,"446":1,"447":9,"448":9,"449":9,"450":9,"451":9,"452":9,"453":4,"454":9,"455":4,"456":9,"457":1,"458":1,"459":468,"460":416,"461":1,"462":468,"463":1,"464":4,"465":4,"466":208,"467":208,"468":4,"469":52,"470":1,"471":4,"472":4,"473":208,"474":208,"475":4,"476":52,"477":1,"478":1,"479":1,"480":1,"481":1,"482":1,"483":1,"484":1,"485":1,"486":1,"487":2,"488":2,"489":0,"490":2,"491":1,"492":1,"493":1,"494":1,"495":1,"496":365,"497":365,"498":365,"499":7,"500":358,"501":1,"502":357,"503":110,"504":247,"505":70,"506":177,"507":177,"508":364,"509":1,"510":12,"511":1,"512":32,"513":32,"514":44,"515":30,"516":2,"517":1,"518":1,"519":1,"520":64,"521":1,"522":177,"523":177,"524":89,"525":53,"526":53,"527":36,"528":23,"529":13,"530":88,"531":1,"532":70,"533":20,"534":50,"535":50,"536":50,"537":75,"538":50,"539":1,"540":363,"541":1,"542":1,"543":1,"544":363,"545":1,"546":363,"547":363,"548":649,"549":363,"550":1,"551":1,"552":1,"553":1,"554":1,"555":6,"556":6,"557":8,"558":7,"559":21,"560":17,"561":6,"562":1,"563":4,"564":4,"565":5,"566":4,"567":1,"568":2,"569":1,"570":1,"571":1,"572":3,"573":3,"574":11,"575":9,"576":3,"577":1,"578":4,"579":1,"580":1,"581":1,"582":14,"583":1,"584":1,"585":1,"586":1,"587":1,"588":9,"589":1,"590":114,"591":1,"592":278,"593":278,"594":273,"595":405,"596":5,"597":278,"598":1,"599":3,"600":16,"601":3,"602":16,"603":16,"604":82,"605":3,"606":1},"b":{"1":[0,1],"2":[1,0],"3":[0,1],"4":[1,0],"5":[1,0],"6":[0,0],"7":[0,0],"8":[19,19],"9":[0,19],"10":[0,0],"11":[0,0],"12":[0,0],"13":[0,0],"14":[36,0],"15":[1,0],"16":[1,0],"17":[2,1],"18":[3,9],"19":[12,8],"20":[1,2],"21":[2,1],"22":[5,9],"23":[7,1],"24":[8,7],"25":[3,0],"26":[3,3],"27":[5,0],"28":[5,5],"29":[1,55],"30":[56,56,56],"31":[54,1],"32":[1,0],"33":[2,1],"34":[12,2],"35":[3,9],"36":[0,3],"37":[2,1],"38":[1,1],"39":[1,0],"40":[9,1],"41":[10,1],"42":[2,7],"43":[9,7],"44":[0,2],"45":[1,1],"46":[2,1],"47":[9,7],"48":[2,6],"49":[8,6],"50":[0,2],"51":[1,1],"52":[2,1],"53":[36,26],"54":[17,19],"55":[1,18],"56":[1,17],"57":[26,10],"58":[37,12],"59":[8,29],"60":[20,9],"61":[1,8],"62":[12,6],"63":[45,12],"64":[9,36],"65":[25,11],"66":[1,10],"67":[12,8],"68":[34,9],"69":[6,28],"70":[19,9],"71":[1,8],"72":[9,6],"73":[9,25],"74":[0,25],"75":[25,0],"76":[1,4],"77":[8,0],"78":[1,1],"79":[1,1],"80":[32,19],"81":[57,3],"82":[57,53],"83":[0,73],"84":[73,25],"85":[25,48],"86":[73,73],"87":[73,73],"88":[11,4],"89":[3,12],"90":[17,5],"91":[17,15],"92":[228,178,70,21,52,15,52,9],"93":[52,52],"94":[52,52],"95":[4,21],"96":[25,5,4,4],"97":[3,18],"98":[5,40],"99":[5,40],"100":[0,45],"101":[4,41],"102":[53,4],"103":[57,52,52],"104":[4,0],"105":[0,52],"106":[52,52],"107":[4,0],"108":[4,59],"109":[63,10],"110":[17,81],"111":[12,5],"112":[98,18],"113":[7,0],"114":[45,0],"115":[45,15,0],"116":[135,0],"117":[3,42],"118":[27,25],"119":[27,0],"120":[27,27],"121":[26,1],"122":[27,5],"123":[5,1],"124":[0,0],"125":[0,0,0],"126":[54,1],"127":[1,0],"128":[1,0],"129":[5,12],"130":[1,4],"131":[2,3],"132":[5,4],"133":[9,0],"134":[4,5],"135":[9,5],"136":[4,5],"137":[9,4],"138":[1,1],"139":[1,1],"140":[416,52],"141":[2,0],"142":[2,2],"143":[14,351],"144":[7,358],"145":[1,357],"146":[110,247],"147":[70,177],"148":[1,176],"149":[12,164],"150":[1,363],"151":[46,45],"152":[30,14],"153":[1,0],"154":[1,1,1,1,0,0],"155":[89,88],"156":[177,89],"157":[53,36],"158":[52,1],"159":[41,12],"160":[23,13],"161":[20,50],"162":[1,362],"163":[7,1],"164":[17,4],"165":[21,10,10],"166":[9,2],"167":[11,5,5],"168":[75,39],"169":[114,40],"170":[273,5],"171":[278,273],"172":[16,0]},"f":{"1":1,"2":1,"3":1,"4":1,"5":38,"6":36,"7":1,"8":1,"9":3,"10":5,"11":25,"12":11,"13":1,"14":12,"15":14,"16":2,"17":3,"18":1,"19":8,"20":8,"21":8,"22":3,"23":4,"24":4,"25":5,"26":6,"27":6,"28":4,"29":6,"30":1,"31":56,"32":1,"33":2,"34":14,"35":7,"36":1,"37":14,"38":9,"39":1,"40":9,"41":9,"42":8,"43":8,"44":1,"45":62,"46":49,"47":57,"48":43,"49":4,"50":34,"51":51,"52":1,"53":5,"54":2,"55":3,"56":5,"57":8,"58":3,"59":2,"60":1,"61":2,"62":1,"63":1,"64":51,"65":57,"66":73,"67":15,"68":17,"69":25,"70":228,"71":52,"72":0,"73":0,"74":45,"75":57,"76":4,"77":52,"78":4,"79":63,"80":98,"81":7,"82":57,"83":45,"84":1,"85":0,"86":7,"87":5,"88":45,"89":135,"90":8,"91":27,"92":0,"93":0,"94":1,"95":55,"96":1,"97":0,"98":1,"99":17,"100":11,"101":1,"102":1,"103":9,"104":468,"105":468,"106":4,"107":4,"108":1,"109":1,"110":1,"111":2,"112":1,"113":365,"114":12,"115":32,"116":1,"117":64,"118":177,"119":70,"120":363,"121":363,"122":1,"123":6,"124":8,"125":21,"126":4,"127":5,"128":2,"129":1,"130":3,"131":11,"132":4,"133":1,"134":14,"135":1,"136":9,"137":114,"138":278,"139":3,"140":16},"fnMap":{"1":{"name":"(anonymous_1)","line":1,"loc":{"start":{"line":1,"column":1},"end":{"line":1,"column":13}}},"2":{"name":"(anonymous_2)","line":1,"loc":{"start":{"line":1,"column":20},"end":{"line":1,"column":30}}},"3":{"name":"(anonymous_3)","line":1,"loc":{"start":{"line":1,"column":317},"end":{"line":1,"column":327}}},"4":{"name":"e","line":1,"loc":{"start":{"line":1,"column":362},"end":{"line":1,"column":379}}},"5":{"name":"s","line":1,"loc":{"start":{"line":1,"column":365},"end":{"line":1,"column":395}}},"6":{"name":"(anonymous_6)","line":1,"loc":{"start":{"line":1,"column":595},"end":{"line":1,"column":606}}},"7":{"name":"(anonymous_7)","line":1,"loc":{"start":{"line":1,"column":774},"end":{"line":1,"column":806}}},"8":{"name":"(anonymous_8)","line":44,"loc":{"start":{"line":44,"column":235},"end":{"line":44,"column":267}}},"9":{"name":"filter","line":53,"loc":{"start":{"line":53,"column":0},"end":{"line":53,"column":35}}},"10":{"name":"(anonymous_10)","line":54,"loc":{"start":{"line":54,"column":61},"end":{"line":54,"column":79}}},"11":{"name":"forEach","line":59,"loc":{"start":{"line":59,"column":0},"end":{"line":59,"column":36}}},"12":{"name":"reverse","line":67,"loc":{"start":{"line":67,"column":0},"end":{"line":67,"column":19}}},"13":{"name":"(anonymous_13)","line":92,"loc":{"start":{"line":92,"column":36},"end":{"line":92,"column":68}}},"14":{"name":"attr","line":96,"loc":{"start":{"line":96,"column":0},"end":{"line":96,"column":26}}},"15":{"name":"(anonymous_15)","line":101,"loc":{"start":{"line":101,"column":13},"end":{"line":101,"column":31}}},"16":{"name":"removeAttr","line":112,"loc":{"start":{"line":112,"column":0},"end":{"line":112,"column":25}}},"17":{"name":"(anonymous_17)","line":113,"loc":{"start":{"line":113,"column":13},"end":{"line":113,"column":31}}},"18":{"name":"(anonymous_18)","line":126,"loc":{"start":{"line":126,"column":20},"end":{"line":126,"column":52}}},"19":{"name":"addClass","line":132,"loc":{"start":{"line":132,"column":0},"end":{"line":132,"column":25}}},"20":{"name":"(anonymous_20)","line":134,"loc":{"start":{"line":134,"column":27},"end":{"line":134,"column":47}}},"21":{"name":"(anonymous_21)","line":135,"loc":{"start":{"line":135,"column":17},"end":{"line":135,"column":35}}},"22":{"name":"removeClass","line":142,"loc":{"start":{"line":142,"column":0},"end":{"line":142,"column":28}}},"23":{"name":"(anonymous_23)","line":144,"loc":{"start":{"line":144,"column":27},"end":{"line":144,"column":47}}},"24":{"name":"(anonymous_24)","line":145,"loc":{"start":{"line":145,"column":17},"end":{"line":145,"column":35}}},"25":{"name":"toggleClass","line":152,"loc":{"start":{"line":152,"column":0},"end":{"line":152,"column":28}}},"26":{"name":"(anonymous_26)","line":154,"loc":{"start":{"line":154,"column":27},"end":{"line":154,"column":47}}},"27":{"name":"(anonymous_27)","line":155,"loc":{"start":{"line":155,"column":17},"end":{"line":155,"column":35}}},"28":{"name":"hasClass","line":162,"loc":{"start":{"line":162,"column":0},"end":{"line":162,"column":25}}},"29":{"name":"(anonymous_29)","line":163,"loc":{"start":{"line":163,"column":33},"end":{"line":163,"column":51}}},"30":{"name":"(anonymous_30)","line":177,"loc":{"start":{"line":177,"column":20},"end":{"line":177,"column":52}}},"31":{"name":"contains","line":180,"loc":{"start":{"line":180,"column":0},"end":{"line":180,"column":38}}},"32":{"name":"(anonymous_32)","line":197,"loc":{"start":{"line":197,"column":9},"end":{"line":197,"column":41}}},"33":{"name":"isNumeric","line":201,"loc":{"start":{"line":201,"column":0},"end":{"line":201,"column":26}}},"34":{"name":"camelize","line":204,"loc":{"start":{"line":204,"column":0},"end":{"line":204,"column":25}}},"35":{"name":"(anonymous_35)","line":205,"loc":{"start":{"line":205,"column":39},"end":{"line":205,"column":65}}},"36":{"name":"dasherize","line":209,"loc":{"start":{"line":209,"column":0},"end":{"line":209,"column":26}}},"37":{"name":"css","line":212,"loc":{"start":{"line":212,"column":0},"end":{"line":212,"column":25}}},"38":{"name":"(anonymous_38)","line":236,"loc":{"start":{"line":236,"column":13},"end":{"line":236,"column":31}}},"39":{"name":"(anonymous_39)","line":254,"loc":{"start":{"line":254,"column":20},"end":{"line":254,"column":52}}},"40":{"name":"data","line":259,"loc":{"start":{"line":259,"column":0},"end":{"line":259,"column":26}}},"41":{"name":"(anonymous_41)","line":264,"loc":{"start":{"line":264,"column":13},"end":{"line":264,"column":31}}},"42":{"name":"prop","line":270,"loc":{"start":{"line":270,"column":0},"end":{"line":270,"column":26}}},"43":{"name":"(anonymous_43)","line":275,"loc":{"start":{"line":275,"column":13},"end":{"line":275,"column":31}}},"44":{"name":"(anonymous_44)","line":288,"loc":{"start":{"line":288,"column":20},"end":{"line":288,"column":52}}},"45":{"name":"append","line":292,"loc":{"start":{"line":292,"column":0},"end":{"line":292,"column":25}}},"46":{"name":"prepend","line":313,"loc":{"start":{"line":313,"column":0},"end":{"line":313,"column":26}}},"47":{"name":"before","line":334,"loc":{"start":{"line":334,"column":0},"end":{"line":334,"column":25}}},"48":{"name":"after","line":355,"loc":{"start":{"line":355,"column":0},"end":{"line":355,"column":24}}},"49":{"name":"clone","line":376,"loc":{"start":{"line":376,"column":0},"end":{"line":376,"column":17}}},"50":{"name":"_clone","line":379,"loc":{"start":{"line":379,"column":0},"end":{"line":379,"column":25}}},"51":{"name":"(anonymous_51)","line":385,"loc":{"start":{"line":385,"column":32},"end":{"line":385,"column":45}}},"52":{"name":"(anonymous_52)","line":402,"loc":{"start":{"line":402,"column":20},"end":{"line":402,"column":52}}},"53":{"name":"appendTo","line":411,"loc":{"start":{"line":411,"column":0},"end":{"line":411,"column":27}}},"54":{"name":"empty","line":416,"loc":{"start":{"line":416,"column":0},"end":{"line":416,"column":17}}},"55":{"name":"(anonymous_55)","line":417,"loc":{"start":{"line":417,"column":20},"end":{"line":417,"column":38}}},"56":{"name":"remove","line":421,"loc":{"start":{"line":421,"column":0},"end":{"line":421,"column":18}}},"57":{"name":"(anonymous_57)","line":422,"loc":{"start":{"line":422,"column":20},"end":{"line":422,"column":38}}},"58":{"name":"replaceWith","line":428,"loc":{"start":{"line":428,"column":0},"end":{"line":428,"column":23}}},"59":{"name":"text","line":431,"loc":{"start":{"line":431,"column":0},"end":{"line":431,"column":21}}},"60":{"name":"(anonymous_60)","line":435,"loc":{"start":{"line":435,"column":13},"end":{"line":435,"column":31}}},"61":{"name":"val","line":440,"loc":{"start":{"line":440,"column":0},"end":{"line":440,"column":20}}},"62":{"name":"(anonymous_62)","line":444,"loc":{"start":{"line":444,"column":13},"end":{"line":444,"column":31}}},"63":{"name":"(anonymous_63)","line":461,"loc":{"start":{"line":461,"column":47},"end":{"line":461,"column":79}}},"64":{"name":"on","line":468,"loc":{"start":{"line":468,"column":0},"end":{"line":468,"column":55}}},"65":{"name":"(anonymous_65)","line":476,"loc":{"start":{"line":476,"column":32},"end":{"line":476,"column":52}}},"66":{"name":"(anonymous_66)","line":481,"loc":{"start":{"line":481,"column":15},"end":{"line":481,"column":33}}},"67":{"name":"off","line":500,"loc":{"start":{"line":500,"column":0},"end":{"line":500,"column":15}}},"68":{"name":"(anonymous_68)","line":512,"loc":{"start":{"line":512,"column":32},"end":{"line":512,"column":52}}},"69":{"name":"(anonymous_69)","line":516,"loc":{"start":{"line":516,"column":15},"end":{"line":516,"column":33}}},"70":{"name":"(anonymous_70)","line":518,"loc":{"start":{"line":518,"column":27},"end":{"line":518,"column":42}}},"71":{"name":"(anonymous_71)","line":520,"loc":{"start":{"line":520,"column":10},"end":{"line":520,"column":25}}},"72":{"name":"delegate","line":533,"loc":{"start":{"line":533,"column":0},"end":{"line":533,"column":48}}},"73":{"name":"undelegate","line":536,"loc":{"start":{"line":536,"column":0},"end":{"line":536,"column":50}}},"74":{"name":"trigger","line":539,"loc":{"start":{"line":539,"column":0},"end":{"line":539,"column":29}}},"75":{"name":"(anonymous_75)","line":547,"loc":{"start":{"line":547,"column":13},"end":{"line":547,"column":31}}},"76":{"name":"triggerHandler","line":556,"loc":{"start":{"line":556,"column":0},"end":{"line":556,"column":36}}},"77":{"name":"isAttachedToDocument","line":564,"loc":{"start":{"line":564,"column":0},"end":{"line":564,"column":39}}},"78":{"name":"triggerForPath","line":570,"loc":{"start":{"line":570,"column":0},"end":{"line":570,"column":39}}},"79":{"name":"dispatchEvent","line":580,"loc":{"start":{"line":580,"column":0},"end":{"line":580,"column":39}}},"80":{"name":"getHandlers","line":591,"loc":{"start":{"line":591,"column":0},"end":{"line":591,"column":30}}},"81":{"name":"clearHandlers","line":598,"loc":{"start":{"line":598,"column":0},"end":{"line":598,"column":32}}},"82":{"name":"proxyHandler","line":606,"loc":{"start":{"line":606,"column":0},"end":{"line":606,"column":31}}},"83":{"name":"(anonymous_83)","line":607,"loc":{"start":{"line":607,"column":9},"end":{"line":607,"column":25}}},"84":{"name":"(anonymous_84)","line":611,"loc":{"start":{"line":611,"column":20},"end":{"line":611,"column":31}}},"85":{"name":"(anonymous_85)","line":618,"loc":{"start":{"line":618,"column":14},"end":{"line":618,"column":25}}},"86":{"name":"(anonymous_86)","line":619,"loc":{"start":{"line":619,"column":20},"end":{"line":619,"column":31}}},"87":{"name":"(anonymous_87)","line":622,"loc":{"start":{"line":622,"column":21},"end":{"line":622,"column":32}}},"88":{"name":"(anonymous_88)","line":625,"loc":{"start":{"line":625,"column":9},"end":{"line":625,"column":25}}},"89":{"name":"(anonymous_89)","line":628,"loc":{"start":{"line":628,"column":9},"end":{"line":628,"column":62}}},"90":{"name":"(anonymous_90)","line":629,"loc":{"start":{"line":629,"column":30},"end":{"line":629,"column":41}}},"91":{"name":"delegateHandler","line":643,"loc":{"start":{"line":643,"column":0},"end":{"line":643,"column":51}}},"92":{"name":"hoverHandler","line":656,"loc":{"start":{"line":656,"column":0},"end":{"line":656,"column":31}}},"93":{"name":"(anonymous_93)","line":657,"loc":{"start":{"line":657,"column":9},"end":{"line":657,"column":25}}},"94":{"name":"(anonymous_94)","line":664,"loc":{"start":{"line":664,"column":1},"end":{"line":664,"column":12}}},"95":{"name":"CustomEvent","line":665,"loc":{"start":{"line":665,"column":2},"end":{"line":665,"column":30}}},"96":{"name":"(anonymous_96)","line":678,"loc":{"start":{"line":678,"column":37},"end":{"line":678,"column":48}}},"97":{"name":"(anonymous_97)","line":685,"loc":{"start":{"line":685,"column":33},"end":{"line":685,"column":44}}},"98":{"name":"(anonymous_98)","line":708,"loc":{"start":{"line":708,"column":37},"end":{"line":708,"column":69}}},"99":{"name":"html","line":712,"loc":{"start":{"line":712,"column":0},"end":{"line":712,"column":24}}},"100":{"name":"(anonymous_100)","line":717,"loc":{"start":{"line":717,"column":13},"end":{"line":717,"column":31}}},"101":{"name":"(anonymous_101)","line":729,"loc":{"start":{"line":729,"column":21},"end":{"line":729,"column":53}}},"102":{"name":"(anonymous_102)","line":740,"loc":{"start":{"line":740,"column":19},"end":{"line":740,"column":51}}},"103":{"name":"native","line":745,"loc":{"start":{"line":745,"column":0},"end":{"line":745,"column":18}}},"104":{"name":"augment","line":762,"loc":{"start":{"line":762,"column":0},"end":{"line":762,"column":34}}},"105":{"name":"(anonymous_105)","line":771,"loc":{"start":{"line":771,"column":17},"end":{"line":771,"column":36}}},"106":{"name":"augmentNativePrototypes","line":774,"loc":{"start":{"line":774,"column":0},"end":{"line":774,"column":63}}},"107":{"name":"unaugmentNativePrototypes","line":784,"loc":{"start":{"line":784,"column":0},"end":{"line":784,"column":65}}},"108":{"name":"(anonymous_108)","line":802,"loc":{"start":{"line":802,"column":21},"end":{"line":802,"column":53}}},"109":{"name":"noConflict","line":807,"loc":{"start":{"line":807,"column":0},"end":{"line":807,"column":22}}},"110":{"name":"(anonymous_110)","line":818,"loc":{"start":{"line":818,"column":21},"end":{"line":818,"column":53}}},"111":{"name":"ready","line":821,"loc":{"start":{"line":821,"column":0},"end":{"line":821,"column":24}}},"112":{"name":"(anonymous_112)","line":836,"loc":{"start":{"line":836,"column":10},"end":{"line":836,"column":42}}},"113":{"name":"$","line":847,"loc":{"start":{"line":847,"column":0},"end":{"line":847,"column":21}}},"114":{"name":"find","line":864,"loc":{"start":{"line":864,"column":0},"end":{"line":864,"column":24}}},"115":{"name":"closest","line":867,"loc":{"start":{"line":867,"column":0},"end":{"line":867,"column":36}}},"116":{"name":"(anonymous_116)","line":876,"loc":{"start":{"line":876,"column":15},"end":{"line":876,"column":26}}},"117":{"name":"(anonymous_117)","line":879,"loc":{"start":{"line":879,"column":9},"end":{"line":879,"column":37}}},"118":{"name":"querySelector","line":883,"loc":{"start":{"line":883,"column":0},"end":{"line":883,"column":42}}},"119":{"name":"createFragment","line":897,"loc":{"start":{"line":897,"column":0},"end":{"line":897,"column":30}}},"120":{"name":"wrap","line":911,"loc":{"start":{"line":911,"column":0},"end":{"line":911,"column":26}}},"121":{"name":"Wrapper","line":919,"loc":{"start":{"line":919,"column":0},"end":{"line":919,"column":29}}},"122":{"name":"(anonymous_122)","line":937,"loc":{"start":{"line":937,"column":21},"end":{"line":937,"column":53}}},"123":{"name":"children","line":946,"loc":{"start":{"line":946,"column":0},"end":{"line":946,"column":28}}},"124":{"name":"(anonymous_124)","line":948,"loc":{"start":{"line":948,"column":13},"end":{"line":948,"column":31}}},"125":{"name":"(anonymous_125)","line":950,"loc":{"start":{"line":950,"column":29},"end":{"line":950,"column":45}}},"126":{"name":"contents","line":959,"loc":{"start":{"line":959,"column":0},"end":{"line":959,"column":20}}},"127":{"name":"(anonymous_127)","line":961,"loc":{"start":{"line":961,"column":13},"end":{"line":961,"column":31}}},"128":{"name":"eq","line":966,"loc":{"start":{"line":966,"column":0},"end":{"line":966,"column":19}}},"129":{"name":"get","line":969,"loc":{"start":{"line":969,"column":0},"end":{"line":969,"column":20}}},"130":{"name":"parent","line":972,"loc":{"start":{"line":972,"column":0},"end":{"line":972,"column":26}}},"131":{"name":"(anonymous_131)","line":974,"loc":{"start":{"line":974,"column":13},"end":{"line":974,"column":31}}},"132":{"name":"slice","line":981,"loc":{"start":{"line":981,"column":0},"end":{"line":981,"column":27}}},"133":{"name":"(anonymous_133)","line":996,"loc":{"start":{"line":996,"column":37},"end":{"line":996,"column":69}}},"134":{"name":"isFunction","line":999,"loc":{"start":{"line":999,"column":0},"end":{"line":999,"column":25}}},"135":{"name":"(anonymous_135)","line":1011,"loc":{"start":{"line":1011,"column":10},"end":{"line":1011,"column":42}}},"136":{"name":"(anonymous_136)","line":1016,"loc":{"start":{"line":1016,"column":15},"end":{"line":1016,"column":36}}},"137":{"name":"(anonymous_137)","line":1019,"loc":{"start":{"line":1019,"column":20},"end":{"line":1019,"column":38}}},"138":{"name":"each","line":1022,"loc":{"start":{"line":1022,"column":0},"end":{"line":1022,"column":45}}},"139":{"name":"extend","line":1033,"loc":{"start":{"line":1033,"column":0},"end":{"line":1033,"column":24}}},"140":{"name":"(anonymous_140)","line":1037,"loc":{"start":{"line":1037,"column":18},"end":{"line":1037,"column":32}}}},"statementMap":{"1":{"start":{"line":1,"column":0},"end":{"line":1059,"column":3}},"2":{"start":{"line":1,"column":14},"end":{"line":1,"column":55}},"3":{"start":{"line":1,"column":31},"end":{"line":1,"column":53}},"4":{"start":{"line":1,"column":55},"end":{"line":1,"column":315}},"5":{"start":{"line":1,"column":111},"end":{"line":1,"column":130}},"6":{"start":{"line":1,"column":135},"end":{"line":1,"column":315}},"7":{"start":{"line":1,"column":176},"end":{"line":1,"column":189}},"8":{"start":{"line":1,"column":194},"end":{"line":1,"column":200}},"9":{"start":{"line":1,"column":200},"end":{"line":1,"column":314}},"10":{"start":{"line":1,"column":328},"end":{"line":1,"column":354}},"11":{"start":{"line":1,"column":354},"end":{"line":1059,"column":0}},"12":{"start":{"line":1,"column":365},"end":{"line":1,"column":682}},"13":{"start":{"line":1,"column":396},"end":{"line":1,"column":662}},"14":{"start":{"line":1,"column":406},"end":{"line":1,"column":548}},"15":{"start":{"line":1,"column":416},"end":{"line":1,"column":458}},"16":{"start":{"line":1,"column":458},"end":{"line":1,"column":482}},"17":{"start":{"line":1,"column":467},"end":{"line":1,"column":482}},"18":{"start":{"line":1,"column":482},"end":{"line":1,"column":502}},"19":{"start":{"line":1,"column":487},"end":{"line":1,"column":502}},"20":{"start":{"line":1,"column":502},"end":{"line":1,"column":547}},"21":{"start":{"line":1,"column":548},"end":{"line":1,"column":572}},"22":{"start":{"line":1,"column":572},"end":{"line":1,"column":661}},"23":{"start":{"line":1,"column":607},"end":{"line":1,"column":624}},"24":{"start":{"line":1,"column":624},"end":{"line":1,"column":639}},"25":{"start":{"line":1,"column":662},"end":{"line":1,"column":681}},"26":{"start":{"line":1,"column":682},"end":{"line":1,"column":724}},"27":{"start":{"line":1,"column":724},"end":{"line":1,"column":759}},"28":{"start":{"line":1,"column":751},"end":{"line":1,"column":759}},"29":{"start":{"line":1,"column":759},"end":{"line":1,"column":767}},"30":{"start":{"line":3,"column":0},"end":{"line":3,"column":29}},"31":{"start":{"line":4,"column":0},"end":{"line":4,"column":38}},"32":{"start":{"line":5,"column":0},"end":{"line":7,"column":11}},"33":{"start":{"line":8,"column":0},"end":{"line":8,"column":31}},"34":{"start":{"line":9,"column":0},"end":{"line":9,"column":29}},"35":{"start":{"line":10,"column":0},"end":{"line":10,"column":32}},"36":{"start":{"line":11,"column":0},"end":{"line":11,"column":37}},"37":{"start":{"line":12,"column":0},"end":{"line":12,"column":27}},"38":{"start":{"line":13,"column":0},"end":{"line":13,"column":29}},"39":{"start":{"line":14,"column":0},"end":{"line":14,"column":27}},"40":{"start":{"line":15,"column":0},"end":{"line":15,"column":39}},"41":{"start":{"line":16,"column":0},"end":{"line":16,"column":31}},"42":{"start":{"line":17,"column":0},"end":{"line":17,"column":29}},"43":{"start":{"line":18,"column":0},"end":{"line":18,"column":29}},"44":{"start":{"line":19,"column":0},"end":{"line":19,"column":41}},"45":{"start":{"line":20,"column":0},"end":{"line":20,"column":31}},"46":{"start":{"line":21,"column":0},"end":{"line":21,"column":37}},"47":{"start":{"line":22,"column":0},"end":{"line":22,"column":49}},"48":{"start":{"line":23,"column":0},"end":{"line":23,"column":29}},"49":{"start":{"line":24,"column":0},"end":{"line":29,"column":1}},"50":{"start":{"line":25,"column":2},"end":{"line":25,"column":17}},"51":{"start":{"line":26,"column":2},"end":{"line":26,"column":31}},"52":{"start":{"line":27,"column":2},"end":{"line":27,"column":27}},"53":{"start":{"line":28,"column":2},"end":{"line":28,"column":33}},"54":{"start":{"line":30,"column":0},"end":{"line":30,"column":44}},"55":{"start":{"line":31,"column":0},"end":{"line":31,"column":96}},"56":{"start":{"line":32,"column":0},"end":{"line":32,"column":27}},"57":{"start":{"line":33,"column":0},"end":{"line":33,"column":20}},"58":{"start":{"line":34,"column":0},"end":{"line":34,"column":18}},"59":{"start":{"line":35,"column":0},"end":{"line":35,"column":11}},"60":{"start":{"line":36,"column":0},"end":{"line":36,"column":23}},"61":{"start":{"line":37,"column":0},"end":{"line":37,"column":19}},"62":{"start":{"line":38,"column":0},"end":{"line":41,"column":2}},"63":{"start":{"line":46,"column":0},"end":{"line":46,"column":31}},"64":{"start":{"line":47,"column":0},"end":{"line":47,"column":35}},"65":{"start":{"line":48,"column":0},"end":{"line":50,"column":27}},"66":{"start":{"line":51,"column":0},"end":{"line":51,"column":33}},"67":{"start":{"line":52,"column":0},"end":{"line":52,"column":29}},"68":{"start":{"line":53,"column":0},"end":{"line":58,"column":1}},"69":{"start":{"line":54,"column":2},"end":{"line":56,"column":4}},"70":{"start":{"line":55,"column":4},"end":{"line":55,"column":38}},"71":{"start":{"line":57,"column":2},"end":{"line":57,"column":60}},"72":{"start":{"line":59,"column":0},"end":{"line":61,"column":1}},"73":{"start":{"line":60,"column":2},"end":{"line":60,"column":40}},"74":{"start":{"line":62,"column":0},"end":{"line":62,"column":19}},"75":{"start":{"line":63,"column":0},"end":{"line":63,"column":33}},"76":{"start":{"line":64,"column":0},"end":{"line":64,"column":25}},"77":{"start":{"line":65,"column":0},"end":{"line":65,"column":25}},"78":{"start":{"line":66,"column":0},"end":{"line":66,"column":27}},"79":{"start":{"line":67,"column":0},"end":{"line":70,"column":1}},"80":{"start":{"line":68,"column":2},"end":{"line":68,"column":45}},"81":{"start":{"line":69,"column":2},"end":{"line":69,"column":46}},"82":{"start":{"line":71,"column":0},"end":{"line":71,"column":29}},"83":{"start":{"line":72,"column":0},"end":{"line":72,"column":27}},"84":{"start":{"line":73,"column":0},"end":{"line":73,"column":33}},"85":{"start":{"line":75,"column":0},"end":{"line":89,"column":2}},"86":{"start":{"line":94,"column":0},"end":{"line":94,"column":30}},"87":{"start":{"line":95,"column":0},"end":{"line":95,"column":34}},"88":{"start":{"line":96,"column":0},"end":{"line":111,"column":1}},"89":{"start":{"line":97,"column":2},"end":{"line":100,"column":3}},"90":{"start":{"line":98,"column":4},"end":{"line":98,"column":49}},"91":{"start":{"line":99,"column":4},"end":{"line":99,"column":59}},"92":{"start":{"line":101,"column":2},"end":{"line":109,"column":5}},"93":{"start":{"line":102,"column":4},"end":{"line":108,"column":5}},"94":{"start":{"line":103,"column":6},"end":{"line":105,"column":7}},"95":{"start":{"line":104,"column":8},"end":{"line":104,"column":46}},"96":{"start":{"line":107,"column":6},"end":{"line":107,"column":39}},"97":{"start":{"line":110,"column":2},"end":{"line":110,"column":14}},"98":{"start":{"line":112,"column":0},"end":{"line":117,"column":1}},"99":{"start":{"line":113,"column":2},"end":{"line":115,"column":5}},"100":{"start":{"line":114,"column":4},"end":{"line":114,"column":33}},"101":{"start":{"line":116,"column":2},"end":{"line":116,"column":14}},"102":{"start":{"line":119,"column":0},"end":{"line":123,"column":2}},"103":{"start":{"line":128,"column":0},"end":{"line":128,"column":31}},"104":{"start":{"line":129,"column":0},"end":{"line":131,"column":21}},"105":{"start":{"line":132,"column":0},"end":{"line":141,"column":1}},"106":{"start":{"line":133,"column":2},"end":{"line":139,"column":3}},"107":{"start":{"line":134,"column":4},"end":{"line":138,"column":18}},"108":{"start":{"line":135,"column":6},"end":{"line":137,"column":9}},"109":{"start":{"line":136,"column":8},"end":{"line":136,"column":41}},"110":{"start":{"line":140,"column":2},"end":{"line":140,"column":14}},"111":{"start":{"line":142,"column":0},"end":{"line":151,"column":1}},"112":{"start":{"line":143,"column":2},"end":{"line":149,"column":3}},"113":{"start":{"line":144,"column":4},"end":{"line":148,"column":18}},"114":{"start":{"line":145,"column":6},"end":{"line":147,"column":9}},"115":{"start":{"line":146,"column":8},"end":{"line":146,"column":44}},"116":{"start":{"line":150,"column":2},"end":{"line":150,"column":14}},"117":{"start":{"line":152,"column":0},"end":{"line":161,"column":1}},"118":{"start":{"line":153,"column":2},"end":{"line":159,"column":3}},"119":{"start":{"line":154,"column":4},"end":{"line":158,"column":18}},"120":{"start":{"line":155,"column":6},"end":{"line":157,"column":9}},"121":{"start":{"line":156,"column":8},"end":{"line":156,"column":44}},"122":{"start":{"line":160,"column":2},"end":{"line":160,"column":14}},"123":{"start":{"line":162,"column":0},"end":{"line":166,"column":1}},"124":{"start":{"line":163,"column":2},"end":{"line":165,"column":5}},"125":{"start":{"line":164,"column":4},"end":{"line":164,"column":45}},"126":{"start":{"line":168,"column":0},"end":{"line":174,"column":2}},"127":{"start":{"line":179,"column":0},"end":{"line":179,"column":34}},"128":{"start":{"line":180,"column":0},"end":{"line":189,"column":1}},"129":{"start":{"line":181,"column":2},"end":{"line":187,"column":3}},"130":{"start":{"line":182,"column":4},"end":{"line":182,"column":17}},"131":{"start":{"line":183,"column":9},"end":{"line":187,"column":3}},"132":{"start":{"line":184,"column":4},"end":{"line":184,"column":39}},"133":{"start":{"line":185,"column":9},"end":{"line":187,"column":3}},"134":{"start":{"line":186,"column":4},"end":{"line":186,"column":95}},"135":{"start":{"line":188,"column":2},"end":{"line":188,"column":15}},"136":{"start":{"line":191,"column":0},"end":{"line":194,"column":2}},"137":{"start":{"line":199,"column":0},"end":{"line":199,"column":29}},"138":{"start":{"line":200,"column":0},"end":{"line":200,"column":34}},"139":{"start":{"line":201,"column":0},"end":{"line":203,"column":1}},"140":{"start":{"line":202,"column":2},"end":{"line":202,"column":54}},"141":{"start":{"line":204,"column":0},"end":{"line":208,"column":1}},"142":{"start":{"line":205,"column":2},"end":{"line":207,"column":5}},"143":{"start":{"line":206,"column":4},"end":{"line":206,"column":32}},"144":{"start":{"line":209,"column":0},"end":{"line":211,"column":1}},"145":{"start":{"line":210,"column":2},"end":{"line":210,"column":67}},"146":{"start":{"line":212,"column":0},"end":{"line":246,"column":1}},"147":{"start":{"line":213,"column":2},"end":{"line":215,"column":10}},"148":{"start":{"line":216,"column":2},"end":{"line":235,"column":3}},"149":{"start":{"line":217,"column":4},"end":{"line":217,"column":24}},"150":{"start":{"line":218,"column":4},"end":{"line":225,"column":5}},"151":{"start":{"line":219,"column":6},"end":{"line":219,"column":51}},"152":{"start":{"line":220,"column":6},"end":{"line":223,"column":7}},"153":{"start":{"line":221,"column":8},"end":{"line":221,"column":33}},"154":{"start":{"line":222,"column":8},"end":{"line":222,"column":59}},"155":{"start":{"line":224,"column":6},"end":{"line":224,"column":23}},"156":{"start":{"line":226,"column":4},"end":{"line":226,"column":20}},"157":{"start":{"line":227,"column":4},"end":{"line":227,"column":28}},"158":{"start":{"line":229,"column":4},"end":{"line":229,"column":21}},"159":{"start":{"line":230,"column":4},"end":{"line":234,"column":5}},"160":{"start":{"line":231,"column":6},"end":{"line":231,"column":29}},"161":{"start":{"line":232,"column":6},"end":{"line":232,"column":30}},"162":{"start":{"line":233,"column":6},"end":{"line":233,"column":39}},"163":{"start":{"line":236,"column":2},"end":{"line":244,"column":5}},"164":{"start":{"line":237,"column":4},"end":{"line":243,"column":5}},"165":{"start":{"line":238,"column":6},"end":{"line":242,"column":7}},"166":{"start":{"line":239,"column":8},"end":{"line":239,"column":47}},"167":{"start":{"line":241,"column":8},"end":{"line":241,"column":54}},"168":{"start":{"line":245,"column":2},"end":{"line":245,"column":14}},"169":{"start":{"line":248,"column":0},"end":{"line":251,"column":2}},"170":{"start":{"line":256,"column":0},"end":{"line":256,"column":30}},"171":{"start":{"line":257,"column":0},"end":{"line":257,"column":34}},"172":{"start":{"line":258,"column":0},"end":{"line":258,"column":39}},"173":{"start":{"line":259,"column":0},"end":{"line":269,"column":1}},"174":{"start":{"line":260,"column":2},"end":{"line":263,"column":3}},"175":{"start":{"line":261,"column":4},"end":{"line":261,"column":49}},"176":{"start":{"line":262,"column":4},"end":{"line":262,"column":83}},"177":{"start":{"line":264,"column":2},"end":{"line":267,"column":5}},"178":{"start":{"line":265,"column":4},"end":{"line":265,"column":54}},"179":{"start":{"line":266,"column":4},"end":{"line":266,"column":38}},"180":{"start":{"line":268,"column":2},"end":{"line":268,"column":14}},"181":{"start":{"line":270,"column":0},"end":{"line":279,"column":1}},"182":{"start":{"line":271,"column":2},"end":{"line":274,"column":3}},"183":{"start":{"line":272,"column":4},"end":{"line":272,"column":49}},"184":{"start":{"line":273,"column":4},"end":{"line":273,"column":57}},"185":{"start":{"line":275,"column":2},"end":{"line":277,"column":5}},"186":{"start":{"line":276,"column":4},"end":{"line":276,"column":25}},"187":{"start":{"line":278,"column":2},"end":{"line":278,"column":14}},"188":{"start":{"line":281,"column":0},"end":{"line":285,"column":2}},"189":{"start":{"line":290,"column":0},"end":{"line":290,"column":29}},"190":{"start":{"line":291,"column":0},"end":{"line":291,"column":40}},"191":{"start":{"line":292,"column":0},"end":{"line":312,"column":1}},"192":{"start":{"line":293,"column":2},"end":{"line":310,"column":3}},"193":{"start":{"line":294,"column":4},"end":{"line":303,"column":5}},"194":{"start":{"line":295,"column":6},"end":{"line":295,"column":52}},"195":{"start":{"line":297,"column":6},"end":{"line":302,"column":7}},"196":{"start":{"line":298,"column":8},"end":{"line":298,"column":34}},"197":{"start":{"line":300,"column":8},"end":{"line":300,"column":80}},"198":{"start":{"line":301,"column":8},"end":{"line":301,"column":54}},"199":{"start":{"line":305,"column":4},"end":{"line":305,"column":24}},"200":{"start":{"line":306,"column":4},"end":{"line":309,"column":5}},"201":{"start":{"line":307,"column":6},"end":{"line":307,"column":52}},"202":{"start":{"line":308,"column":6},"end":{"line":308,"column":32}},"203":{"start":{"line":311,"column":2},"end":{"line":311,"column":14}},"204":{"start":{"line":313,"column":0},"end":{"line":333,"column":1}},"205":{"start":{"line":314,"column":2},"end":{"line":331,"column":3}},"206":{"start":{"line":315,"column":4},"end":{"line":324,"column":5}},"207":{"start":{"line":316,"column":6},"end":{"line":316,"column":53}},"208":{"start":{"line":318,"column":6},"end":{"line":323,"column":7}},"209":{"start":{"line":319,"column":8},"end":{"line":319,"column":52}},"210":{"start":{"line":321,"column":8},"end":{"line":321,"column":80}},"211":{"start":{"line":322,"column":8},"end":{"line":322,"column":55}},"212":{"start":{"line":326,"column":4},"end":{"line":326,"column":24}},"213":{"start":{"line":327,"column":4},"end":{"line":330,"column":5}},"214":{"start":{"line":328,"column":6},"end":{"line":328,"column":52}},"215":{"start":{"line":329,"column":6},"end":{"line":329,"column":33}},"216":{"start":{"line":332,"column":2},"end":{"line":332,"column":14}},"217":{"start":{"line":334,"column":0},"end":{"line":354,"column":1}},"218":{"start":{"line":335,"column":2},"end":{"line":352,"column":3}},"219":{"start":{"line":336,"column":4},"end":{"line":345,"column":5}},"220":{"start":{"line":337,"column":6},"end":{"line":337,"column":54}},"221":{"start":{"line":339,"column":6},"end":{"line":344,"column":7}},"222":{"start":{"line":340,"column":8},"end":{"line":340,"column":52}},"223":{"start":{"line":342,"column":8},"end":{"line":342,"column":80}},"224":{"start":{"line":343,"column":8},"end":{"line":343,"column":44}},"225":{"start":{"line":347,"column":4},"end":{"line":347,"column":24}},"226":{"start":{"line":348,"column":4},"end":{"line":351,"column":5}},"227":{"start":{"line":349,"column":6},"end":{"line":349,"column":52}},"228":{"start":{"line":350,"column":6},"end":{"line":350,"column":32}},"229":{"start":{"line":353,"column":2},"end":{"line":353,"column":14}},"230":{"start":{"line":355,"column":0},"end":{"line":375,"column":1}},"231":{"start":{"line":356,"column":2},"end":{"line":373,"column":3}},"232":{"start":{"line":357,"column":4},"end":{"line":366,"column":5}},"233":{"start":{"line":358,"column":6},"end":{"line":358,"column":51}},"234":{"start":{"line":360,"column":6},"end":{"line":365,"column":7}},"235":{"start":{"line":361,"column":8},"end":{"line":361,"column":64}},"236":{"start":{"line":363,"column":8},"end":{"line":363,"column":80}},"237":{"start":{"line":364,"column":8},"end":{"line":364,"column":53}},"238":{"start":{"line":368,"column":4},"end":{"line":368,"column":24}},"239":{"start":{"line":369,"column":4},"end":{"line":372,"column":5}},"240":{"start":{"line":370,"column":6},"end":{"line":370,"column":52}},"241":{"start":{"line":371,"column":6},"end":{"line":371,"column":31}},"242":{"start":{"line":374,"column":2},"end":{"line":374,"column":14}},"243":{"start":{"line":376,"column":0},"end":{"line":378,"column":1}},"244":{"start":{"line":377,"column":2},"end":{"line":377,"column":25}},"245":{"start":{"line":379,"column":0},"end":{"line":390,"column":1}},"246":{"start":{"line":380,"column":2},"end":{"line":388,"column":3}},"247":{"start":{"line":381,"column":4},"end":{"line":381,"column":19}},"248":{"start":{"line":382,"column":9},"end":{"line":388,"column":3}},"249":{"start":{"line":383,"column":4},"end":{"line":383,"column":35}},"250":{"start":{"line":384,"column":9},"end":{"line":388,"column":3}},"251":{"start":{"line":385,"column":4},"end":{"line":387,"column":7}},"252":{"start":{"line":386,"column":6},"end":{"line":386,"column":32}},"253":{"start":{"line":389,"column":2},"end":{"line":389,"column":17}},"254":{"start":{"line":392,"column":0},"end":{"line":399,"column":2}},"255":{"start":{"line":404,"column":0},"end":{"line":404,"column":35}},"256":{"start":{"line":405,"column":0},"end":{"line":405,"column":34}},"257":{"start":{"line":406,"column":0},"end":{"line":409,"column":23}},"258":{"start":{"line":410,"column":0},"end":{"line":410,"column":32}},"259":{"start":{"line":411,"column":0},"end":{"line":415,"column":1}},"260":{"start":{"line":412,"column":2},"end":{"line":412,"column":67}},"261":{"start":{"line":413,"column":2},"end":{"line":413,"column":29}},"262":{"start":{"line":414,"column":2},"end":{"line":414,"column":14}},"263":{"start":{"line":416,"column":0},"end":{"line":420,"column":1}},"264":{"start":{"line":417,"column":2},"end":{"line":419,"column":5}},"265":{"start":{"line":418,"column":4},"end":{"line":418,"column":27}},"266":{"start":{"line":421,"column":0},"end":{"line":427,"column":1}},"267":{"start":{"line":422,"column":2},"end":{"line":426,"column":5}},"268":{"start":{"line":423,"column":4},"end":{"line":425,"column":5}},"269":{"start":{"line":424,"column":6},"end":{"line":424,"column":46}},"270":{"start":{"line":428,"column":0},"end":{"line":430,"column":1}},"271":{"start":{"line":429,"column":2},"end":{"line":429,"column":48}},"272":{"start":{"line":431,"column":0},"end":{"line":439,"column":1}},"273":{"start":{"line":432,"column":2},"end":{"line":434,"column":3}},"274":{"start":{"line":433,"column":4},"end":{"line":433,"column":31}},"275":{"start":{"line":435,"column":2},"end":{"line":437,"column":5}},"276":{"start":{"line":436,"column":4},"end":{"line":436,"column":37}},"277":{"start":{"line":438,"column":2},"end":{"line":438,"column":14}},"278":{"start":{"line":440,"column":0},"end":{"line":448,"column":1}},"279":{"start":{"line":441,"column":2},"end":{"line":443,"column":3}},"280":{"start":{"line":442,"column":4},"end":{"line":442,"column":25}},"281":{"start":{"line":444,"column":2},"end":{"line":446,"column":5}},"282":{"start":{"line":445,"column":4},"end":{"line":445,"column":26}},"283":{"start":{"line":447,"column":2},"end":{"line":447,"column":14}},"284":{"start":{"line":450,"column":0},"end":{"line":458,"column":2}},"285":{"start":{"line":463,"column":0},"end":{"line":463,"column":31}},"286":{"start":{"line":464,"column":0},"end":{"line":466,"column":21}},"287":{"start":{"line":467,"column":0},"end":{"line":467,"column":44}},"288":{"start":{"line":468,"column":0},"end":{"line":499,"column":1}},"289":{"start":{"line":469,"column":2},"end":{"line":472,"column":3}},"290":{"start":{"line":470,"column":4},"end":{"line":470,"column":23}},"291":{"start":{"line":471,"column":4},"end":{"line":471,"column":20}},"292":{"start":{"line":473,"column":2},"end":{"line":475,"column":20}},"293":{"start":{"line":476,"column":2},"end":{"line":497,"column":11}},"294":{"start":{"line":477,"column":4},"end":{"line":477,"column":33}},"295":{"start":{"line":478,"column":4},"end":{"line":478,"column":33}},"296":{"start":{"line":479,"column":4},"end":{"line":479,"column":33}},"297":{"start":{"line":480,"column":4},"end":{"line":480,"column":42}},"298":{"start":{"line":481,"column":4},"end":{"line":496,"column":7}},"299":{"start":{"line":482,"column":6},"end":{"line":484,"column":7}},"300":{"start":{"line":483,"column":8},"end":{"line":483,"column":52}},"301":{"start":{"line":485,"column":6},"end":{"line":487,"column":7}},"302":{"start":{"line":486,"column":8},"end":{"line":486,"column":79}},"303":{"start":{"line":488,"column":6},"end":{"line":488,"column":104}},"304":{"start":{"line":489,"column":6},"end":{"line":495,"column":9}},"305":{"start":{"line":498,"column":2},"end":{"line":498,"column":14}},"306":{"start":{"line":500,"column":0},"end":{"line":532,"column":1}},"307":{"start":{"line":501,"column":2},"end":{"line":501,"column":65}},"308":{"start":{"line":502,"column":2},"end":{"line":502,"column":30}},"309":{"start":{"line":503,"column":2},"end":{"line":503,"column":29}},"310":{"start":{"line":504,"column":2},"end":{"line":504,"column":32}},"311":{"start":{"line":505,"column":2},"end":{"line":508,"column":3}},"312":{"start":{"line":506,"column":4},"end":{"line":506,"column":23}},"313":{"start":{"line":507,"column":4},"end":{"line":507,"column":20}},"314":{"start":{"line":509,"column":2},"end":{"line":511,"column":15}},"315":{"start":{"line":512,"column":2},"end":{"line":530,"column":11}},"316":{"start":{"line":513,"column":4},"end":{"line":513,"column":33}},"317":{"start":{"line":514,"column":4},"end":{"line":514,"column":33}},"318":{"start":{"line":515,"column":4},"end":{"line":515,"column":33}},"319":{"start":{"line":516,"column":4},"end":{"line":529,"column":7}},"320":{"start":{"line":517,"column":6},"end":{"line":517,"column":38}},"321":{"start":{"line":518,"column":6},"end":{"line":523,"column":9}},"322":{"start":{"line":519,"column":8},"end":{"line":519,"column":197}},"323":{"start":{"line":521,"column":8},"end":{"line":521,"column":124}},"324":{"start":{"line":522,"column":8},"end":{"line":522,"column":51}},"325":{"start":{"line":524,"column":6},"end":{"line":528,"column":7}},"326":{"start":{"line":525,"column":8},"end":{"line":525,"column":31}},"327":{"start":{"line":526,"column":13},"end":{"line":528,"column":7}},"328":{"start":{"line":527,"column":8},"end":{"line":527,"column":31}},"329":{"start":{"line":531,"column":2},"end":{"line":531,"column":14}},"330":{"start":{"line":533,"column":0},"end":{"line":535,"column":1}},"331":{"start":{"line":534,"column":2},"end":{"line":534,"column":53}},"332":{"start":{"line":536,"column":0},"end":{"line":538,"column":1}},"333":{"start":{"line":537,"column":2},"end":{"line":537,"column":54}},"334":{"start":{"line":539,"column":0},"end":{"line":555,"column":1}},"335":{"start":{"line":540,"column":2},"end":{"line":540,"column":61}},"336":{"start":{"line":541,"column":2},"end":{"line":541,"column":79}},"337":{"start":{"line":542,"column":2},"end":{"line":542,"column":88}},"338":{"start":{"line":543,"column":2},"end":{"line":543,"column":101}},"339":{"start":{"line":544,"column":2},"end":{"line":544,"column":23}},"340":{"start":{"line":545,"column":2},"end":{"line":545,"column":44}},"341":{"start":{"line":546,"column":2},"end":{"line":546,"column":48}},"342":{"start":{"line":547,"column":2},"end":{"line":553,"column":5}},"343":{"start":{"line":548,"column":4},"end":{"line":552,"column":5}},"344":{"start":{"line":549,"column":6},"end":{"line":549,"column":36}},"345":{"start":{"line":551,"column":6},"end":{"line":551,"column":44}},"346":{"start":{"line":554,"column":2},"end":{"line":554,"column":14}},"347":{"start":{"line":556,"column":0},"end":{"line":563,"column":1}},"348":{"start":{"line":557,"column":2},"end":{"line":562,"column":3}},"349":{"start":{"line":558,"column":4},"end":{"line":561,"column":7}},"350":{"start":{"line":564,"column":0},"end":{"line":569,"column":1}},"351":{"start":{"line":565,"column":2},"end":{"line":567,"column":3}},"352":{"start":{"line":566,"column":4},"end":{"line":566,"column":16}},"353":{"start":{"line":568,"column":2},"end":{"line":568,"column":68}},"354":{"start":{"line":570,"column":0},"end":{"line":578,"column":1}},"355":{"start":{"line":571,"column":2},"end":{"line":571,"column":61}},"356":{"start":{"line":572,"column":2},"end":{"line":572,"column":25}},"357":{"start":{"line":573,"column":2},"end":{"line":573,"column":44}},"358":{"start":{"line":574,"column":2},"end":{"line":574,"column":26}},"359":{"start":{"line":575,"column":2},"end":{"line":577,"column":41}},"360":{"start":{"line":576,"column":4},"end":{"line":576,"column":34}},"361":{"start":{"line":579,"column":0},"end":{"line":579,"column":62}},"362":{"start":{"line":580,"column":0},"end":{"line":586,"column":1}},"363":{"start":{"line":581,"column":2},"end":{"line":585,"column":3}},"364":{"start":{"line":582,"column":4},"end":{"line":582,"column":26}},"365":{"start":{"line":584,"column":4},"end":{"line":584,"column":33}},"366":{"start":{"line":587,"column":0},"end":{"line":587,"column":41}},"367":{"start":{"line":588,"column":0},"end":{"line":588,"column":11}},"368":{"start":{"line":589,"column":0},"end":{"line":589,"column":18}},"369":{"start":{"line":590,"column":0},"end":{"line":590,"column":20}},"370":{"start":{"line":591,"column":0},"end":{"line":597,"column":1}},"371":{"start":{"line":592,"column":2},"end":{"line":594,"column":3}},"372":{"start":{"line":593,"column":4},"end":{"line":593,"column":78}},"373":{"start":{"line":595,"column":2},"end":{"line":595,"column":34}},"374":{"start":{"line":596,"column":2},"end":{"line":596,"column":47}},"375":{"start":{"line":598,"column":0},"end":{"line":605,"column":1}},"376":{"start":{"line":599,"column":2},"end":{"line":599,"column":34}},"377":{"start":{"line":600,"column":2},"end":{"line":604,"column":3}},"378":{"start":{"line":601,"column":4},"end":{"line":601,"column":25}},"379":{"start":{"line":602,"column":4},"end":{"line":602,"column":24}},"380":{"start":{"line":603,"column":4},"end":{"line":603,"column":25}},"381":{"start":{"line":606,"column":0},"end":{"line":610,"column":1}},"382":{"start":{"line":607,"column":2},"end":{"line":609,"column":4}},"383":{"start":{"line":608,"column":4},"end":{"line":608,"column":58}},"384":{"start":{"line":611,"column":0},"end":{"line":642,"column":5}},"385":{"start":{"line":612,"column":2},"end":{"line":624,"column":9}},"386":{"start":{"line":620,"column":8},"end":{"line":620,"column":20}},"387":{"start":{"line":623,"column":8},"end":{"line":623,"column":21}},"388":{"start":{"line":625,"column":2},"end":{"line":641,"column":4}},"389":{"start":{"line":626,"column":4},"end":{"line":639,"column":5}},"390":{"start":{"line":627,"column":6},"end":{"line":635,"column":7}},"391":{"start":{"line":628,"column":8},"end":{"line":634,"column":76}},"392":{"start":{"line":629,"column":10},"end":{"line":632,"column":12}},"393":{"start":{"line":630,"column":12},"end":{"line":630,"column":46}},"394":{"start":{"line":631,"column":12},"end":{"line":631,"column":57}},"395":{"start":{"line":633,"column":10},"end":{"line":633,"column":46}},"396":{"start":{"line":636,"column":6},"end":{"line":638,"column":7}},"397":{"start":{"line":637,"column":8},"end":{"line":637,"column":31}},"398":{"start":{"line":640,"column":4},"end":{"line":640,"column":17}},"399":{"start":{"line":643,"column":0},"end":{"line":651,"column":1}},"400":{"start":{"line":644,"column":2},"end":{"line":645,"column":69}},"401":{"start":{"line":646,"column":2},"end":{"line":650,"column":3}},"402":{"start":{"line":647,"column":4},"end":{"line":649,"column":5}},"403":{"start":{"line":648,"column":6},"end":{"line":648,"column":41}},"404":{"start":{"line":652,"column":0},"end":{"line":655,"column":2}},"405":{"start":{"line":656,"column":0},"end":{"line":663,"column":1}},"406":{"start":{"line":657,"column":2},"end":{"line":662,"column":4}},"407":{"start":{"line":658,"column":4},"end":{"line":658,"column":44}},"408":{"start":{"line":659,"column":4},"end":{"line":661,"column":5}},"409":{"start":{"line":660,"column":6},"end":{"line":660,"column":44}},"410":{"start":{"line":664,"column":0},"end":{"line":677,"column":5}},"411":{"start":{"line":665,"column":2},"end":{"line":674,"column":3}},"412":{"start":{"line":666,"column":4},"end":{"line":670,"column":6}},"413":{"start":{"line":671,"column":4},"end":{"line":671,"column":58}},"414":{"start":{"line":672,"column":4},"end":{"line":672,"column":89}},"415":{"start":{"line":673,"column":4},"end":{"line":673,"column":23}},"416":{"start":{"line":675,"column":2},"end":{"line":675,"column":77}},"417":{"start":{"line":676,"column":2},"end":{"line":676,"column":35}},"418":{"start":{"line":678,"column":0},"end":{"line":691,"column":5}},"419":{"start":{"line":679,"column":2},"end":{"line":680,"column":28}},"420":{"start":{"line":681,"column":2},"end":{"line":689,"column":3}},"421":{"start":{"line":682,"column":4},"end":{"line":683,"column":35}},"422":{"start":{"line":684,"column":4},"end":{"line":684,"column":30}},"423":{"start":{"line":685,"column":4},"end":{"line":687,"column":7}},"424":{"start":{"line":686,"column":6},"end":{"line":686,"column":24}},"425":{"start":{"line":688,"column":4},"end":{"line":688,"column":63}},"426":{"start":{"line":690,"column":2},"end":{"line":690,"column":20}},"427":{"start":{"line":692,"column":0},"end":{"line":693,"column":17}},"428":{"start":{"line":695,"column":0},"end":{"line":705,"column":2}},"429":{"start":{"line":710,"column":0},"end":{"line":710,"column":30}},"430":{"start":{"line":711,"column":0},"end":{"line":711,"column":34}},"431":{"start":{"line":712,"column":0},"end":{"line":721,"column":1}},"432":{"start":{"line":713,"column":2},"end":{"line":716,"column":3}},"433":{"start":{"line":714,"column":4},"end":{"line":714,"column":49}},"434":{"start":{"line":715,"column":4},"end":{"line":715,"column":51}},"435":{"start":{"line":717,"column":2},"end":{"line":719,"column":5}},"436":{"start":{"line":718,"column":4},"end":{"line":718,"column":33}},"437":{"start":{"line":720,"column":2},"end":{"line":720,"column":14}},"438":{"start":{"line":723,"column":0},"end":{"line":726,"column":2}},"439":{"start":{"line":731,"column":0},"end":{"line":731,"column":31}},"440":{"start":{"line":732,"column":0},"end":{"line":732,"column":33}},"441":{"start":{"line":733,"column":0},"end":{"line":733,"column":19}},"442":{"start":{"line":734,"column":0},"end":{"line":737,"column":2}},"443":{"start":{"line":742,"column":0},"end":{"line":742,"column":30}},"444":{"start":{"line":743,"column":0},"end":{"line":743,"column":38}},"445":{"start":{"line":744,"column":0},"end":{"line":744,"column":21}},"446":{"start":{"line":745,"column":0},"end":{"line":759,"column":1}},"447":{"start":{"line":746,"column":2},"end":{"line":746,"column":65}},"448":{"start":{"line":747,"column":2},"end":{"line":747,"column":27}},"449":{"start":{"line":748,"column":2},"end":{"line":748,"column":22}},"450":{"start":{"line":749,"column":2},"end":{"line":751,"column":3}},"451":{"start":{"line":750,"column":4},"end":{"line":750,"column":33}},"452":{"start":{"line":752,"column":2},"end":{"line":754,"column":3}},"453":{"start":{"line":753,"column":4},"end":{"line":753,"column":50}},"454":{"start":{"line":755,"column":2},"end":{"line":757,"column":3}},"455":{"start":{"line":756,"column":4},"end":{"line":756,"column":52}},"456":{"start":{"line":758,"column":2},"end":{"line":758,"column":18}},"457":{"start":{"line":760,"column":0},"end":{"line":761,"column":74}},"458":{"start":{"line":762,"column":0},"end":{"line":770,"column":1}},"459":{"start":{"line":763,"column":2},"end":{"line":769,"column":3}},"460":{"start":{"line":764,"column":4},"end":{"line":768,"column":7}},"461":{"start":{"line":771,"column":0},"end":{"line":773,"column":3}},"462":{"start":{"line":772,"column":2},"end":{"line":772,"column":18}},"463":{"start":{"line":774,"column":0},"end":{"line":783,"column":1}},"464":{"start":{"line":775,"column":2},"end":{"line":775,"column":10}},"465":{"start":{"line":776,"column":2},"end":{"line":779,"column":3}},"466":{"start":{"line":777,"column":4},"end":{"line":777,"column":46}},"467":{"start":{"line":778,"column":4},"end":{"line":778,"column":50}},"468":{"start":{"line":780,"column":2},"end":{"line":782,"column":3}},"469":{"start":{"line":781,"column":4},"end":{"line":781,"column":54}},"470":{"start":{"line":784,"column":0},"end":{"line":793,"column":1}},"471":{"start":{"line":785,"column":2},"end":{"line":785,"column":10}},"472":{"start":{"line":786,"column":2},"end":{"line":789,"column":3}},"473":{"start":{"line":787,"column":4},"end":{"line":787,"column":30}},"474":{"start":{"line":788,"column":4},"end":{"line":788,"column":34}},"475":{"start":{"line":790,"column":2},"end":{"line":792,"column":3}},"476":{"start":{"line":791,"column":4},"end":{"line":791,"column":34}},"477":{"start":{"line":795,"column":0},"end":{"line":799,"column":2}},"478":{"start":{"line":804,"column":0},"end":{"line":804,"column":36}},"479":{"start":{"line":805,"column":0},"end":{"line":805,"column":38}},"480":{"start":{"line":806,"column":0},"end":{"line":806,"column":27}},"481":{"start":{"line":807,"column":0},"end":{"line":810,"column":1}},"482":{"start":{"line":808,"column":2},"end":{"line":808,"column":25}},"483":{"start":{"line":809,"column":2},"end":{"line":809,"column":14}},"484":{"start":{"line":812,"column":0},"end":{"line":815,"column":2}},"485":{"start":{"line":820,"column":0},"end":{"line":820,"column":31}},"486":{"start":{"line":821,"column":0},"end":{"line":828,"column":1}},"487":{"start":{"line":822,"column":2},"end":{"line":826,"column":3}},"488":{"start":{"line":823,"column":4},"end":{"line":823,"column":14}},"489":{"start":{"line":825,"column":4},"end":{"line":825,"column":66}},"490":{"start":{"line":827,"column":2},"end":{"line":827,"column":14}},"491":{"start":{"line":830,"column":0},"end":{"line":833,"column":2}},"492":{"start":{"line":838,"column":0},"end":{"line":838,"column":34}},"493":{"start":{"line":839,"column":0},"end":{"line":841,"column":37}},"494":{"start":{"line":842,"column":0},"end":{"line":846,"column":40}},"495":{"start":{"line":847,"column":0},"end":{"line":863,"column":1}},"496":{"start":{"line":848,"column":2},"end":{"line":848,"column":68}},"497":{"start":{"line":849,"column":2},"end":{"line":849,"column":17}},"498":{"start":{"line":850,"column":2},"end":{"line":861,"column":3}},"499":{"start":{"line":851,"column":4},"end":{"line":851,"column":49}},"500":{"start":{"line":852,"column":9},"end":{"line":861,"column":3}},"501":{"start":{"line":853,"column":4},"end":{"line":853,"column":20}},"502":{"start":{"line":854,"column":9},"end":{"line":861,"column":3}},"503":{"start":{"line":855,"column":4},"end":{"line":855,"column":40}},"504":{"start":{"line":856,"column":9},"end":{"line":861,"column":3}},"505":{"start":{"line":857,"column":4},"end":{"line":857,"column":42}},"506":{"start":{"line":859,"column":4},"end":{"line":859,"column":116}},"507":{"start":{"line":860,"column":4},"end":{"line":860,"column":50}},"508":{"start":{"line":862,"column":2},"end":{"line":862,"column":52}},"509":{"start":{"line":864,"column":0},"end":{"line":866,"column":1}},"510":{"start":{"line":865,"column":2},"end":{"line":865,"column":27}},"511":{"start":{"line":867,"column":0},"end":{"line":875,"column":1}},"512":{"start":{"line":868,"column":2},"end":{"line":868,"column":21}},"513":{"start":{"line":869,"column":2},"end":{"line":873,"column":3}},"514":{"start":{"line":870,"column":4},"end":{"line":872,"column":5}},"515":{"start":{"line":871,"column":6},"end":{"line":871,"column":21}},"516":{"start":{"line":874,"column":2},"end":{"line":874,"column":13}},"517":{"start":{"line":876,"column":0},"end":{"line":882,"column":5}},"518":{"start":{"line":877,"column":2},"end":{"line":878,"column":180}},"519":{"start":{"line":879,"column":2},"end":{"line":881,"column":4}},"520":{"start":{"line":880,"column":4},"end":{"line":880,"column":44}},"521":{"start":{"line":883,"column":0},"end":{"line":896,"column":1}},"522":{"start":{"line":884,"column":2},"end":{"line":884,"column":57}},"523":{"start":{"line":885,"column":2},"end":{"line":894,"column":3}},"524":{"start":{"line":886,"column":4},"end":{"line":889,"column":5}},"525":{"start":{"line":887,"column":6},"end":{"line":887,"column":100}},"526":{"start":{"line":888,"column":6},"end":{"line":888,"column":38}},"527":{"start":{"line":890,"column":4},"end":{"line":892,"column":5}},"528":{"start":{"line":891,"column":6},"end":{"line":891,"column":63}},"529":{"start":{"line":893,"column":4},"end":{"line":893,"column":50}},"530":{"start":{"line":895,"column":2},"end":{"line":895,"column":44}},"531":{"start":{"line":897,"column":0},"end":{"line":910,"column":1}},"532":{"start":{"line":898,"column":2},"end":{"line":900,"column":3}},"533":{"start":{"line":899,"column":4},"end":{"line":899,"column":47}},"534":{"start":{"line":901,"column":2},"end":{"line":903,"column":38}},"535":{"start":{"line":904,"column":2},"end":{"line":904,"column":29}},"536":{"start":{"line":905,"column":2},"end":{"line":908,"column":3}},"537":{"start":{"line":907,"column":4},"end":{"line":907,"column":31}},"538":{"start":{"line":909,"column":2},"end":{"line":909,"column":18}},"539":{"start":{"line":911,"column":0},"end":{"line":918,"column":1}},"540":{"start":{"line":912,"column":2},"end":{"line":916,"column":3}},"541":{"start":{"line":913,"column":4},"end":{"line":913,"column":29}},"542":{"start":{"line":914,"column":4},"end":{"line":914,"column":44}},"543":{"start":{"line":915,"column":4},"end":{"line":915,"column":26}},"544":{"start":{"line":917,"column":2},"end":{"line":917,"column":33}},"545":{"start":{"line":919,"column":0},"end":{"line":926,"column":1}},"546":{"start":{"line":920,"column":2},"end":{"line":921,"column":33}},"547":{"start":{"line":922,"column":2},"end":{"line":924,"column":3}},"548":{"start":{"line":923,"column":4},"end":{"line":923,"column":30}},"549":{"start":{"line":925,"column":2},"end":{"line":925,"column":23}},"550":{"start":{"line":928,"column":0},"end":{"line":934,"column":2}},"551":{"start":{"line":939,"column":0},"end":{"line":939,"column":40}},"552":{"start":{"line":940,"column":0},"end":{"line":942,"column":27}},"553":{"start":{"line":943,"column":0},"end":{"line":945,"column":27}},"554":{"start":{"line":946,"column":0},"end":{"line":958,"column":1}},"555":{"start":{"line":947,"column":2},"end":{"line":947,"column":17}},"556":{"start":{"line":948,"column":2},"end":{"line":956,"column":5}},"557":{"start":{"line":949,"column":4},"end":{"line":955,"column":5}},"558":{"start":{"line":950,"column":6},"end":{"line":954,"column":9}},"559":{"start":{"line":951,"column":8},"end":{"line":953,"column":9}},"560":{"start":{"line":952,"column":10},"end":{"line":952,"column":28}},"561":{"start":{"line":957,"column":2},"end":{"line":957,"column":18}},"562":{"start":{"line":959,"column":0},"end":{"line":965,"column":1}},"563":{"start":{"line":960,"column":2},"end":{"line":960,"column":17}},"564":{"start":{"line":961,"column":2},"end":{"line":963,"column":5}},"565":{"start":{"line":962,"column":4},"end":{"line":962,"column":57}},"566":{"start":{"line":964,"column":2},"end":{"line":964,"column":18}},"567":{"start":{"line":966,"column":0},"end":{"line":968,"column":1}},"568":{"start":{"line":967,"column":2},"end":{"line":967,"column":44}},"569":{"start":{"line":969,"column":0},"end":{"line":971,"column":1}},"570":{"start":{"line":970,"column":2},"end":{"line":970,"column":21}},"571":{"start":{"line":972,"column":0},"end":{"line":980,"column":1}},"572":{"start":{"line":973,"column":2},"end":{"line":973,"column":17}},"573":{"start":{"line":974,"column":2},"end":{"line":978,"column":5}},"574":{"start":{"line":975,"column":4},"end":{"line":977,"column":5}},"575":{"start":{"line":976,"column":6},"end":{"line":976,"column":37}},"576":{"start":{"line":979,"column":2},"end":{"line":979,"column":18}},"577":{"start":{"line":981,"column":0},"end":{"line":983,"column":1}},"578":{"start":{"line":982,"column":2},"end":{"line":982,"column":44}},"579":{"start":{"line":985,"column":0},"end":{"line":993,"column":2}},"580":{"start":{"line":998,"column":0},"end":{"line":998,"column":30}},"581":{"start":{"line":999,"column":0},"end":{"line":1001,"column":1}},"582":{"start":{"line":1000,"column":2},"end":{"line":1000,"column":37}},"583":{"start":{"line":1002,"column":0},"end":{"line":1002,"column":28}},"584":{"start":{"line":1004,"column":0},"end":{"line":1008,"column":2}},"585":{"start":{"line":1013,"column":0},"end":{"line":1013,"column":30}},"586":{"start":{"line":1014,"column":0},"end":{"line":1015,"column":34}},"587":{"start":{"line":1016,"column":0},"end":{"line":1018,"column":3}},"588":{"start":{"line":1017,"column":2},"end":{"line":1017,"column":32}},"589":{"start":{"line":1019,"column":0},"end":{"line":1021,"column":3}},"590":{"start":{"line":1020,"column":2},"end":{"line":1020,"column":70}},"591":{"start":{"line":1022,"column":0},"end":{"line":1032,"column":1}},"592":{"start":{"line":1023,"column":2},"end":{"line":1023,"column":33}},"593":{"start":{"line":1024,"column":2},"end":{"line":1030,"column":3}},"594":{"start":{"line":1025,"column":4},"end":{"line":1027,"column":5}},"595":{"start":{"line":1026,"column":6},"end":{"line":1026,"column":59}},"596":{"start":{"line":1029,"column":4},"end":{"line":1029,"column":54}},"597":{"start":{"line":1031,"column":2},"end":{"line":1031,"column":20}},"598":{"start":{"line":1033,"column":0},"end":{"line":1045,"column":1}},"599":{"start":{"line":1034,"column":2},"end":{"line":1036,"column":40}},"600":{"start":{"line":1036,"column":4},"end":{"line":1036,"column":40}},"601":{"start":{"line":1037,"column":2},"end":{"line":1043,"column":5}},"602":{"start":{"line":1038,"column":4},"end":{"line":1042,"column":5}},"603":{"start":{"line":1039,"column":6},"end":{"line":1041,"column":7}},"604":{"start":{"line":1040,"column":8},"end":{"line":1040,"column":33}},"605":{"start":{"line":1044,"column":2},"end":{"line":1044,"column":16}},"606":{"start":{"line":1047,"column":0},"end":{"line":1054,"column":2}}},"branchMap":{"1":{"line":1,"type":"if","locations":[{"start":{"line":1,"column":40},"end":{"line":1,"column":40}},{"start":{"line":1,"column":40},"end":{"line":1,"column":40}}]},"2":{"line":1,"type":"binary-expr","locations":[{"start":{"line":1,"column":58},"end":{"line":1,"column":82}},{"start":{"line":1,"column":84},"end":{"line":1,"column":110}}]},"3":{"line":1,"type":"if","locations":[{"start":{"line":1,"column":120},"end":{"line":1,"column":120}},{"start":{"line":1,"column":120},"end":{"line":1,"column":120}}]},"4":{"line":1,"type":"binary-expr","locations":[{"start":{"line":1,"column":138},"end":{"line":1,"column":163}},{"start":{"line":1,"column":165},"end":{"line":1,"column":175}}]},"5":{"line":1,"type":"cond-expr","locations":[{"start":{"line":1,"column":227},"end":{"line":1,"column":235}},{"start":{"line":1,"column":236},"end":{"line":1,"column":306}}]},"6":{"line":1,"type":"cond-expr","locations":[{"start":{"line":1,"column":263},"end":{"line":1,"column":271}},{"start":{"line":1,"column":272},"end":{"line":1,"column":306}}]},"7":{"line":1,"type":"binary-expr","locations":[{"start":{"line":1,"column":272},"end":{"line":1,"column":296}},{"start":{"line":1,"column":299},"end":{"line":1,"column":305}}]},"8":{"line":1,"type":"if","locations":[{"start":{"line":1,"column":381},"end":{"line":1,"column":381}},{"start":{"line":1,"column":381},"end":{"line":1,"column":381}}]},"9":{"line":1,"type":"if","locations":[{"start":{"line":1,"column":391},"end":{"line":1,"column":391}},{"start":{"line":1,"column":391},"end":{"line":1,"column":391}}]},"10":{"line":1,"type":"binary-expr","locations":[{"start":{"line":1,"column":422},"end":{"line":1,"column":448}},{"start":{"line":1,"column":450},"end":{"line":1,"column":457}}]},"11":{"line":1,"type":"if","locations":[{"start":{"line":1,"column":443},"end":{"line":1,"column":443}},{"start":{"line":1,"column":443},"end":{"line":1,"column":443}}]},"12":{"line":1,"type":"binary-expr","locations":[{"start":{"line":1,"column":461},"end":{"line":1,"column":463}},{"start":{"line":1,"column":465},"end":{"line":1,"column":466}}]},"13":{"line":1,"type":"if","locations":[{"start":{"line":1,"column":467},"end":{"line":1,"column":467}},{"start":{"line":1,"column":467},"end":{"line":1,"column":467}}]},"14":{"line":1,"type":"cond-expr","locations":[{"start":{"line":1,"column":635},"end":{"line":1,"column":636}},{"start":{"line":1,"column":637},"end":{"line":1,"column":638}}]},"15":{"line":1,"type":"binary-expr","locations":[{"start":{"line":1,"column":688},"end":{"line":1,"column":714}},{"start":{"line":1,"column":716},"end":{"line":1,"column":723}}]},"16":{"line":24,"type":"if","locations":[{"start":{"line":24,"column":0},"end":{"line":24,"column":0}},{"start":{"line":24,"column":0},"end":{"line":24,"column":0}}]},"17":{"line":54,"type":"cond-expr","locations":[{"start":{"line":54,"column":50},"end":{"line":54,"column":58}},{"start":{"line":54,"column":61},"end":{"line":56,"column":3}}]},"18":{"line":97,"type":"if","locations":[{"start":{"line":97,"column":2},"end":{"line":97,"column":2}},{"start":{"line":97,"column":2},"end":{"line":97,"column":2}}]},"19":{"line":97,"type":"binary-expr","locations":[{"start":{"line":97,"column":6},"end":{"line":97,"column":29}},{"start":{"line":97,"column":33},"end":{"line":97,"column":61}}]},"20":{"line":98,"type":"cond-expr","locations":[{"start":{"line":98,"column":34},"end":{"line":98,"column":38}},{"start":{"line":98,"column":41},"end":{"line":98,"column":48}}]},"21":{"line":99,"type":"cond-expr","locations":[{"start":{"line":99,"column":21},"end":{"line":99,"column":46}},{"start":{"line":99,"column":49},"end":{"line":99,"column":58}}]},"22":{"line":102,"type":"if","locations":[{"start":{"line":102,"column":4},"end":{"line":102,"column":4}},{"start":{"line":102,"column":4},"end":{"line":102,"column":4}}]},"23":{"line":133,"type":"if","locations":[{"start":{"line":133,"column":2},"end":{"line":133,"column":2}},{"start":{"line":133,"column":2},"end":{"line":133,"column":2}}]},"24":{"line":133,"type":"binary-expr","locations":[{"start":{"line":133,"column":6},"end":{"line":133,"column":11}},{"start":{"line":133,"column":15},"end":{"line":133,"column":27}}]},"25":{"line":143,"type":"if","locations":[{"start":{"line":143,"column":2},"end":{"line":143,"column":2}},{"start":{"line":143,"column":2},"end":{"line":143,"column":2}}]},"26":{"line":143,"type":"binary-expr","locations":[{"start":{"line":143,"column":6},"end":{"line":143,"column":11}},{"start":{"line":143,"column":15},"end":{"line":143,"column":27}}]},"27":{"line":153,"type":"if","locations":[{"start":{"line":153,"column":2},"end":{"line":153,"column":2}},{"start":{"line":153,"column":2},"end":{"line":153,"column":2}}]},"28":{"line":153,"type":"binary-expr","locations":[{"start":{"line":153,"column":6},"end":{"line":153,"column":11}},{"start":{"line":153,"column":15},"end":{"line":153,"column":27}}]},"29":{"line":181,"type":"if","locations":[{"start":{"line":181,"column":2},"end":{"line":181,"column":2}},{"start":{"line":181,"column":2},"end":{"line":181,"column":2}}]},"30":{"line":181,"type":"binary-expr","locations":[{"start":{"line":181,"column":6},"end":{"line":181,"column":16}},{"start":{"line":181,"column":20},"end":{"line":181,"column":28}},{"start":{"line":181,"column":32},"end":{"line":181,"column":53}}]},"31":{"line":183,"type":"if","locations":[{"start":{"line":183,"column":9},"end":{"line":183,"column":9}},{"start":{"line":183,"column":9},"end":{"line":183,"column":9}}]},"32":{"line":185,"type":"if","locations":[{"start":{"line":185,"column":9},"end":{"line":185,"column":9}},{"start":{"line":185,"column":9},"end":{"line":185,"column":9}}]},"33":{"line":202,"type":"binary-expr","locations":[{"start":{"line":202,"column":9},"end":{"line":202,"column":34}},{"start":{"line":202,"column":38},"end":{"line":202,"column":53}}]},"34":{"line":216,"type":"if","locations":[{"start":{"line":216,"column":2},"end":{"line":216,"column":2}},{"start":{"line":216,"column":2},"end":{"line":216,"column":2}}]},"35":{"line":218,"type":"if","locations":[{"start":{"line":218,"column":4},"end":{"line":218,"column":4}},{"start":{"line":218,"column":4},"end":{"line":218,"column":4}}]},"36":{"line":219,"type":"cond-expr","locations":[{"start":{"line":219,"column":36},"end":{"line":219,"column":40}},{"start":{"line":219,"column":43},"end":{"line":219,"column":50}}]},"37":{"line":220,"type":"if","locations":[{"start":{"line":220,"column":6},"end":{"line":220,"column":6}},{"start":{"line":220,"column":6},"end":{"line":220,"column":6}}]},"38":{"line":222,"type":"cond-expr","locations":[{"start":{"line":222,"column":32},"end":{"line":222,"column":52}},{"start":{"line":222,"column":55},"end":{"line":222,"column":58}}]},"39":{"line":222,"type":"binary-expr","locations":[{"start":{"line":222,"column":32},"end":{"line":222,"column":47}},{"start":{"line":222,"column":51},"end":{"line":222,"column":52}}]},"40":{"line":238,"type":"if","locations":[{"start":{"line":238,"column":6},"end":{"line":238,"column":6}},{"start":{"line":238,"column":6},"end":{"line":238,"column":6}}]},"41":{"line":238,"type":"binary-expr","locations":[{"start":{"line":238,"column":10},"end":{"line":238,"column":26}},{"start":{"line":238,"column":30},"end":{"line":238,"column":52}}]},"42":{"line":260,"type":"if","locations":[{"start":{"line":260,"column":2},"end":{"line":260,"column":2}},{"start":{"line":260,"column":2},"end":{"line":260,"column":2}}]},"43":{"line":260,"type":"binary-expr","locations":[{"start":{"line":260,"column":6},"end":{"line":260,"column":29}},{"start":{"line":260,"column":33},"end":{"line":260,"column":61}}]},"44":{"line":261,"type":"cond-expr","locations":[{"start":{"line":261,"column":34},"end":{"line":261,"column":38}},{"start":{"line":261,"column":41},"end":{"line":261,"column":48}}]},"45":{"line":262,"type":"cond-expr","locations":[{"start":{"line":262,"column":45},"end":{"line":262,"column":70}},{"start":{"line":262,"column":73},"end":{"line":262,"column":82}}]},"46":{"line":262,"type":"binary-expr","locations":[{"start":{"line":262,"column":11},"end":{"line":262,"column":18}},{"start":{"line":262,"column":22},"end":{"line":262,"column":42}}]},"47":{"line":265,"type":"binary-expr","locations":[{"start":{"line":265,"column":27},"end":{"line":265,"column":47}},{"start":{"line":265,"column":51},"end":{"line":265,"column":53}}]},"48":{"line":271,"type":"if","locations":[{"start":{"line":271,"column":2},"end":{"line":271,"column":2}},{"start":{"line":271,"column":2},"end":{"line":271,"column":2}}]},"49":{"line":271,"type":"binary-expr","locations":[{"start":{"line":271,"column":6},"end":{"line":271,"column":29}},{"start":{"line":271,"column":33},"end":{"line":271,"column":61}}]},"50":{"line":272,"type":"cond-expr","locations":[{"start":{"line":272,"column":34},"end":{"line":272,"column":38}},{"start":{"line":272,"column":41},"end":{"line":272,"column":48}}]},"51":{"line":273,"type":"cond-expr","locations":[{"start":{"line":273,"column":32},"end":{"line":273,"column":44}},{"start":{"line":273,"column":47},"end":{"line":273,"column":56}}]},"52":{"line":273,"type":"binary-expr","locations":[{"start":{"line":273,"column":11},"end":{"line":273,"column":18}},{"start":{"line":273,"column":22},"end":{"line":273,"column":29}}]},"53":{"line":293,"type":"if","locations":[{"start":{"line":293,"column":2},"end":{"line":293,"column":2}},{"start":{"line":293,"column":2},"end":{"line":293,"column":2}}]},"54":{"line":294,"type":"if","locations":[{"start":{"line":294,"column":4},"end":{"line":294,"column":4}},{"start":{"line":294,"column":4},"end":{"line":294,"column":4}}]},"55":{"line":297,"type":"if","locations":[{"start":{"line":297,"column":6},"end":{"line":297,"column":6}},{"start":{"line":297,"column":6},"end":{"line":297,"column":6}}]},"56":{"line":300,"type":"cond-expr","locations":[{"start":{"line":300,"column":53},"end":{"line":300,"column":69}},{"start":{"line":300,"column":72},"end":{"line":300,"column":79}}]},"57":{"line":307,"type":"cond-expr","locations":[{"start":{"line":307,"column":26},"end":{"line":307,"column":33}},{"start":{"line":307,"column":36},"end":{"line":307,"column":51}}]},"58":{"line":314,"type":"if","locations":[{"start":{"line":314,"column":2},"end":{"line":314,"column":2}},{"start":{"line":314,"column":2},"end":{"line":314,"column":2}}]},"59":{"line":315,"type":"if","locations":[{"start":{"line":315,"column":4},"end":{"line":315,"column":4}},{"start":{"line":315,"column":4},"end":{"line":315,"column":4}}]},"60":{"line":318,"type":"if","locations":[{"start":{"line":318,"column":6},"end":{"line":318,"column":6}},{"start":{"line":318,"column":6},"end":{"line":318,"column":6}}]},"61":{"line":321,"type":"cond-expr","locations":[{"start":{"line":321,"column":53},"end":{"line":321,"column":69}},{"start":{"line":321,"column":72},"end":{"line":321,"column":79}}]},"62":{"line":328,"type":"cond-expr","locations":[{"start":{"line":328,"column":26},"end":{"line":328,"column":33}},{"start":{"line":328,"column":36},"end":{"line":328,"column":51}}]},"63":{"line":335,"type":"if","locations":[{"start":{"line":335,"column":2},"end":{"line":335,"column":2}},{"start":{"line":335,"column":2},"end":{"line":335,"column":2}}]},"64":{"line":336,"type":"if","locations":[{"start":{"line":336,"column":4},"end":{"line":336,"column":4}},{"start":{"line":336,"column":4},"end":{"line":336,"column":4}}]},"65":{"line":339,"type":"if","locations":[{"start":{"line":339,"column":6},"end":{"line":339,"column":6}},{"start":{"line":339,"column":6},"end":{"line":339,"column":6}}]},"66":{"line":342,"type":"cond-expr","locations":[{"start":{"line":342,"column":53},"end":{"line":342,"column":69}},{"start":{"line":342,"column":72},"end":{"line":342,"column":79}}]},"67":{"line":349,"type":"cond-expr","locations":[{"start":{"line":349,"column":26},"end":{"line":349,"column":33}},{"start":{"line":349,"column":36},"end":{"line":349,"column":51}}]},"68":{"line":356,"type":"if","locations":[{"start":{"line":356,"column":2},"end":{"line":356,"column":2}},{"start":{"line":356,"column":2},"end":{"line":356,"column":2}}]},"69":{"line":357,"type":"if","locations":[{"start":{"line":357,"column":4},"end":{"line":357,"column":4}},{"start":{"line":357,"column":4},"end":{"line":357,"column":4}}]},"70":{"line":360,"type":"if","locations":[{"start":{"line":360,"column":6},"end":{"line":360,"column":6}},{"start":{"line":360,"column":6},"end":{"line":360,"column":6}}]},"71":{"line":363,"type":"cond-expr","locations":[{"start":{"line":363,"column":53},"end":{"line":363,"column":69}},{"start":{"line":363,"column":72},"end":{"line":363,"column":79}}]},"72":{"line":370,"type":"cond-expr","locations":[{"start":{"line":370,"column":26},"end":{"line":370,"column":33}},{"start":{"line":370,"column":36},"end":{"line":370,"column":51}}]},"73":{"line":380,"type":"if","locations":[{"start":{"line":380,"column":2},"end":{"line":380,"column":2}},{"start":{"line":380,"column":2},"end":{"line":380,"column":2}}]},"74":{"line":382,"type":"if","locations":[{"start":{"line":382,"column":9},"end":{"line":382,"column":9}},{"start":{"line":382,"column":9},"end":{"line":382,"column":9}}]},"75":{"line":384,"type":"if","locations":[{"start":{"line":384,"column":9},"end":{"line":384,"column":9}},{"start":{"line":384,"column":9},"end":{"line":384,"column":9}}]},"76":{"line":412,"type":"cond-expr","locations":[{"start":{"line":412,"column":46},"end":{"line":412,"column":56}},{"start":{"line":412,"column":59},"end":{"line":412,"column":66}}]},"77":{"line":423,"type":"if","locations":[{"start":{"line":423,"column":4},"end":{"line":423,"column":4}},{"start":{"line":423,"column":4},"end":{"line":423,"column":4}}]},"78":{"line":432,"type":"if","locations":[{"start":{"line":432,"column":2},"end":{"line":432,"column":2}},{"start":{"line":432,"column":2},"end":{"line":432,"column":2}}]},"79":{"line":441,"type":"if","locations":[{"start":{"line":441,"column":2},"end":{"line":441,"column":2}},{"start":{"line":441,"column":2},"end":{"line":441,"column":2}}]},"80":{"line":469,"type":"if","locations":[{"start":{"line":469,"column":2},"end":{"line":469,"column":2}},{"start":{"line":469,"column":2},"end":{"line":469,"column":2}}]},"81":{"line":478,"type":"binary-expr","locations":[{"start":{"line":478,"column":16},"end":{"line":478,"column":24}},{"start":{"line":478,"column":28},"end":{"line":478,"column":32}}]},"82":{"line":479,"type":"binary-expr","locations":[{"start":{"line":479,"column":16},"end":{"line":479,"column":24}},{"start":{"line":479,"column":28},"end":{"line":479,"column":32}}]},"83":{"line":482,"type":"if","locations":[{"start":{"line":482,"column":6},"end":{"line":482,"column":6}},{"start":{"line":482,"column":6},"end":{"line":482,"column":6}}]},"84":{"line":482,"type":"binary-expr","locations":[{"start":{"line":482,"column":10},"end":{"line":482,"column":18}},{"start":{"line":482,"column":22},"end":{"line":482,"column":46}}]},"85":{"line":485,"type":"if","locations":[{"start":{"line":485,"column":6},"end":{"line":485,"column":6}},{"start":{"line":485,"column":6},"end":{"line":485,"column":6}}]},"86":{"line":488,"type":"binary-expr","locations":[{"start":{"line":488,"column":31},"end":{"line":488,"column":53}},{"start":{"line":488,"column":57},"end":{"line":488,"column":66}}]},"87":{"line":488,"type":"binary-expr","locations":[{"start":{"line":488,"column":83},"end":{"line":488,"column":93}},{"start":{"line":488,"column":97},"end":{"line":488,"column":102}}]},"88":{"line":501,"type":"cond-expr","locations":[{"start":{"line":501,"column":47},"end":{"line":501,"column":59}},{"start":{"line":501,"column":62},"end":{"line":501,"column":64}}]},"89":{"line":505,"type":"if","locations":[{"start":{"line":505,"column":2},"end":{"line":505,"column":2}},{"start":{"line":505,"column":2},"end":{"line":505,"column":2}}]},"90":{"line":514,"type":"binary-expr","locations":[{"start":{"line":514,"column":16},"end":{"line":514,"column":24}},{"start":{"line":514,"column":28},"end":{"line":514,"column":32}}]},"91":{"line":515,"type":"binary-expr","locations":[{"start":{"line":515,"column":16},"end":{"line":515,"column":24}},{"start":{"line":515,"column":28},"end":{"line":515,"column":32}}]},"92":{"line":519,"type":"binary-expr","locations":[{"start":{"line":519,"column":17},"end":{"line":519,"column":27}},{"start":{"line":519,"column":31},"end":{"line":519,"column":59}},{"start":{"line":519,"column":65},"end":{"line":519,"column":75}},{"start":{"line":519,"column":79},"end":{"line":519,"column":107}},{"start":{"line":519,"column":113},"end":{"line":519,"column":121}},{"start":{"line":519,"column":125},"end":{"line":519,"column":149}},{"start":{"line":519,"column":155},"end":{"line":519,"column":164}},{"start":{"line":519,"column":168},"end":{"line":519,"column":194}}]},"93":{"line":521,"type":"binary-expr","locations":[{"start":{"line":521,"column":36},"end":{"line":521,"column":63}},{"start":{"line":521,"column":67},"end":{"line":521,"column":81}}]},"94":{"line":521,"type":"binary-expr","locations":[{"start":{"line":521,"column":103},"end":{"line":521,"column":113}},{"start":{"line":521,"column":117},"end":{"line":521,"column":122}}]},"95":{"line":524,"type":"if","locations":[{"start":{"line":524,"column":6},"end":{"line":524,"column":6}},{"start":{"line":524,"column":6},"end":{"line":524,"column":6}}]},"96":{"line":524,"type":"binary-expr","locations":[{"start":{"line":524,"column":10},"end":{"line":524,"column":20}},{"start":{"line":524,"column":24},"end":{"line":524,"column":34}},{"start":{"line":524,"column":38},"end":{"line":524,"column":47}},{"start":{"line":524,"column":51},"end":{"line":524,"column":59}}]},"97":{"line":526,"type":"if","locations":[{"start":{"line":526,"column":13},"end":{"line":526,"column":13}},{"start":{"line":526,"column":13},"end":{"line":526,"column":13}}]},"98":{"line":540,"type":"cond-expr","locations":[{"start":{"line":540,"column":43},"end":{"line":540,"column":55}},{"start":{"line":540,"column":58},"end":{"line":540,"column":60}}]},"99":{"line":541,"type":"cond-expr","locations":[{"start":{"line":541,"column":57},"end":{"line":541,"column":71}},{"start":{"line":541,"column":74},"end":{"line":541,"column":78}}]},"100":{"line":542,"type":"cond-expr","locations":[{"start":{"line":542,"column":63},"end":{"line":542,"column":80}},{"start":{"line":542,"column":83},"end":{"line":542,"column":87}}]},"101":{"line":543,"type":"cond-expr","locations":[{"start":{"line":543,"column":71},"end":{"line":543,"column":92}},{"start":{"line":543,"column":95},"end":{"line":543,"column":100}}]},"102":{"line":548,"type":"if","locations":[{"start":{"line":548,"column":4},"end":{"line":548,"column":4}},{"start":{"line":548,"column":4},"end":{"line":548,"column":4}}]},"103":{"line":548,"type":"binary-expr","locations":[{"start":{"line":548,"column":8},"end":{"line":548,"column":23}},{"start":{"line":548,"column":27},"end":{"line":548,"column":56}},{"start":{"line":548,"column":60},"end":{"line":548,"column":89}}]},"104":{"line":557,"type":"if","locations":[{"start":{"line":557,"column":2},"end":{"line":557,"column":2}},{"start":{"line":557,"column":2},"end":{"line":557,"column":2}}]},"105":{"line":565,"type":"if","locations":[{"start":{"line":565,"column":2},"end":{"line":565,"column":2}},{"start":{"line":565,"column":2},"end":{"line":565,"column":2}}]},"106":{"line":565,"type":"binary-expr","locations":[{"start":{"line":565,"column":6},"end":{"line":565,"column":24}},{"start":{"line":565,"column":28},"end":{"line":565,"column":48}}]},"107":{"line":571,"type":"cond-expr","locations":[{"start":{"line":571,"column":43},"end":{"line":571,"column":55}},{"start":{"line":571,"column":58},"end":{"line":571,"column":60}}]},"108":{"line":581,"type":"if","locations":[{"start":{"line":581,"column":2},"end":{"line":581,"column":2}},{"start":{"line":581,"column":2},"end":{"line":581,"column":2}}]},"109":{"line":581,"type":"binary-expr","locations":[{"start":{"line":581,"column":6},"end":{"line":581,"column":51}},{"start":{"line":581,"column":55},"end":{"line":581,"column":96}}]},"110":{"line":592,"type":"if","locations":[{"start":{"line":592,"column":2},"end":{"line":592,"column":2}},{"start":{"line":592,"column":2},"end":{"line":592,"column":2}}]},"111":{"line":593,"type":"cond-expr","locations":[{"start":{"line":593,"column":54},"end":{"line":593,"column":58}},{"start":{"line":593,"column":61},"end":{"line":593,"column":77}}]},"112":{"line":596,"type":"binary-expr","locations":[{"start":{"line":596,"column":9},"end":{"line":596,"column":22}},{"start":{"line":596,"column":27},"end":{"line":596,"column":45}}]},"113":{"line":600,"type":"if","locations":[{"start":{"line":600,"column":2},"end":{"line":600,"column":2}},{"start":{"line":600,"column":2},"end":{"line":600,"column":2}}]},"114":{"line":626,"type":"if","locations":[{"start":{"line":626,"column":4},"end":{"line":626,"column":4}},{"start":{"line":626,"column":4},"end":{"line":626,"column":4}}]},"115":{"line":626,"type":"binary-expr","locations":[{"start":{"line":626,"column":8},"end":{"line":626,"column":33}},{"start":{"line":626,"column":37},"end":{"line":626,"column":67}},{"start":{"line":626,"column":71},"end":{"line":626,"column":92}}]},"116":{"line":634,"type":"binary-expr","locations":[{"start":{"line":634,"column":48},"end":{"line":634,"column":65}},{"start":{"line":634,"column":69},"end":{"line":634,"column":73}}]},"117":{"line":636,"type":"if","locations":[{"start":{"line":636,"column":6},"end":{"line":636,"column":6}},{"start":{"line":636,"column":6},"end":{"line":636,"column":6}}]},"118":{"line":644,"type":"binary-expr","locations":[{"start":{"line":644,"column":20},"end":{"line":644,"column":33}},{"start":{"line":644,"column":37},"end":{"line":644,"column":49}}]},"119":{"line":646,"type":"if","locations":[{"start":{"line":646,"column":2},"end":{"line":646,"column":2}},{"start":{"line":646,"column":2},"end":{"line":646,"column":2}}]},"120":{"line":646,"type":"binary-expr","locations":[{"start":{"line":646,"column":6},"end":{"line":646,"column":19}},{"start":{"line":646,"column":23},"end":{"line":646,"column":45}}]},"121":{"line":647,"type":"if","locations":[{"start":{"line":647,"column":4},"end":{"line":647,"column":4}},{"start":{"line":647,"column":4},"end":{"line":647,"column":4}}]},"122":{"line":647,"type":"binary-expr","locations":[{"start":{"line":647,"column":8},"end":{"line":647,"column":37}},{"start":{"line":647,"column":41},"end":{"line":647,"column":102}}]},"123":{"line":647,"type":"binary-expr","locations":[{"start":{"line":647,"column":43},"end":{"line":647,"column":69}},{"start":{"line":647,"column":73},"end":{"line":647,"column":101}}]},"124":{"line":659,"type":"if","locations":[{"start":{"line":659,"column":4},"end":{"line":659,"column":4}},{"start":{"line":659,"column":4},"end":{"line":659,"column":4}}]},"125":{"line":659,"type":"binary-expr","locations":[{"start":{"line":659,"column":8},"end":{"line":659,"column":22}},{"start":{"line":659,"column":27},"end":{"line":659,"column":49}},{"start":{"line":659,"column":53},"end":{"line":659,"column":85}}]},"126":{"line":666,"type":"cond-expr","locations":[{"start":{"line":666,"column":45},"end":{"line":666,"column":57}},{"start":{"line":666,"column":60},"end":{"line":670,"column":5}}]},"127":{"line":675,"type":"binary-expr","locations":[{"start":{"line":675,"column":26},"end":{"line":675,"column":44}},{"start":{"line":675,"column":48},"end":{"line":675,"column":76}}]},"128":{"line":681,"type":"if","locations":[{"start":{"line":681,"column":2},"end":{"line":681,"column":2}},{"start":{"line":681,"column":2},"end":{"line":681,"column":2}}]},"129":{"line":713,"type":"if","locations":[{"start":{"line":713,"column":2},"end":{"line":713,"column":2}},{"start":{"line":713,"column":2},"end":{"line":713,"column":2}}]},"130":{"line":714,"type":"cond-expr","locations":[{"start":{"line":714,"column":34},"end":{"line":714,"column":38}},{"start":{"line":714,"column":41},"end":{"line":714,"column":48}}]},"131":{"line":715,"type":"cond-expr","locations":[{"start":{"line":715,"column":21},"end":{"line":715,"column":38}},{"start":{"line":715,"column":41},"end":{"line":715,"column":50}}]},"132":{"line":746,"type":"cond-expr","locations":[{"start":{"line":746,"column":45},"end":{"line":746,"column":57}},{"start":{"line":746,"column":60},"end":{"line":746,"column":64}}]},"133":{"line":749,"type":"if","locations":[{"start":{"line":749,"column":2},"end":{"line":749,"column":2}},{"start":{"line":749,"column":2},"end":{"line":749,"column":2}}]},"134":{"line":752,"type":"if","locations":[{"start":{"line":752,"column":2},"end":{"line":752,"column":2}},{"start":{"line":752,"column":2},"end":{"line":752,"column":2}}]},"135":{"line":752,"type":"binary-expr","locations":[{"start":{"line":752,"column":6},"end":{"line":752,"column":16}},{"start":{"line":752,"column":20},"end":{"line":752,"column":28}}]},"136":{"line":755,"type":"if","locations":[{"start":{"line":755,"column":2},"end":{"line":755,"column":2}},{"start":{"line":755,"column":2},"end":{"line":755,"column":2}}]},"137":{"line":755,"type":"binary-expr","locations":[{"start":{"line":755,"column":6},"end":{"line":755,"column":15}},{"start":{"line":755,"column":19},"end":{"line":755,"column":28}}]},"138":{"line":760,"type":"binary-expr","locations":[{"start":{"line":760,"column":16},"end":{"line":760,"column":43}},{"start":{"line":760,"column":47},"end":{"line":760,"column":61}}]},"139":{"line":761,"type":"binary-expr","locations":[{"start":{"line":761,"column":20},"end":{"line":761,"column":51}},{"start":{"line":761,"column":55},"end":{"line":761,"column":73}}]},"140":{"line":763,"type":"if","locations":[{"start":{"line":763,"column":2},"end":{"line":763,"column":2}},{"start":{"line":763,"column":2},"end":{"line":763,"column":2}}]},"141":{"line":822,"type":"if","locations":[{"start":{"line":822,"column":2},"end":{"line":822,"column":2}},{"start":{"line":822,"column":2},"end":{"line":822,"column":2}}]},"142":{"line":822,"type":"binary-expr","locations":[{"start":{"line":822,"column":6},"end":{"line":822,"column":61}},{"start":{"line":822,"column":65},"end":{"line":822,"column":78}}]},"143":{"line":848,"type":"cond-expr","locations":[{"start":{"line":848,"column":44},"end":{"line":848,"column":56}},{"start":{"line":848,"column":59},"end":{"line":848,"column":67}}]},"144":{"line":850,"type":"if","locations":[{"start":{"line":850,"column":2},"end":{"line":850,"column":2}},{"start":{"line":850,"column":2},"end":{"line":850,"column":2}}]},"145":{"line":852,"type":"if","locations":[{"start":{"line":852,"column":9},"end":{"line":852,"column":9}},{"start":{"line":852,"column":9},"end":{"line":852,"column":9}}]},"146":{"line":854,"type":"if","locations":[{"start":{"line":854,"column":9},"end":{"line":854,"column":9}},{"start":{"line":854,"column":9},"end":{"line":854,"column":9}}]},"147":{"line":856,"type":"if","locations":[{"start":{"line":856,"column":9},"end":{"line":856,"column":9}},{"start":{"line":856,"column":9},"end":{"line":856,"column":9}}]},"148":{"line":859,"type":"cond-expr","locations":[{"start":{"line":859,"column":44},"end":{"line":859,"column":75}},{"start":{"line":859,"column":78},"end":{"line":859,"column":115}}]},"149":{"line":859,"type":"cond-expr","locations":[{"start":{"line":859,"column":95},"end":{"line":859,"column":105}},{"start":{"line":859,"column":108},"end":{"line":859,"column":115}}]},"150":{"line":862,"type":"cond-expr","locations":[{"start":{"line":862,"column":22},"end":{"line":862,"column":32}},{"start":{"line":862,"column":35},"end":{"line":862,"column":51}}]},"151":{"line":869,"type":"binary-expr","locations":[{"start":{"line":869,"column":9},"end":{"line":869,"column":45}},{"start":{"line":869,"column":49},"end":{"line":869,"column":65}}]},"152":{"line":870,"type":"if","locations":[{"start":{"line":870,"column":4},"end":{"line":870,"column":4}},{"start":{"line":870,"column":4},"end":{"line":870,"column":4}}]},"153":{"line":877,"type":"cond-expr","locations":[{"start":{"line":877,"column":49},"end":{"line":877,"column":66}},{"start":{"line":877,"column":69},"end":{"line":877,"column":75}}]},"154":{"line":878,"type":"binary-expr","locations":[{"start":{"line":878,"column":17},"end":{"line":878,"column":32}},{"start":{"line":878,"column":36},"end":{"line":878,"column":59}},{"start":{"line":878,"column":63},"end":{"line":878,"column":89}},{"start":{"line":878,"column":93},"end":{"line":878,"column":122}},{"start":{"line":878,"column":126},"end":{"line":878,"column":151}},{"start":{"line":878,"column":155},"end":{"line":878,"column":179}}]},"155":{"line":885,"type":"if","locations":[{"start":{"line":885,"column":2},"end":{"line":885,"column":2}},{"start":{"line":885,"column":2},"end":{"line":885,"column":2}}]},"156":{"line":885,"type":"binary-expr","locations":[{"start":{"line":885,"column":6},"end":{"line":885,"column":22}},{"start":{"line":885,"column":26},"end":{"line":885,"column":37}}]},"157":{"line":886,"type":"if","locations":[{"start":{"line":886,"column":4},"end":{"line":886,"column":4}},{"start":{"line":886,"column":4},"end":{"line":886,"column":4}}]},"158":{"line":887,"type":"cond-expr","locations":[{"start":{"line":887,"column":46},"end":{"line":887,"column":53}},{"start":{"line":887,"column":56},"end":{"line":887,"column":64}}]},"159":{"line":888,"type":"cond-expr","locations":[{"start":{"line":888,"column":23},"end":{"line":888,"column":32}},{"start":{"line":888,"column":35},"end":{"line":888,"column":37}}]},"160":{"line":890,"type":"if","locations":[{"start":{"line":890,"column":4},"end":{"line":890,"column":4}},{"start":{"line":890,"column":4},"end":{"line":890,"column":4}}]},"161":{"line":898,"type":"if","locations":[{"start":{"line":898,"column":2},"end":{"line":898,"column":2}},{"start":{"line":898,"column":2},"end":{"line":898,"column":2}}]},"162":{"line":912,"type":"if","locations":[{"start":{"line":912,"column":2},"end":{"line":912,"column":2}},{"start":{"line":912,"column":2},"end":{"line":912,"column":2}}]},"163":{"line":949,"type":"if","locations":[{"start":{"line":949,"column":4},"end":{"line":949,"column":4}},{"start":{"line":949,"column":4},"end":{"line":949,"column":4}}]},"164":{"line":951,"type":"if","locations":[{"start":{"line":951,"column":8},"end":{"line":951,"column":8}},{"start":{"line":951,"column":8},"end":{"line":951,"column":8}}]},"165":{"line":951,"type":"binary-expr","locations":[{"start":{"line":951,"column":12},"end":{"line":951,"column":21}},{"start":{"line":951,"column":26},"end":{"line":951,"column":34}},{"start":{"line":951,"column":38},"end":{"line":951,"column":62}}]},"166":{"line":975,"type":"if","locations":[{"start":{"line":975,"column":4},"end":{"line":975,"column":4}},{"start":{"line":975,"column":4},"end":{"line":975,"column":4}}]},"167":{"line":975,"type":"binary-expr","locations":[{"start":{"line":975,"column":8},"end":{"line":975,"column":17}},{"start":{"line":975,"column":22},"end":{"line":975,"column":30}},{"start":{"line":975,"column":34},"end":{"line":975,"column":71}}]},"168":{"line":1020,"type":"cond-expr","locations":[{"start":{"line":1020,"column":50},"end":{"line":1020,"column":59}},{"start":{"line":1020,"column":62},"end":{"line":1020,"column":69}}]},"169":{"line":1020,"type":"binary-expr","locations":[{"start":{"line":1020,"column":9},"end":{"line":1020,"column":25}},{"start":{"line":1020,"column":29},"end":{"line":1020,"column":47}}]},"170":{"line":1024,"type":"if","locations":[{"start":{"line":1024,"column":2},"end":{"line":1024,"column":2}},{"start":{"line":1024,"column":2},"end":{"line":1024,"column":2}}]},"171":{"line":1024,"type":"binary-expr","locations":[{"start":{"line":1024,"column":6},"end":{"line":1024,"column":26}},{"start":{"line":1024,"column":30},"end":{"line":1024,"column":63}}]},"172":{"line":1038,"type":"if","locations":[{"start":{"line":1038,"column":4},"end":{"line":1038,"column":4}},{"start":{"line":1038,"column":4},"end":{"line":1038,"column":4}}]}}}}