{"/home/travis/build/webpro/DOMtastic/dist/domtastic.js":{"path":"/home/travis/build/webpro/DOMtastic/dist/domtastic.js","s":{"1":1,"2":1,"3":0,"4":1,"5":0,"6":1,"7":1,"8":1,"9":1,"10":1,"11":39,"12":18,"13":0,"14":0,"15":0,"16":0,"17":0,"18":0,"19":0,"20":18,"21":18,"22":37,"23":37,"24":39,"25":1,"26":1,"27":1,"28":1,"29":1,"30":1,"31":1,"32":1,"33":1,"34":1,"35":1,"36":1,"37":1,"38":6,"39":18,"40":6,"41":1,"42":24,"43":1,"44":1,"45":1,"46":1,"47":1,"48":1,"49":1,"50":1,"51":11,"52":1,"53":1,"54":1,"55":1,"56":1,"57":1,"58":1,"59":1,"60":1,"61":1,"62":1,"63":1,"64":1,"65":1,"66":1,"67":1,"68":1,"69":1,"70":1,"71":1,"72":11,"73":2,"74":2,"75":9,"76":15,"77":5,"78":10,"79":10,"80":9,"81":1,"82":2,"83":3,"84":2,"85":1,"86":1,"87":1,"88":1,"89":1,"90":8,"91":7,"92":8,"93":1,"94":3,"95":3,"96":3,"97":1,"98":5,"99":5,"100":5,"101":1,"102":5,"103":6,"104":1,"105":18,"106":18,"107":1,"108":1,"109":1,"110":1,"111":1,"112":1,"113":12,"114":1,"115":11,"116":10,"117":1,"118":1,"119":0,"120":1,"121":1,"122":1,"123":1,"124":2,"125":1,"126":14,"127":7,"128":1,"129":1,"130":1,"131":14,"132":14,"133":12,"134":12,"135":3,"136":3,"137":2,"138":2,"139":1,"140":9,"141":9,"142":2,"143":2,"144":2,"145":2,"146":2,"147":11,"148":9,"149":10,"150":9,"151":1,"152":11,"153":1,"154":1,"155":1,"156":1,"157":1,"158":9,"159":2,"160":2,"161":7,"162":9,"163":9,"164":7,"165":1,"166":8,"167":2,"168":2,"169":6,"170":8,"171":6,"172":1,"173":1,"174":1,"175":1,"176":1,"177":1,"178":62,"179":36,"180":17,"181":19,"182":1,"183":18,"184":18,"185":26,"186":62,"187":1,"188":49,"189":37,"190":8,"191":29,"192":20,"193":9,"194":9,"195":12,"196":49,"197":1,"198":57,"199":45,"200":9,"201":36,"202":25,"203":11,"204":11,"205":12,"206":57,"207":1,"208":43,"209":34,"210":6,"211":28,"212":19,"213":9,"214":9,"215":9,"216":43,"217":1,"218":4,"219":1,"220":34,"221":9,"222":25,"223":0,"224":25,"225":25,"226":51,"227":0,"228":1,"229":59,"230":59,"231":89,"232":89,"233":1,"234":1,"235":1,"236":1,"237":1,"238":1,"239":1,"240":1,"241":1,"242":1,"243":1,"244":1,"245":1,"246":5,"247":5,"248":5,"249":1,"250":2,"251":3,"252":1,"253":5,"254":8,"255":8,"256":1,"257":3,"258":1,"259":5,"260":1,"261":4,"262":4,"263":4,"264":1,"265":5,"266":1,"267":4,"268":4,"269":4,"270":1,"271":1,"272":1,"273":1,"274":1,"275":1,"276":1,"277":1,"278":1,"279":1,"280":51,"281":33,"282":33,"283":51,"284":51,"285":57,"286":57,"287":57,"288":57,"289":57,"290":73,"291":24,"292":73,"293":73,"294":51,"295":1,"296":15,"297":15,"298":3,"299":3,"300":15,"301":15,"302":17,"303":17,"304":17,"305":17,"306":25,"307":25,"308":221,"309":47,"310":47,"311":25,"312":4,"313":21,"314":3,"315":15,"316":1,"317":1,"318":1,"319":1,"320":1,"321":98,"322":17,"323":98,"324":98,"325":1,"326":7,"327":7,"328":7,"329":7,"330":7,"331":1,"332":57,"333":47,"334":1,"335":1,"336":8,"337":6,"338":1,"339":47,"340":47,"341":141,"342":141,"343":11,"344":11,"345":141,"346":47,"347":3,"348":47,"349":1,"350":26,"351":26,"352":26,"353":25,"354":1,"355":1,"356":1,"357":1,"358":1,"359":1,"360":1,"361":1,"362":16,"363":4,"364":4,"365":12,"366":11,"367":12,"368":1,"369":1,"370":1,"371":1,"372":1,"373":1,"374":1,"375":1,"376":1,"377":1,"378":2,"379":2,"380":0,"381":2,"382":1,"383":1,"384":1,"385":1,"386":1,"387":1,"388":1,"389":1,"390":388,"391":388,"392":388,"393":5,"394":383,"395":1,"396":382,"397":134,"398":248,"399":70,"400":178,"401":178,"402":387,"403":1,"404":13,"405":13,"406":18,"407":30,"408":25,"409":13,"410":1,"411":1,"412":33,"413":33,"414":41,"415":63,"416":39,"417":39,"418":24,"419":33,"420":1,"421":0,"422":0,"423":0,"424":0,"425":0,"426":0,"427":0,"428":0,"429":1,"430":1,"431":1,"432":104,"433":1,"434":196,"435":196,"436":94,"437":53,"438":53,"439":41,"440":22,"441":19,"442":102,"443":1,"444":70,"445":21,"446":49,"447":49,"448":49,"449":74,"450":49,"451":1,"452":387,"453":1,"454":1,"455":1,"456":387,"457":1,"458":387,"459":387,"460":722,"461":387,"462":1,"463":1,"464":1,"465":1,"466":1,"467":1,"468":1,"469":1,"470":1,"471":1,"472":1,"473":1,"474":6,"475":6,"476":8,"477":7,"478":21,"479":17,"480":6,"481":1,"482":4,"483":4,"484":5,"485":4,"486":1,"487":2,"488":1,"489":1,"490":1,"491":3,"492":3,"493":11,"494":9,"495":3,"496":1,"497":3,"498":3,"499":3,"500":15,"501":6,"502":3,"503":1,"504":4,"505":1,"506":1,"507":1,"508":1,"509":1,"510":1,"511":1,"512":1,"513":1,"514":1,"515":1,"516":1,"517":1,"518":1,"519":15,"520":15,"521":15,"522":15,"523":15,"524":15,"525":15,"526":15,"527":15,"528":13,"529":2,"530":15,"531":1,"532":15,"533":1,"534":4,"535":4,"536":1,"537":10,"538":2,"539":8,"540":1,"541":2,"542":2,"543":2,"544":2,"545":2,"546":4,"547":1,"548":1,"549":17,"550":3,"551":14,"552":1,"553":1,"554":53,"555":53,"556":53,"557":53,"558":1,"559":1,"560":1,"561":1,"562":1,"563":1,"564":1,"565":1,"566":0,"567":1,"568":1,"569":1,"570":1,"571":1,"572":1,"573":0,"574":1,"575":1,"576":1,"577":1,"578":14,"579":1,"580":1,"581":1,"582":1,"583":1,"584":1,"585":20,"586":20,"587":53,"588":20,"589":1,"590":323,"591":323,"592":319,"593":472,"594":4,"595":323,"596":1,"597":3,"598":17,"599":3,"600":17,"601":70,"602":3,"603":1,"604":33,"605":39,"606":1,"607":1,"608":1,"609":1,"610":1,"611":1,"612":1,"613":16,"614":1,"615":1,"616":1,"617":1,"618":1,"619":1,"620":1,"621":1,"622":1,"623":1,"624":1,"625":1,"626":1,"627":1,"628":1,"629":1,"630":1,"631":1,"632":1,"633":1,"634":1,"635":1,"636":1,"637":1,"638":1,"639":1,"640":1,"641":1,"642":1},"b":{"1":[0,1],"2":[1,0],"3":[0,1],"4":[1,0],"5":[1,0],"6":[0,0],"7":[0,0],"8":[18,21],"9":[0,18],"10":[0,0],"11":[0,0],"12":[0,0],"13":[0,0],"14":[37,0],"15":[1,0],"16":[2,4],"17":[2,9],"18":[11,8],"19":[0,2],"20":[1,1],"21":[5,10],"22":[7,1],"23":[8,7],"24":[3,0],"25":[3,3],"26":[5,0],"27":[5,5],"28":[0,5],"29":[1,11],"30":[12,12,12],"31":[10,1],"32":[1,0],"33":[2,1],"34":[12,2],"35":[3,9],"36":[0,3],"37":[2,1],"38":[1,1],"39":[9,1],"40":[10,1],"41":[2,7],"42":[9,7],"43":[0,2],"44":[1,1],"45":[2,1],"46":[9,7],"47":[2,6],"48":[8,6],"49":[0,2],"50":[1,1],"51":[2,1],"52":[36,26],"53":[17,19],"54":[1,18],"55":[1,17],"56":[37,12],"57":[8,29],"58":[20,9],"59":[1,8],"60":[45,12],"61":[9,36],"62":[25,11],"63":[1,10],"64":[34,9],"65":[6,28],"66":[19,9],"67":[1,8],"68":[9,25],"69":[0,25],"70":[25,0],"71":[59,30],"72":[1,4],"73":[8,0],"74":[1,4],"75":[1,4],"76":[33,18],"77":[57,2],"78":[57,52],"79":[24,49],"80":[73,73],"81":[4,11],"82":[3,12],"83":[17,5],"84":[17,15],"85":[221,176,65,21,47,15,47,9],"86":[47,47],"87":[4,21],"88":[25,5,4,4],"89":[3,18],"90":[17,81],"91":[10,7],"92":[98,17],"93":[7,0],"94":[47,0],"95":[47,16,0],"96":[11,11],"97":[3,44],"98":[26,25],"99":[26,0],"100":[26,26],"101":[25,1],"102":[26,5],"103":[5,1],"104":[4,12],"105":[0,4],"106":[1,3],"107":[2,0],"108":[2,2],"109":[386,2],"110":[5,383],"111":[1,382],"112":[134,248],"113":[46,88],"114":[134,91],"115":[70,178],"116":[1,177],"117":[0,177],"118":[25,5],"119":[65,64],"120":[39,24],"121":[1,0],"122":[0,0],"123":[0,0],"124":[1,0],"125":[1,1,1,1,1,1],"126":[94,102],"127":[53,41],"128":[52,1],"129":[41,12],"130":[22,19],"131":[21,49],"132":[1,386],"133":[7,1],"134":[17,4],"135":[21,10,10],"136":[9,2],"137":[11,5,5],"138":[6,9],"139":[15,12,8,8],"140":[6,9],"141":[5,10],"142":[4,11],"143":[4,11],"144":[13,2],"145":[15,10,10],"146":[0,15],"147":[0,0],"148":[0,0],"149":[4,0],"150":[2,8],"151":[10,9],"152":[0,2],"153":[3,14],"154":[17,4,4,3],"155":[1,52],"156":[1,0],"157":[1,0],"158":[319,4],"159":[323,320],"160":[16,0],"161":[16,16],"162":[1,0]},"f":{"1":1,"2":1,"3":1,"4":39,"5":37,"6":1,"7":6,"8":18,"9":24,"10":11,"11":1,"12":11,"13":15,"14":2,"15":3,"16":1,"17":8,"18":3,"19":5,"20":5,"21":6,"22":18,"23":18,"24":1,"25":12,"26":1,"27":2,"28":14,"29":7,"30":1,"31":14,"32":9,"33":1,"34":9,"35":9,"36":8,"37":8,"38":1,"39":62,"40":49,"41":57,"42":43,"43":4,"44":34,"45":51,"46":59,"47":1,"48":5,"49":2,"50":3,"51":5,"52":8,"53":3,"54":5,"55":4,"56":5,"57":4,"58":1,"59":51,"60":57,"61":73,"62":15,"63":17,"64":25,"65":221,"66":47,"67":98,"68":7,"69":57,"70":47,"71":1,"72":8,"73":6,"74":47,"75":141,"76":11,"77":26,"78":1,"79":16,"80":11,"81":1,"82":1,"83":1,"84":2,"85":1,"86":388,"87":13,"88":18,"89":30,"90":1,"91":33,"92":41,"93":0,"94":0,"95":1,"96":104,"97":196,"98":70,"99":387,"100":387,"101":1,"102":6,"103":8,"104":21,"105":4,"106":5,"107":2,"108":1,"109":3,"110":11,"111":3,"112":3,"113":15,"114":4,"115":1,"116":15,"117":15,"118":15,"119":4,"120":10,"121":2,"122":17,"123":1,"124":53,"125":1,"126":0,"127":1,"128":1,"129":14,"130":1,"131":20,"132":323,"133":3,"134":17,"135":33,"136":39,"137":1,"138":16},"fnMap":{"1":{"name":"(anonymous_1)","line":1,"loc":{"start":{"line":1,"column":1},"end":{"line":1,"column":12}}},"2":{"name":"(anonymous_2)","line":1,"loc":{"start":{"line":1,"column":275},"end":{"line":1,"column":285}}},"3":{"name":"e","line":1,"loc":{"start":{"line":1,"column":320},"end":{"line":1,"column":337}}},"4":{"name":"s","line":1,"loc":{"start":{"line":1,"column":323},"end":{"line":1,"column":353}}},"5":{"name":"(anonymous_5)","line":1,"loc":{"start":{"line":1,"column":587},"end":{"line":1,"column":598}}},"6":{"name":"(anonymous_6)","line":1,"loc":{"start":{"line":1,"column":766},"end":{"line":1,"column":798}}},"7":{"name":"filter","line":18,"loc":{"start":{"line":18,"column":0},"end":{"line":18,"column":35}}},"8":{"name":"(anonymous_8)","line":19,"loc":{"start":{"line":19,"column":61},"end":{"line":19,"column":80}}},"9":{"name":"forEach","line":25,"loc":{"start":{"line":25,"column":0},"end":{"line":25,"column":36}}},"10":{"name":"reverse","line":43,"loc":{"start":{"line":43,"column":0},"end":{"line":43,"column":19}}},"11":{"name":"(anonymous_11)","line":69,"loc":{"start":{"line":69,"column":36},"end":{"line":69,"column":68}}},"12":{"name":"attr","line":75,"loc":{"start":{"line":75,"column":0},"end":{"line":75,"column":26}}},"13":{"name":"(anonymous_13)","line":81,"loc":{"start":{"line":81,"column":15},"end":{"line":81,"column":34}}},"14":{"name":"removeAttr","line":94,"loc":{"start":{"line":94,"column":0},"end":{"line":94,"column":25}}},"15":{"name":"(anonymous_15)","line":95,"loc":{"start":{"line":95,"column":15},"end":{"line":95,"column":34}}},"16":{"name":"(anonymous_16)","line":105,"loc":{"start":{"line":105,"column":20},"end":{"line":105,"column":52}}},"17":{"name":"addClass","line":111,"loc":{"start":{"line":111,"column":0},"end":{"line":111,"column":25}}},"18":{"name":"removeClass","line":118,"loc":{"start":{"line":118,"column":0},"end":{"line":118,"column":28}}},"19":{"name":"toggleClass","line":125,"loc":{"start":{"line":125,"column":0},"end":{"line":125,"column":28}}},"20":{"name":"hasClass","line":132,"loc":{"start":{"line":132,"column":0},"end":{"line":132,"column":25}}},"21":{"name":"(anonymous_21)","line":133,"loc":{"start":{"line":133,"column":48},"end":{"line":133,"column":67}}},"22":{"name":"_each","line":138,"loc":{"start":{"line":138,"column":0},"end":{"line":138,"column":34}}},"23":{"name":"(anonymous_23)","line":139,"loc":{"start":{"line":139,"column":15},"end":{"line":139,"column":34}}},"24":{"name":"(anonymous_24)","line":150,"loc":{"start":{"line":150,"column":20},"end":{"line":150,"column":52}}},"25":{"name":"contains","line":153,"loc":{"start":{"line":153,"column":0},"end":{"line":153,"column":38}}},"26":{"name":"(anonymous_26)","line":168,"loc":{"start":{"line":168,"column":9},"end":{"line":168,"column":41}}},"27":{"name":"isNumeric","line":174,"loc":{"start":{"line":174,"column":0},"end":{"line":174,"column":26}}},"28":{"name":"camelize","line":178,"loc":{"start":{"line":178,"column":0},"end":{"line":178,"column":25}}},"29":{"name":"(anonymous_29)","line":179,"loc":{"start":{"line":179,"column":41},"end":{"line":179,"column":68}}},"30":{"name":"dasherize","line":184,"loc":{"start":{"line":184,"column":0},"end":{"line":184,"column":26}}},"31":{"name":"css","line":188,"loc":{"start":{"line":188,"column":0},"end":{"line":188,"column":25}}},"32":{"name":"(anonymous_32)","line":214,"loc":{"start":{"line":214,"column":15},"end":{"line":214,"column":34}}},"33":{"name":"(anonymous_33)","line":230,"loc":{"start":{"line":230,"column":20},"end":{"line":230,"column":52}}},"34":{"name":"data","line":238,"loc":{"start":{"line":238,"column":0},"end":{"line":238,"column":26}}},"35":{"name":"(anonymous_35)","line":244,"loc":{"start":{"line":244,"column":15},"end":{"line":244,"column":34}}},"36":{"name":"prop","line":252,"loc":{"start":{"line":252,"column":0},"end":{"line":252,"column":26}}},"37":{"name":"(anonymous_37)","line":258,"loc":{"start":{"line":258,"column":15},"end":{"line":258,"column":34}}},"38":{"name":"(anonymous_38)","line":270,"loc":{"start":{"line":270,"column":20},"end":{"line":270,"column":52}}},"39":{"name":"append","line":277,"loc":{"start":{"line":277,"column":0},"end":{"line":277,"column":25}}},"40":{"name":"prepend","line":295,"loc":{"start":{"line":295,"column":0},"end":{"line":295,"column":26}}},"41":{"name":"before","line":313,"loc":{"start":{"line":313,"column":0},"end":{"line":313,"column":25}}},"42":{"name":"after","line":331,"loc":{"start":{"line":331,"column":0},"end":{"line":331,"column":24}}},"43":{"name":"clone","line":349,"loc":{"start":{"line":349,"column":0},"end":{"line":349,"column":17}}},"44":{"name":"_clone","line":353,"loc":{"start":{"line":353,"column":0},"end":{"line":353,"column":25}}},"45":{"name":"(anonymous_45)","line":359,"loc":{"start":{"line":359,"column":36},"end":{"line":359,"column":50}}},"46":{"name":"_each","line":366,"loc":{"start":{"line":366,"column":0},"end":{"line":366,"column":40}}},"47":{"name":"(anonymous_47)","line":381,"loc":{"start":{"line":381,"column":36},"end":{"line":381,"column":68}}},"48":{"name":"appendTo","line":393,"loc":{"start":{"line":393,"column":0},"end":{"line":393,"column":27}}},"49":{"name":"empty","line":399,"loc":{"start":{"line":399,"column":0},"end":{"line":399,"column":17}}},"50":{"name":"(anonymous_50)","line":400,"loc":{"start":{"line":400,"column":22},"end":{"line":400,"column":41}}},"51":{"name":"remove","line":405,"loc":{"start":{"line":405,"column":0},"end":{"line":405,"column":18}}},"52":{"name":"(anonymous_52)","line":406,"loc":{"start":{"line":406,"column":22},"end":{"line":406,"column":41}}},"53":{"name":"replaceWith","line":413,"loc":{"start":{"line":413,"column":0},"end":{"line":413,"column":23}}},"54":{"name":"text","line":417,"loc":{"start":{"line":417,"column":0},"end":{"line":417,"column":21}}},"55":{"name":"(anonymous_55)","line":422,"loc":{"start":{"line":422,"column":15},"end":{"line":422,"column":34}}},"56":{"name":"val","line":429,"loc":{"start":{"line":429,"column":0},"end":{"line":429,"column":20}}},"57":{"name":"(anonymous_57)","line":434,"loc":{"start":{"line":434,"column":15},"end":{"line":434,"column":34}}},"58":{"name":"(anonymous_58)","line":449,"loc":{"start":{"line":449,"column":46},"end":{"line":449,"column":78}}},"59":{"name":"on","line":456,"loc":{"start":{"line":456,"column":0},"end":{"line":456,"column":55}}},"60":{"name":"(anonymous_60)","line":464,"loc":{"start":{"line":464,"column":34},"end":{"line":464,"column":55}}},"61":{"name":"(anonymous_61)","line":471,"loc":{"start":{"line":471,"column":19},"end":{"line":471,"column":38}}},"62":{"name":"off","line":491,"loc":{"start":{"line":491,"column":0},"end":{"line":491,"column":48}}},"63":{"name":"(anonymous_63)","line":502,"loc":{"start":{"line":502,"column":34},"end":{"line":502,"column":55}}},"64":{"name":"(anonymous_64)","line":507,"loc":{"start":{"line":507,"column":19},"end":{"line":507,"column":38}}},"65":{"name":"(anonymous_65)","line":510,"loc":{"start":{"line":510,"column":33},"end":{"line":510,"column":49}}},"66":{"name":"(anonymous_66)","line":512,"loc":{"start":{"line":512,"column":16},"end":{"line":512,"column":32}}},"67":{"name":"getHandlers","line":533,"loc":{"start":{"line":533,"column":0},"end":{"line":533,"column":30}}},"68":{"name":"clearHandlers","line":541,"loc":{"start":{"line":541,"column":0},"end":{"line":541,"column":32}}},"69":{"name":"proxyHandler","line":550,"loc":{"start":{"line":550,"column":0},"end":{"line":550,"column":31}}},"70":{"name":"(anonymous_70)","line":551,"loc":{"start":{"line":551,"column":11},"end":{"line":551,"column":28}}},"71":{"name":"(anonymous_71)","line":556,"loc":{"start":{"line":556,"column":20},"end":{"line":556,"column":32}}},"72":{"name":"(anonymous_72)","line":563,"loc":{"start":{"line":563,"column":21},"end":{"line":563,"column":33}}},"73":{"name":"(anonymous_73)","line":566,"loc":{"start":{"line":566,"column":22},"end":{"line":566,"column":34}}},"74":{"name":"(anonymous_74)","line":570,"loc":{"start":{"line":570,"column":11},"end":{"line":570,"column":28}}},"75":{"name":"(anonymous_75)","line":573,"loc":{"start":{"line":573,"column":17},"end":{"line":573,"column":71}}},"76":{"name":"(anonymous_76)","line":574,"loc":{"start":{"line":574,"column":40},"end":{"line":574,"column":52}}},"77":{"name":"delegateHandler","line":589,"loc":{"start":{"line":589,"column":0},"end":{"line":589,"column":51}}},"78":{"name":"(anonymous_78)","line":608,"loc":{"start":{"line":608,"column":37},"end":{"line":608,"column":69}}},"79":{"name":"html","line":614,"loc":{"start":{"line":614,"column":0},"end":{"line":614,"column":24}}},"80":{"name":"(anonymous_80)","line":620,"loc":{"start":{"line":620,"column":13},"end":{"line":620,"column":32}}},"81":{"name":"(anonymous_81)","line":630,"loc":{"start":{"line":630,"column":21},"end":{"line":630,"column":53}}},"82":{"name":"noConflict","line":638,"loc":{"start":{"line":638,"column":0},"end":{"line":638,"column":22}}},"83":{"name":"(anonymous_83)","line":646,"loc":{"start":{"line":646,"column":21},"end":{"line":646,"column":53}}},"84":{"name":"ready","line":649,"loc":{"start":{"line":649,"column":0},"end":{"line":649,"column":24}}},"85":{"name":"(anonymous_85)","line":661,"loc":{"start":{"line":661,"column":10},"end":{"line":661,"column":42}}},"86":{"name":"$","line":676,"loc":{"start":{"line":676,"column":0},"end":{"line":676,"column":21}}},"87":{"name":"find","line":699,"loc":{"start":{"line":699,"column":0},"end":{"line":699,"column":24}}},"88":{"name":"(anonymous_88)","line":701,"loc":{"start":{"line":701,"column":15},"end":{"line":701,"column":31}}},"89":{"name":"(anonymous_89)","line":702,"loc":{"start":{"line":702,"column":44},"end":{"line":702,"column":61}}},"90":{"name":"(anonymous_90)","line":711,"loc":{"start":{"line":711,"column":15},"end":{"line":711,"column":27}}},"91":{"name":"closest","line":712,"loc":{"start":{"line":712,"column":4},"end":{"line":712,"column":40}}},"92":{"name":"(anonymous_92)","line":714,"loc":{"start":{"line":714,"column":19},"end":{"line":714,"column":35}}},"93":{"name":"(anonymous_93)","line":726,"loc":{"start":{"line":726,"column":50},"end":{"line":726,"column":79}}},"94":{"name":"(anonymous_94)","line":729,"loc":{"start":{"line":729,"column":23},"end":{"line":729,"column":39}}},"95":{"name":"(anonymous_95)","line":742,"loc":{"start":{"line":742,"column":15},"end":{"line":742,"column":27}}},"96":{"name":"(anonymous_96)","line":745,"loc":{"start":{"line":745,"column":11},"end":{"line":745,"column":40}}},"97":{"name":"querySelector","line":750,"loc":{"start":{"line":750,"column":0},"end":{"line":750,"column":42}}},"98":{"name":"createFragment","line":767,"loc":{"start":{"line":767,"column":0},"end":{"line":767,"column":30}}},"99":{"name":"wrap","line":785,"loc":{"start":{"line":785,"column":0},"end":{"line":785,"column":26}}},"100":{"name":"Wrapper","line":795,"loc":{"start":{"line":795,"column":0},"end":{"line":795,"column":29}}},"101":{"name":"(anonymous_101)","line":810,"loc":{"start":{"line":810,"column":21},"end":{"line":810,"column":53}}},"102":{"name":"children","line":823,"loc":{"start":{"line":823,"column":0},"end":{"line":823,"column":28}}},"103":{"name":"(anonymous_103)","line":825,"loc":{"start":{"line":825,"column":15},"end":{"line":825,"column":34}}},"104":{"name":"(anonymous_104)","line":827,"loc":{"start":{"line":827,"column":35},"end":{"line":827,"column":52}}},"105":{"name":"contents","line":837,"loc":{"start":{"line":837,"column":0},"end":{"line":837,"column":20}}},"106":{"name":"(anonymous_106)","line":839,"loc":{"start":{"line":839,"column":15},"end":{"line":839,"column":34}}},"107":{"name":"eq","line":845,"loc":{"start":{"line":845,"column":0},"end":{"line":845,"column":19}}},"108":{"name":"get","line":849,"loc":{"start":{"line":849,"column":0},"end":{"line":849,"column":20}}},"109":{"name":"parent","line":853,"loc":{"start":{"line":853,"column":0},"end":{"line":853,"column":26}}},"110":{"name":"(anonymous_110)","line":855,"loc":{"start":{"line":855,"column":15},"end":{"line":855,"column":34}}},"111":{"name":"siblings","line":863,"loc":{"start":{"line":863,"column":0},"end":{"line":863,"column":28}}},"112":{"name":"(anonymous_112)","line":865,"loc":{"start":{"line":865,"column":15},"end":{"line":865,"column":34}}},"113":{"name":"(anonymous_113)","line":866,"loc":{"start":{"line":866,"column":42},"end":{"line":866,"column":61}}},"114":{"name":"slice","line":875,"loc":{"start":{"line":875,"column":0},"end":{"line":875,"column":27}}},"115":{"name":"(anonymous_115)","line":888,"loc":{"start":{"line":888,"column":37},"end":{"line":888,"column":69}}},"116":{"name":"trigger","line":901,"loc":{"start":{"line":901,"column":0},"end":{"line":901,"column":29}}},"117":{"name":"(anonymous_117)","line":915,"loc":{"start":{"line":915,"column":15},"end":{"line":915,"column":34}}},"118":{"name":"getEventConstructor","line":925,"loc":{"start":{"line":925,"column":0},"end":{"line":925,"column":35}}},"119":{"name":"triggerHandler","line":929,"loc":{"start":{"line":929,"column":0},"end":{"line":929,"column":36}}},"120":{"name":"isAttachedToDocument","line":935,"loc":{"start":{"line":935,"column":0},"end":{"line":935,"column":39}}},"121":{"name":"triggerForPath","line":942,"loc":{"start":{"line":942,"column":0},"end":{"line":942,"column":39}}},"122":{"name":"dispatchEvent","line":954,"loc":{"start":{"line":954,"column":0},"end":{"line":954,"column":39}}},"123":{"name":"(anonymous_123)","line":962,"loc":{"start":{"line":962,"column":1},"end":{"line":962,"column":13}}},"124":{"name":"CustomEvent","line":963,"loc":{"start":{"line":963,"column":4},"end":{"line":963,"column":32}}},"125":{"name":"(anonymous_125)","line":974,"loc":{"start":{"line":974,"column":37},"end":{"line":974,"column":49}}},"126":{"name":"(anonymous_126)","line":981,"loc":{"start":{"line":981,"column":37},"end":{"line":981,"column":49}}},"127":{"name":"(anonymous_127)","line":989,"loc":{"start":{"line":989,"column":38},"end":{"line":989,"column":50}}},"128":{"name":"(anonymous_128)","line":1002,"loc":{"start":{"line":1002,"column":36},"end":{"line":1002,"column":68}}},"129":{"name":"isFunction","line":1005,"loc":{"start":{"line":1005,"column":0},"end":{"line":1005,"column":25}}},"130":{"name":"(anonymous_130)","line":1015,"loc":{"start":{"line":1015,"column":10},"end":{"line":1015,"column":42}}},"131":{"name":"toArray","line":1020,"loc":{"start":{"line":1020,"column":0},"end":{"line":1020,"column":29}}},"132":{"name":"each","line":1029,"loc":{"start":{"line":1029,"column":0},"end":{"line":1029,"column":45}}},"133":{"name":"extend","line":1041,"loc":{"start":{"line":1041,"column":0},"end":{"line":1041,"column":24}}},"134":{"name":"(anonymous_134)","line":1046,"loc":{"start":{"line":1046,"column":20},"end":{"line":1046,"column":35}}},"135":{"name":"uniq","line":1054,"loc":{"start":{"line":1054,"column":0},"end":{"line":1054,"column":26}}},"136":{"name":"(anonymous_136)","line":1055,"loc":{"start":{"line":1055,"column":29},"end":{"line":1055,"column":52}}},"137":{"name":"(anonymous_137)","line":1067,"loc":{"start":{"line":1067,"column":10},"end":{"line":1067,"column":42}}},"138":{"name":"(anonymous_138)","line":1070,"loc":{"start":{"line":1070,"column":30},"end":{"line":1070,"column":45}}}},"statementMap":{"1":{"start":{"line":1,"column":0},"end":{"line":1129,"column":3}},"2":{"start":{"line":1,"column":13},"end":{"line":1,"column":273}},"3":{"start":{"line":1,"column":69},"end":{"line":1,"column":88}},"4":{"start":{"line":1,"column":93},"end":{"line":1,"column":273}},"5":{"start":{"line":1,"column":134},"end":{"line":1,"column":147}},"6":{"start":{"line":1,"column":152},"end":{"line":1,"column":158}},"7":{"start":{"line":1,"column":158},"end":{"line":1,"column":272}},"8":{"start":{"line":1,"column":286},"end":{"line":1,"column":312}},"9":{"start":{"line":1,"column":312},"end":{"line":1129,"column":0}},"10":{"start":{"line":1,"column":323},"end":{"line":1,"column":674}},"11":{"start":{"line":1,"column":354},"end":{"line":1,"column":654}},"12":{"start":{"line":1,"column":364},"end":{"line":1,"column":540}},"13":{"start":{"line":1,"column":374},"end":{"line":1,"column":416}},"14":{"start":{"line":1,"column":416},"end":{"line":1,"column":440}},"15":{"start":{"line":1,"column":425},"end":{"line":1,"column":440}},"16":{"start":{"line":1,"column":440},"end":{"line":1,"column":460}},"17":{"start":{"line":1,"column":445},"end":{"line":1,"column":460}},"18":{"start":{"line":1,"column":460},"end":{"line":1,"column":506}},"19":{"start":{"line":1,"column":506},"end":{"line":1,"column":539}},"20":{"start":{"line":1,"column":540},"end":{"line":1,"column":564}},"21":{"start":{"line":1,"column":564},"end":{"line":1,"column":653}},"22":{"start":{"line":1,"column":599},"end":{"line":1,"column":616}},"23":{"start":{"line":1,"column":616},"end":{"line":1,"column":631}},"24":{"start":{"line":1,"column":654},"end":{"line":1,"column":673}},"25":{"start":{"line":1,"column":674},"end":{"line":1,"column":716}},"26":{"start":{"line":1,"column":716},"end":{"line":1,"column":751}},"27":{"start":{"line":1,"column":743},"end":{"line":1,"column":751}},"28":{"start":{"line":1,"column":751},"end":{"line":1,"column":759}},"29":{"start":{"line":4,"column":0},"end":{"line":4,"column":30}},"30":{"start":{"line":6,"column":0},"end":{"line":6,"column":23}},"31":{"start":{"line":7,"column":0},"end":{"line":7,"column":28}},"32":{"start":{"line":8,"column":0},"end":{"line":8,"column":38}},"33":{"start":{"line":10,"column":0},"end":{"line":10,"column":20}},"34":{"start":{"line":11,"column":0},"end":{"line":11,"column":32}},"35":{"start":{"line":14,"column":0},"end":{"line":14,"column":33}},"36":{"start":{"line":16,"column":0},"end":{"line":16,"column":29}},"37":{"start":{"line":18,"column":0},"end":{"line":23,"column":1}},"38":{"start":{"line":19,"column":2},"end":{"line":21,"column":4}},"39":{"start":{"line":20,"column":4},"end":{"line":20,"column":38}},"40":{"start":{"line":22,"column":2},"end":{"line":22,"column":60}},"41":{"start":{"line":25,"column":0},"end":{"line":27,"column":1}},"42":{"start":{"line":26,"column":2},"end":{"line":26,"column":40}},"43":{"start":{"line":29,"column":0},"end":{"line":29,"column":19}},"44":{"start":{"line":31,"column":0},"end":{"line":31,"column":33}},"45":{"start":{"line":33,"column":0},"end":{"line":33,"column":25}},"46":{"start":{"line":35,"column":0},"end":{"line":35,"column":25}},"47":{"start":{"line":37,"column":0},"end":{"line":37,"column":27}},"48":{"start":{"line":39,"column":0},"end":{"line":39,"column":31}},"49":{"start":{"line":41,"column":0},"end":{"line":41,"column":41}},"50":{"start":{"line":43,"column":0},"end":{"line":45,"column":1}},"51":{"start":{"line":44,"column":2},"end":{"line":44,"column":36}},"52":{"start":{"line":47,"column":0},"end":{"line":47,"column":29}},"53":{"start":{"line":49,"column":0},"end":{"line":49,"column":27}},"54":{"start":{"line":51,"column":0},"end":{"line":51,"column":33}},"55":{"start":{"line":53,"column":0},"end":{"line":53,"column":20}},"56":{"start":{"line":54,"column":0},"end":{"line":54,"column":22}},"57":{"start":{"line":55,"column":0},"end":{"line":55,"column":24}},"58":{"start":{"line":56,"column":0},"end":{"line":56,"column":26}},"59":{"start":{"line":57,"column":0},"end":{"line":57,"column":26}},"60":{"start":{"line":58,"column":0},"end":{"line":58,"column":18}},"61":{"start":{"line":59,"column":0},"end":{"line":59,"column":18}},"62":{"start":{"line":60,"column":0},"end":{"line":60,"column":20}},"63":{"start":{"line":61,"column":0},"end":{"line":61,"column":24}},"64":{"start":{"line":62,"column":0},"end":{"line":62,"column":34}},"65":{"start":{"line":63,"column":0},"end":{"line":63,"column":26}},"66":{"start":{"line":64,"column":0},"end":{"line":64,"column":22}},"67":{"start":{"line":65,"column":0},"end":{"line":65,"column":20}},"68":{"start":{"line":66,"column":0},"end":{"line":66,"column":26}},"69":{"start":{"line":67,"column":0},"end":{"line":67,"column":26}},"70":{"start":{"line":72,"column":0},"end":{"line":72,"column":34}},"71":{"start":{"line":75,"column":0},"end":{"line":92,"column":1}},"72":{"start":{"line":76,"column":4},"end":{"line":79,"column":5}},"73":{"start":{"line":77,"column":8},"end":{"line":77,"column":53}},"74":{"start":{"line":78,"column":8},"end":{"line":78,"column":63}},"75":{"start":{"line":81,"column":4},"end":{"line":89,"column":7}},"76":{"start":{"line":82,"column":8},"end":{"line":88,"column":9}},"77":{"start":{"line":83,"column":12},"end":{"line":85,"column":13}},"78":{"start":{"line":84,"column":16},"end":{"line":84,"column":54}},"79":{"start":{"line":87,"column":12},"end":{"line":87,"column":45}},"80":{"start":{"line":91,"column":4},"end":{"line":91,"column":16}},"81":{"start":{"line":94,"column":0},"end":{"line":99,"column":1}},"82":{"start":{"line":95,"column":4},"end":{"line":97,"column":7}},"83":{"start":{"line":96,"column":8},"end":{"line":96,"column":37}},"84":{"start":{"line":98,"column":4},"end":{"line":98,"column":16}},"85":{"start":{"line":101,"column":0},"end":{"line":101,"column":20}},"86":{"start":{"line":102,"column":0},"end":{"line":102,"column":32}},"87":{"start":{"line":103,"column":0},"end":{"line":103,"column":26}},"88":{"start":{"line":108,"column":0},"end":{"line":108,"column":34}},"89":{"start":{"line":111,"column":0},"end":{"line":116,"column":1}},"90":{"start":{"line":112,"column":4},"end":{"line":114,"column":5}},"91":{"start":{"line":113,"column":8},"end":{"line":113,"column":56}},"92":{"start":{"line":115,"column":4},"end":{"line":115,"column":16}},"93":{"start":{"line":118,"column":0},"end":{"line":123,"column":1}},"94":{"start":{"line":119,"column":4},"end":{"line":121,"column":5}},"95":{"start":{"line":120,"column":8},"end":{"line":120,"column":59}},"96":{"start":{"line":122,"column":4},"end":{"line":122,"column":16}},"97":{"start":{"line":125,"column":0},"end":{"line":130,"column":1}},"98":{"start":{"line":126,"column":4},"end":{"line":128,"column":5}},"99":{"start":{"line":127,"column":8},"end":{"line":127,"column":59}},"100":{"start":{"line":129,"column":4},"end":{"line":129,"column":16}},"101":{"start":{"line":132,"column":0},"end":{"line":136,"column":1}},"102":{"start":{"line":133,"column":4},"end":{"line":135,"column":7}},"103":{"start":{"line":134,"column":8},"end":{"line":134,"column":49}},"104":{"start":{"line":138,"column":0},"end":{"line":142,"column":1}},"105":{"start":{"line":139,"column":4},"end":{"line":141,"column":7}},"106":{"start":{"line":140,"column":8},"end":{"line":140,"column":45}},"107":{"start":{"line":144,"column":0},"end":{"line":144,"column":28}},"108":{"start":{"line":145,"column":0},"end":{"line":145,"column":34}},"109":{"start":{"line":146,"column":0},"end":{"line":146,"column":34}},"110":{"start":{"line":147,"column":0},"end":{"line":147,"column":28}},"111":{"start":{"line":148,"column":0},"end":{"line":148,"column":26}},"112":{"start":{"line":153,"column":0},"end":{"line":162,"column":1}},"113":{"start":{"line":154,"column":4},"end":{"line":160,"column":5}},"114":{"start":{"line":155,"column":8},"end":{"line":155,"column":21}},"115":{"start":{"line":156,"column":11},"end":{"line":160,"column":5}},"116":{"start":{"line":157,"column":8},"end":{"line":157,"column":43}},"117":{"start":{"line":158,"column":11},"end":{"line":160,"column":5}},"118":{"start":{"line":159,"column":8},"end":{"line":159,"column":99}},"119":{"start":{"line":161,"column":4},"end":{"line":161,"column":17}},"120":{"start":{"line":165,"column":0},"end":{"line":165,"column":28}},"121":{"start":{"line":166,"column":0},"end":{"line":166,"column":26}},"122":{"start":{"line":171,"column":0},"end":{"line":171,"column":34}},"123":{"start":{"line":174,"column":0},"end":{"line":176,"column":1}},"124":{"start":{"line":175,"column":4},"end":{"line":175,"column":56}},"125":{"start":{"line":178,"column":0},"end":{"line":182,"column":1}},"126":{"start":{"line":179,"column":4},"end":{"line":181,"column":7}},"127":{"start":{"line":180,"column":8},"end":{"line":180,"column":36}},"128":{"start":{"line":184,"column":0},"end":{"line":186,"column":1}},"129":{"start":{"line":185,"column":4},"end":{"line":185,"column":69}},"130":{"start":{"line":188,"column":0},"end":{"line":225,"column":1}},"131":{"start":{"line":189,"column":4},"end":{"line":189,"column":30}},"132":{"start":{"line":191,"column":4},"end":{"line":212,"column":5}},"133":{"start":{"line":192,"column":8},"end":{"line":192,"column":28}},"134":{"start":{"line":194,"column":8},"end":{"line":201,"column":9}},"135":{"start":{"line":195,"column":12},"end":{"line":195,"column":57}},"136":{"start":{"line":196,"column":12},"end":{"line":199,"column":13}},"137":{"start":{"line":197,"column":16},"end":{"line":197,"column":41}},"138":{"start":{"line":198,"column":16},"end":{"line":198,"column":62}},"139":{"start":{"line":200,"column":12},"end":{"line":200,"column":29}},"140":{"start":{"line":203,"column":8},"end":{"line":203,"column":24}},"141":{"start":{"line":204,"column":8},"end":{"line":204,"column":32}},"142":{"start":{"line":206,"column":8},"end":{"line":206,"column":25}},"143":{"start":{"line":207,"column":8},"end":{"line":211,"column":9}},"144":{"start":{"line":208,"column":12},"end":{"line":208,"column":35}},"145":{"start":{"line":209,"column":12},"end":{"line":209,"column":36}},"146":{"start":{"line":210,"column":12},"end":{"line":210,"column":45}},"147":{"start":{"line":214,"column":4},"end":{"line":222,"column":7}},"148":{"start":{"line":215,"column":8},"end":{"line":221,"column":9}},"149":{"start":{"line":216,"column":12},"end":{"line":220,"column":13}},"150":{"start":{"line":217,"column":16},"end":{"line":217,"column":55}},"151":{"start":{"line":219,"column":16},"end":{"line":219,"column":62}},"152":{"start":{"line":224,"column":4},"end":{"line":224,"column":16}},"153":{"start":{"line":227,"column":0},"end":{"line":227,"column":18}},"154":{"start":{"line":228,"column":0},"end":{"line":228,"column":26}},"155":{"start":{"line":233,"column":0},"end":{"line":233,"column":34}},"156":{"start":{"line":236,"column":0},"end":{"line":236,"column":39}},"157":{"start":{"line":238,"column":0},"end":{"line":250,"column":1}},"158":{"start":{"line":239,"column":4},"end":{"line":242,"column":5}},"159":{"start":{"line":240,"column":8},"end":{"line":240,"column":53}},"160":{"start":{"line":241,"column":8},"end":{"line":241,"column":87}},"161":{"start":{"line":244,"column":4},"end":{"line":247,"column":7}},"162":{"start":{"line":245,"column":8},"end":{"line":245,"column":58}},"163":{"start":{"line":246,"column":8},"end":{"line":246,"column":42}},"164":{"start":{"line":249,"column":4},"end":{"line":249,"column":16}},"165":{"start":{"line":252,"column":0},"end":{"line":263,"column":1}},"166":{"start":{"line":253,"column":4},"end":{"line":256,"column":5}},"167":{"start":{"line":254,"column":8},"end":{"line":254,"column":53}},"168":{"start":{"line":255,"column":8},"end":{"line":255,"column":61}},"169":{"start":{"line":258,"column":4},"end":{"line":260,"column":7}},"170":{"start":{"line":259,"column":8},"end":{"line":259,"column":29}},"171":{"start":{"line":262,"column":4},"end":{"line":262,"column":16}},"172":{"start":{"line":266,"column":0},"end":{"line":266,"column":20}},"173":{"start":{"line":267,"column":0},"end":{"line":267,"column":20}},"174":{"start":{"line":268,"column":0},"end":{"line":268,"column":26}},"175":{"start":{"line":273,"column":0},"end":{"line":273,"column":40}},"176":{"start":{"line":274,"column":0},"end":{"line":274,"column":32}},"177":{"start":{"line":277,"column":0},"end":{"line":293,"column":1}},"178":{"start":{"line":278,"column":4},"end":{"line":291,"column":5}},"179":{"start":{"line":279,"column":8},"end":{"line":288,"column":9}},"180":{"start":{"line":280,"column":12},"end":{"line":280,"column":58}},"181":{"start":{"line":282,"column":12},"end":{"line":287,"column":13}},"182":{"start":{"line":283,"column":16},"end":{"line":283,"column":42}},"183":{"start":{"line":285,"column":16},"end":{"line":285,"column":88}},"184":{"start":{"line":286,"column":16},"end":{"line":286,"column":62}},"185":{"start":{"line":290,"column":8},"end":{"line":290,"column":37}},"186":{"start":{"line":292,"column":4},"end":{"line":292,"column":16}},"187":{"start":{"line":295,"column":0},"end":{"line":311,"column":1}},"188":{"start":{"line":296,"column":4},"end":{"line":309,"column":5}},"189":{"start":{"line":297,"column":8},"end":{"line":306,"column":9}},"190":{"start":{"line":298,"column":12},"end":{"line":298,"column":59}},"191":{"start":{"line":300,"column":12},"end":{"line":305,"column":13}},"192":{"start":{"line":301,"column":16},"end":{"line":301,"column":60}},"193":{"start":{"line":303,"column":16},"end":{"line":303,"column":88}},"194":{"start":{"line":304,"column":16},"end":{"line":304,"column":63}},"195":{"start":{"line":308,"column":8},"end":{"line":308,"column":38}},"196":{"start":{"line":310,"column":4},"end":{"line":310,"column":16}},"197":{"start":{"line":313,"column":0},"end":{"line":329,"column":1}},"198":{"start":{"line":314,"column":4},"end":{"line":327,"column":5}},"199":{"start":{"line":315,"column":8},"end":{"line":324,"column":9}},"200":{"start":{"line":316,"column":12},"end":{"line":316,"column":60}},"201":{"start":{"line":318,"column":12},"end":{"line":323,"column":13}},"202":{"start":{"line":319,"column":16},"end":{"line":319,"column":60}},"203":{"start":{"line":321,"column":16},"end":{"line":321,"column":88}},"204":{"start":{"line":322,"column":16},"end":{"line":322,"column":52}},"205":{"start":{"line":326,"column":8},"end":{"line":326,"column":37}},"206":{"start":{"line":328,"column":4},"end":{"line":328,"column":16}},"207":{"start":{"line":331,"column":0},"end":{"line":347,"column":1}},"208":{"start":{"line":332,"column":4},"end":{"line":345,"column":5}},"209":{"start":{"line":333,"column":8},"end":{"line":342,"column":9}},"210":{"start":{"line":334,"column":12},"end":{"line":334,"column":57}},"211":{"start":{"line":336,"column":12},"end":{"line":341,"column":13}},"212":{"start":{"line":337,"column":16},"end":{"line":337,"column":72}},"213":{"start":{"line":339,"column":16},"end":{"line":339,"column":88}},"214":{"start":{"line":340,"column":16},"end":{"line":340,"column":61}},"215":{"start":{"line":344,"column":8},"end":{"line":344,"column":36}},"216":{"start":{"line":346,"column":4},"end":{"line":346,"column":16}},"217":{"start":{"line":349,"column":0},"end":{"line":351,"column":1}},"218":{"start":{"line":350,"column":4},"end":{"line":350,"column":27}},"219":{"start":{"line":353,"column":0},"end":{"line":364,"column":1}},"220":{"start":{"line":354,"column":4},"end":{"line":362,"column":5}},"221":{"start":{"line":355,"column":8},"end":{"line":355,"column":23}},"222":{"start":{"line":356,"column":11},"end":{"line":362,"column":5}},"223":{"start":{"line":357,"column":8},"end":{"line":357,"column":39}},"224":{"start":{"line":358,"column":11},"end":{"line":362,"column":5}},"225":{"start":{"line":359,"column":8},"end":{"line":361,"column":11}},"226":{"start":{"line":360,"column":12},"end":{"line":360,"column":38}},"227":{"start":{"line":363,"column":4},"end":{"line":363,"column":19}},"228":{"start":{"line":366,"column":0},"end":{"line":372,"column":1}},"229":{"start":{"line":367,"column":4},"end":{"line":367,"column":30}},"230":{"start":{"line":368,"column":4},"end":{"line":371,"column":5}},"231":{"start":{"line":369,"column":8},"end":{"line":369,"column":54}},"232":{"start":{"line":370,"column":8},"end":{"line":370,"column":36}},"233":{"start":{"line":374,"column":0},"end":{"line":374,"column":24}},"234":{"start":{"line":375,"column":0},"end":{"line":375,"column":26}},"235":{"start":{"line":376,"column":0},"end":{"line":376,"column":24}},"236":{"start":{"line":377,"column":0},"end":{"line":377,"column":22}},"237":{"start":{"line":378,"column":0},"end":{"line":378,"column":22}},"238":{"start":{"line":379,"column":0},"end":{"line":379,"column":26}},"239":{"start":{"line":384,"column":0},"end":{"line":384,"column":34}},"240":{"start":{"line":385,"column":0},"end":{"line":385,"column":28}},"241":{"start":{"line":387,"column":0},"end":{"line":387,"column":25}},"242":{"start":{"line":388,"column":0},"end":{"line":388,"column":25}},"243":{"start":{"line":389,"column":0},"end":{"line":389,"column":23}},"244":{"start":{"line":390,"column":0},"end":{"line":390,"column":32}},"245":{"start":{"line":393,"column":0},"end":{"line":397,"column":1}},"246":{"start":{"line":394,"column":4},"end":{"line":394,"column":69}},"247":{"start":{"line":395,"column":4},"end":{"line":395,"column":31}},"248":{"start":{"line":396,"column":4},"end":{"line":396,"column":16}},"249":{"start":{"line":399,"column":0},"end":{"line":403,"column":1}},"250":{"start":{"line":400,"column":4},"end":{"line":402,"column":7}},"251":{"start":{"line":401,"column":8},"end":{"line":401,"column":31}},"252":{"start":{"line":405,"column":0},"end":{"line":411,"column":1}},"253":{"start":{"line":406,"column":4},"end":{"line":410,"column":7}},"254":{"start":{"line":407,"column":8},"end":{"line":409,"column":9}},"255":{"start":{"line":408,"column":12},"end":{"line":408,"column":52}},"256":{"start":{"line":413,"column":0},"end":{"line":415,"column":1}},"257":{"start":{"line":414,"column":4},"end":{"line":414,"column":50}},"258":{"start":{"line":417,"column":0},"end":{"line":427,"column":1}},"259":{"start":{"line":418,"column":4},"end":{"line":420,"column":5}},"260":{"start":{"line":419,"column":8},"end":{"line":419,"column":35}},"261":{"start":{"line":422,"column":4},"end":{"line":424,"column":7}},"262":{"start":{"line":423,"column":8},"end":{"line":423,"column":41}},"263":{"start":{"line":426,"column":4},"end":{"line":426,"column":16}},"264":{"start":{"line":429,"column":0},"end":{"line":439,"column":1}},"265":{"start":{"line":430,"column":4},"end":{"line":432,"column":5}},"266":{"start":{"line":431,"column":8},"end":{"line":431,"column":29}},"267":{"start":{"line":434,"column":4},"end":{"line":436,"column":7}},"268":{"start":{"line":435,"column":8},"end":{"line":435,"column":30}},"269":{"start":{"line":438,"column":4},"end":{"line":438,"column":16}},"270":{"start":{"line":441,"column":0},"end":{"line":441,"column":28}},"271":{"start":{"line":442,"column":0},"end":{"line":442,"column":22}},"272":{"start":{"line":443,"column":0},"end":{"line":443,"column":24}},"273":{"start":{"line":444,"column":0},"end":{"line":444,"column":34}},"274":{"start":{"line":445,"column":0},"end":{"line":445,"column":20}},"275":{"start":{"line":446,"column":0},"end":{"line":446,"column":18}},"276":{"start":{"line":447,"column":0},"end":{"line":447,"column":26}},"277":{"start":{"line":452,"column":0},"end":{"line":452,"column":34}},"278":{"start":{"line":453,"column":0},"end":{"line":453,"column":44}},"279":{"start":{"line":456,"column":0},"end":{"line":489,"column":1}},"280":{"start":{"line":457,"column":4},"end":{"line":460,"column":5}},"281":{"start":{"line":458,"column":8},"end":{"line":458,"column":27}},"282":{"start":{"line":459,"column":8},"end":{"line":459,"column":24}},"283":{"start":{"line":462,"column":4},"end":{"line":462,"column":40}},"284":{"start":{"line":464,"column":4},"end":{"line":486,"column":13}},"285":{"start":{"line":465,"column":8},"end":{"line":465,"column":37}},"286":{"start":{"line":466,"column":8},"end":{"line":466,"column":37}},"287":{"start":{"line":467,"column":8},"end":{"line":467,"column":37}},"288":{"start":{"line":469,"column":8},"end":{"line":469,"column":46}},"289":{"start":{"line":471,"column":8},"end":{"line":485,"column":11}},"290":{"start":{"line":472,"column":12},"end":{"line":474,"column":13}},"291":{"start":{"line":473,"column":16},"end":{"line":473,"column":87}},"292":{"start":{"line":476,"column":12},"end":{"line":476,"column":84}},"293":{"start":{"line":478,"column":12},"end":{"line":484,"column":15}},"294":{"start":{"line":488,"column":4},"end":{"line":488,"column":16}},"295":{"start":{"line":491,"column":0},"end":{"line":526,"column":1}},"296":{"start":{"line":492,"column":4},"end":{"line":492,"column":68}},"297":{"start":{"line":495,"column":4},"end":{"line":498,"column":5}},"298":{"start":{"line":496,"column":8},"end":{"line":496,"column":27}},"299":{"start":{"line":497,"column":8},"end":{"line":497,"column":24}},"300":{"start":{"line":500,"column":4},"end":{"line":500,"column":35}},"301":{"start":{"line":502,"column":4},"end":{"line":523,"column":13}},"302":{"start":{"line":503,"column":8},"end":{"line":503,"column":37}},"303":{"start":{"line":504,"column":8},"end":{"line":504,"column":37}},"304":{"start":{"line":505,"column":8},"end":{"line":505,"column":37}},"305":{"start":{"line":507,"column":8},"end":{"line":522,"column":11}},"306":{"start":{"line":508,"column":12},"end":{"line":508,"column":44}},"307":{"start":{"line":510,"column":12},"end":{"line":515,"column":15}},"308":{"start":{"line":511,"column":16},"end":{"line":511,"column":203}},"309":{"start":{"line":513,"column":16},"end":{"line":513,"column":101}},"310":{"start":{"line":514,"column":16},"end":{"line":514,"column":59}},"311":{"start":{"line":517,"column":12},"end":{"line":521,"column":13}},"312":{"start":{"line":518,"column":16},"end":{"line":518,"column":39}},"313":{"start":{"line":519,"column":19},"end":{"line":521,"column":13}},"314":{"start":{"line":520,"column":16},"end":{"line":520,"column":39}},"315":{"start":{"line":525,"column":4},"end":{"line":525,"column":16}},"316":{"start":{"line":528,"column":0},"end":{"line":528,"column":41}},"317":{"start":{"line":529,"column":0},"end":{"line":529,"column":11}},"318":{"start":{"line":530,"column":0},"end":{"line":530,"column":18}},"319":{"start":{"line":531,"column":0},"end":{"line":531,"column":20}},"320":{"start":{"line":533,"column":0},"end":{"line":539,"column":1}},"321":{"start":{"line":534,"column":4},"end":{"line":536,"column":5}},"322":{"start":{"line":535,"column":8},"end":{"line":535,"column":82}},"323":{"start":{"line":537,"column":4},"end":{"line":537,"column":36}},"324":{"start":{"line":538,"column":4},"end":{"line":538,"column":49}},"325":{"start":{"line":541,"column":0},"end":{"line":548,"column":1}},"326":{"start":{"line":542,"column":4},"end":{"line":542,"column":36}},"327":{"start":{"line":543,"column":4},"end":{"line":547,"column":5}},"328":{"start":{"line":544,"column":8},"end":{"line":544,"column":29}},"329":{"start":{"line":545,"column":8},"end":{"line":545,"column":28}},"330":{"start":{"line":546,"column":8},"end":{"line":546,"column":29}},"331":{"start":{"line":550,"column":0},"end":{"line":554,"column":1}},"332":{"start":{"line":551,"column":4},"end":{"line":553,"column":6}},"333":{"start":{"line":552,"column":8},"end":{"line":552,"column":62}},"334":{"start":{"line":556,"column":0},"end":{"line":587,"column":5}},"335":{"start":{"line":557,"column":4},"end":{"line":568,"column":6}},"336":{"start":{"line":564,"column":8},"end":{"line":564,"column":20}},"337":{"start":{"line":567,"column":8},"end":{"line":567,"column":21}},"338":{"start":{"line":570,"column":4},"end":{"line":586,"column":6}},"339":{"start":{"line":571,"column":8},"end":{"line":584,"column":9}},"340":{"start":{"line":572,"column":12},"end":{"line":580,"column":13}},"341":{"start":{"line":573,"column":16},"end":{"line":579,"column":76}},"342":{"start":{"line":574,"column":20},"end":{"line":577,"column":22}},"343":{"start":{"line":575,"column":24},"end":{"line":575,"column":58}},"344":{"start":{"line":576,"column":24},"end":{"line":576,"column":87}},"345":{"start":{"line":578,"column":20},"end":{"line":578,"column":56}},"346":{"start":{"line":581,"column":12},"end":{"line":583,"column":13}},"347":{"start":{"line":582,"column":16},"end":{"line":582,"column":39}},"348":{"start":{"line":585,"column":8},"end":{"line":585,"column":21}},"349":{"start":{"line":589,"column":0},"end":{"line":597,"column":1}},"350":{"start":{"line":590,"column":4},"end":{"line":591,"column":71}},"351":{"start":{"line":592,"column":4},"end":{"line":596,"column":5}},"352":{"start":{"line":593,"column":8},"end":{"line":595,"column":9}},"353":{"start":{"line":594,"column":12},"end":{"line":594,"column":47}},"354":{"start":{"line":599,"column":0},"end":{"line":600,"column":17}},"355":{"start":{"line":602,"column":0},"end":{"line":602,"column":16}},"356":{"start":{"line":603,"column":0},"end":{"line":603,"column":18}},"357":{"start":{"line":604,"column":0},"end":{"line":604,"column":20}},"358":{"start":{"line":605,"column":0},"end":{"line":605,"column":24}},"359":{"start":{"line":606,"column":0},"end":{"line":606,"column":26}},"360":{"start":{"line":611,"column":0},"end":{"line":611,"column":34}},"361":{"start":{"line":614,"column":0},"end":{"line":625,"column":1}},"362":{"start":{"line":615,"column":2},"end":{"line":618,"column":3}},"363":{"start":{"line":616,"column":4},"end":{"line":616,"column":49}},"364":{"start":{"line":617,"column":4},"end":{"line":617,"column":51}},"365":{"start":{"line":620,"column":2},"end":{"line":622,"column":5}},"366":{"start":{"line":621,"column":4},"end":{"line":621,"column":33}},"367":{"start":{"line":624,"column":2},"end":{"line":624,"column":14}},"368":{"start":{"line":627,"column":0},"end":{"line":627,"column":20}},"369":{"start":{"line":628,"column":0},"end":{"line":628,"column":26}},"370":{"start":{"line":633,"column":0},"end":{"line":633,"column":38}},"371":{"start":{"line":636,"column":0},"end":{"line":636,"column":27}},"372":{"start":{"line":638,"column":0},"end":{"line":641,"column":1}},"373":{"start":{"line":639,"column":2},"end":{"line":639,"column":25}},"374":{"start":{"line":640,"column":2},"end":{"line":640,"column":14}},"375":{"start":{"line":643,"column":0},"end":{"line":643,"column":32}},"376":{"start":{"line":644,"column":0},"end":{"line":644,"column":26}},"377":{"start":{"line":649,"column":0},"end":{"line":656,"column":1}},"378":{"start":{"line":650,"column":2},"end":{"line":654,"column":3}},"379":{"start":{"line":651,"column":4},"end":{"line":651,"column":14}},"380":{"start":{"line":653,"column":4},"end":{"line":653,"column":66}},"381":{"start":{"line":655,"column":2},"end":{"line":655,"column":14}},"382":{"start":{"line":658,"column":0},"end":{"line":658,"column":22}},"383":{"start":{"line":659,"column":0},"end":{"line":659,"column":26}},"384":{"start":{"line":664,"column":0},"end":{"line":664,"column":30}},"385":{"start":{"line":666,"column":0},"end":{"line":666,"column":26}},"386":{"start":{"line":667,"column":0},"end":{"line":667,"column":22}},"387":{"start":{"line":668,"column":0},"end":{"line":668,"column":22}},"388":{"start":{"line":671,"column":0},"end":{"line":674,"column":40}},"389":{"start":{"line":676,"column":0},"end":{"line":697,"column":1}},"390":{"start":{"line":677,"column":4},"end":{"line":677,"column":71}},"391":{"start":{"line":680,"column":4},"end":{"line":680,"column":19}},"392":{"start":{"line":682,"column":4},"end":{"line":694,"column":5}},"393":{"start":{"line":683,"column":8},"end":{"line":683,"column":53}},"394":{"start":{"line":684,"column":11},"end":{"line":694,"column":5}},"395":{"start":{"line":685,"column":8},"end":{"line":685,"column":24}},"396":{"start":{"line":686,"column":11},"end":{"line":694,"column":5}},"397":{"start":{"line":687,"column":8},"end":{"line":687,"column":86}},"398":{"start":{"line":688,"column":11},"end":{"line":694,"column":5}},"399":{"start":{"line":689,"column":8},"end":{"line":689,"column":46}},"400":{"start":{"line":691,"column":8},"end":{"line":691,"column":120}},"401":{"start":{"line":693,"column":8},"end":{"line":693,"column":54}},"402":{"start":{"line":696,"column":4},"end":{"line":696,"column":28}},"403":{"start":{"line":699,"column":0},"end":{"line":709,"column":1}},"404":{"start":{"line":700,"column":4},"end":{"line":700,"column":19}},"405":{"start":{"line":701,"column":4},"end":{"line":707,"column":7}},"406":{"start":{"line":702,"column":8},"end":{"line":706,"column":11}},"407":{"start":{"line":703,"column":12},"end":{"line":705,"column":13}},"408":{"start":{"line":704,"column":16},"end":{"line":704,"column":34}},"409":{"start":{"line":708,"column":4},"end":{"line":708,"column":20}},"410":{"start":{"line":711,"column":0},"end":{"line":740,"column":5}},"411":{"start":{"line":712,"column":4},"end":{"line":724,"column":5}},"412":{"start":{"line":713,"column":8},"end":{"line":713,"column":23}},"413":{"start":{"line":714,"column":8},"end":{"line":722,"column":11}},"414":{"start":{"line":715,"column":12},"end":{"line":721,"column":13}},"415":{"start":{"line":716,"column":16},"end":{"line":719,"column":17}},"416":{"start":{"line":717,"column":20},"end":{"line":717,"column":37}},"417":{"start":{"line":718,"column":20},"end":{"line":718,"column":26}},"418":{"start":{"line":720,"column":16},"end":{"line":720,"column":42}},"419":{"start":{"line":723,"column":8},"end":{"line":723,"column":30}},"420":{"start":{"line":726,"column":4},"end":{"line":739,"column":6}},"421":{"start":{"line":727,"column":8},"end":{"line":738,"column":9}},"422":{"start":{"line":728,"column":12},"end":{"line":728,"column":27}},"423":{"start":{"line":729,"column":12},"end":{"line":734,"column":15}},"424":{"start":{"line":730,"column":16},"end":{"line":730,"column":47}},"425":{"start":{"line":731,"column":16},"end":{"line":733,"column":17}},"426":{"start":{"line":732,"column":20},"end":{"line":732,"column":34}},"427":{"start":{"line":735,"column":12},"end":{"line":735,"column":34}},"428":{"start":{"line":737,"column":12},"end":{"line":737,"column":57}},"429":{"start":{"line":742,"column":0},"end":{"line":748,"column":5}},"430":{"start":{"line":743,"column":4},"end":{"line":744,"column":182}},"431":{"start":{"line":745,"column":4},"end":{"line":747,"column":6}},"432":{"start":{"line":746,"column":8},"end":{"line":746,"column":48}},"433":{"start":{"line":750,"column":0},"end":{"line":765,"column":1}},"434":{"start":{"line":751,"column":4},"end":{"line":751,"column":59}},"435":{"start":{"line":753,"column":4},"end":{"line":762,"column":5}},"436":{"start":{"line":754,"column":8},"end":{"line":757,"column":9}},"437":{"start":{"line":755,"column":12},"end":{"line":755,"column":106}},"438":{"start":{"line":756,"column":12},"end":{"line":756,"column":44}},"439":{"start":{"line":758,"column":8},"end":{"line":760,"column":9}},"440":{"start":{"line":759,"column":12},"end":{"line":759,"column":69}},"441":{"start":{"line":761,"column":8},"end":{"line":761,"column":54}},"442":{"start":{"line":764,"column":4},"end":{"line":764,"column":46}},"443":{"start":{"line":767,"column":0},"end":{"line":783,"column":1}},"444":{"start":{"line":768,"column":4},"end":{"line":770,"column":5}},"445":{"start":{"line":769,"column":8},"end":{"line":769,"column":51}},"446":{"start":{"line":772,"column":4},"end":{"line":774,"column":40}},"447":{"start":{"line":776,"column":4},"end":{"line":776,"column":31}},"448":{"start":{"line":778,"column":4},"end":{"line":780,"column":5}},"449":{"start":{"line":779,"column":8},"end":{"line":779,"column":35}},"450":{"start":{"line":782,"column":4},"end":{"line":782,"column":20}},"451":{"start":{"line":785,"column":0},"end":{"line":793,"column":1}},"452":{"start":{"line":786,"column":4},"end":{"line":790,"column":5}},"453":{"start":{"line":787,"column":8},"end":{"line":787,"column":33}},"454":{"start":{"line":788,"column":8},"end":{"line":788,"column":48}},"455":{"start":{"line":789,"column":8},"end":{"line":789,"column":30}},"456":{"start":{"line":792,"column":4},"end":{"line":792,"column":35}},"457":{"start":{"line":795,"column":0},"end":{"line":802,"column":1}},"458":{"start":{"line":796,"column":4},"end":{"line":797,"column":35}},"459":{"start":{"line":798,"column":4},"end":{"line":800,"column":5}},"460":{"start":{"line":799,"column":8},"end":{"line":799,"column":34}},"461":{"start":{"line":801,"column":4},"end":{"line":801,"column":25}},"462":{"start":{"line":804,"column":0},"end":{"line":804,"column":14}},"463":{"start":{"line":805,"column":0},"end":{"line":805,"column":20}},"464":{"start":{"line":806,"column":0},"end":{"line":806,"column":26}},"465":{"start":{"line":807,"column":0},"end":{"line":807,"column":26}},"466":{"start":{"line":808,"column":0},"end":{"line":808,"column":26}},"467":{"start":{"line":813,"column":0},"end":{"line":813,"column":30}},"468":{"start":{"line":815,"column":0},"end":{"line":815,"column":22}},"469":{"start":{"line":816,"column":0},"end":{"line":816,"column":28}},"470":{"start":{"line":817,"column":0},"end":{"line":817,"column":38}},"471":{"start":{"line":819,"column":0},"end":{"line":819,"column":20}},"472":{"start":{"line":820,"column":0},"end":{"line":820,"column":32}},"473":{"start":{"line":823,"column":0},"end":{"line":835,"column":1}},"474":{"start":{"line":824,"column":4},"end":{"line":824,"column":19}},"475":{"start":{"line":825,"column":4},"end":{"line":833,"column":7}},"476":{"start":{"line":826,"column":8},"end":{"line":832,"column":9}},"477":{"start":{"line":827,"column":12},"end":{"line":831,"column":15}},"478":{"start":{"line":828,"column":16},"end":{"line":830,"column":17}},"479":{"start":{"line":829,"column":20},"end":{"line":829,"column":38}},"480":{"start":{"line":834,"column":4},"end":{"line":834,"column":20}},"481":{"start":{"line":837,"column":0},"end":{"line":843,"column":1}},"482":{"start":{"line":838,"column":4},"end":{"line":838,"column":19}},"483":{"start":{"line":839,"column":4},"end":{"line":841,"column":7}},"484":{"start":{"line":840,"column":8},"end":{"line":840,"column":61}},"485":{"start":{"line":842,"column":4},"end":{"line":842,"column":20}},"486":{"start":{"line":845,"column":0},"end":{"line":847,"column":1}},"487":{"start":{"line":846,"column":4},"end":{"line":846,"column":46}},"488":{"start":{"line":849,"column":0},"end":{"line":851,"column":1}},"489":{"start":{"line":850,"column":4},"end":{"line":850,"column":23}},"490":{"start":{"line":853,"column":0},"end":{"line":861,"column":1}},"491":{"start":{"line":854,"column":4},"end":{"line":854,"column":19}},"492":{"start":{"line":855,"column":4},"end":{"line":859,"column":7}},"493":{"start":{"line":856,"column":8},"end":{"line":858,"column":9}},"494":{"start":{"line":857,"column":12},"end":{"line":857,"column":43}},"495":{"start":{"line":860,"column":4},"end":{"line":860,"column":20}},"496":{"start":{"line":863,"column":0},"end":{"line":873,"column":1}},"497":{"start":{"line":864,"column":4},"end":{"line":864,"column":19}},"498":{"start":{"line":865,"column":4},"end":{"line":871,"column":7}},"499":{"start":{"line":866,"column":8},"end":{"line":870,"column":11}},"500":{"start":{"line":867,"column":12},"end":{"line":869,"column":13}},"501":{"start":{"line":868,"column":16},"end":{"line":868,"column":36}},"502":{"start":{"line":872,"column":4},"end":{"line":872,"column":20}},"503":{"start":{"line":875,"column":0},"end":{"line":877,"column":1}},"504":{"start":{"line":876,"column":4},"end":{"line":876,"column":46}},"505":{"start":{"line":879,"column":0},"end":{"line":879,"column":28}},"506":{"start":{"line":880,"column":0},"end":{"line":880,"column":28}},"507":{"start":{"line":881,"column":0},"end":{"line":881,"column":16}},"508":{"start":{"line":882,"column":0},"end":{"line":882,"column":18}},"509":{"start":{"line":883,"column":0},"end":{"line":883,"column":24}},"510":{"start":{"line":884,"column":0},"end":{"line":884,"column":28}},"511":{"start":{"line":885,"column":0},"end":{"line":885,"column":22}},"512":{"start":{"line":886,"column":0},"end":{"line":886,"column":26}},"513":{"start":{"line":891,"column":0},"end":{"line":891,"column":30}},"514":{"start":{"line":893,"column":0},"end":{"line":893,"column":26}},"515":{"start":{"line":894,"column":0},"end":{"line":894,"column":22}},"516":{"start":{"line":895,"column":0},"end":{"line":895,"column":46}},"517":{"start":{"line":898,"column":0},"end":{"line":899,"column":24}},"518":{"start":{"line":901,"column":0},"end":{"line":923,"column":1}},"519":{"start":{"line":902,"column":4},"end":{"line":902,"column":64}},"520":{"start":{"line":905,"column":4},"end":{"line":905,"column":81}},"521":{"start":{"line":906,"column":4},"end":{"line":906,"column":90}},"522":{"start":{"line":907,"column":4},"end":{"line":907,"column":103}},"523":{"start":{"line":908,"column":4},"end":{"line":908,"column":25}},"524":{"start":{"line":910,"column":4},"end":{"line":911,"column":51}},"525":{"start":{"line":913,"column":4},"end":{"line":913,"column":50}},"526":{"start":{"line":915,"column":4},"end":{"line":921,"column":7}},"527":{"start":{"line":916,"column":8},"end":{"line":920,"column":9}},"528":{"start":{"line":917,"column":12},"end":{"line":917,"column":42}},"529":{"start":{"line":919,"column":12},"end":{"line":919,"column":50}},"530":{"start":{"line":922,"column":4},"end":{"line":922,"column":16}},"531":{"start":{"line":925,"column":0},"end":{"line":927,"column":1}},"532":{"start":{"line":926,"column":4},"end":{"line":926,"column":149}},"533":{"start":{"line":929,"column":0},"end":{"line":933,"column":1}},"534":{"start":{"line":930,"column":4},"end":{"line":932,"column":5}},"535":{"start":{"line":931,"column":8},"end":{"line":931,"column":84}},"536":{"start":{"line":935,"column":0},"end":{"line":940,"column":1}},"537":{"start":{"line":936,"column":4},"end":{"line":938,"column":5}},"538":{"start":{"line":937,"column":8},"end":{"line":937,"column":20}},"539":{"start":{"line":939,"column":4},"end":{"line":939,"column":68}},"540":{"start":{"line":942,"column":0},"end":{"line":950,"column":1}},"541":{"start":{"line":943,"column":4},"end":{"line":943,"column":64}},"542":{"start":{"line":944,"column":4},"end":{"line":944,"column":27}},"543":{"start":{"line":945,"column":4},"end":{"line":945,"column":46}},"544":{"start":{"line":946,"column":4},"end":{"line":946,"column":28}},"545":{"start":{"line":947,"column":4},"end":{"line":949,"column":43}},"546":{"start":{"line":948,"column":8},"end":{"line":948,"column":38}},"547":{"start":{"line":952,"column":0},"end":{"line":952,"column":63}},"548":{"start":{"line":954,"column":0},"end":{"line":960,"column":1}},"549":{"start":{"line":955,"column":4},"end":{"line":959,"column":5}},"550":{"start":{"line":956,"column":8},"end":{"line":956,"column":30}},"551":{"start":{"line":958,"column":8},"end":{"line":958,"column":37}},"552":{"start":{"line":962,"column":0},"end":{"line":972,"column":5}},"553":{"start":{"line":963,"column":4},"end":{"line":968,"column":5}},"554":{"start":{"line":964,"column":8},"end":{"line":964,"column":122}},"555":{"start":{"line":965,"column":8},"end":{"line":965,"column":62}},"556":{"start":{"line":966,"column":8},"end":{"line":966,"column":93}},"557":{"start":{"line":967,"column":8},"end":{"line":967,"column":27}},"558":{"start":{"line":970,"column":4},"end":{"line":970,"column":79}},"559":{"start":{"line":971,"column":4},"end":{"line":971,"column":37}},"560":{"start":{"line":974,"column":0},"end":{"line":987,"column":5}},"561":{"start":{"line":975,"column":4},"end":{"line":976,"column":30}},"562":{"start":{"line":977,"column":4},"end":{"line":985,"column":5}},"563":{"start":{"line":978,"column":8},"end":{"line":979,"column":39}},"564":{"start":{"line":980,"column":8},"end":{"line":980,"column":34}},"565":{"start":{"line":981,"column":8},"end":{"line":983,"column":11}},"566":{"start":{"line":982,"column":12},"end":{"line":982,"column":30}},"567":{"start":{"line":984,"column":8},"end":{"line":984,"column":69}},"568":{"start":{"line":986,"column":4},"end":{"line":986,"column":22}},"569":{"start":{"line":989,"column":0},"end":{"line":996,"column":5}},"570":{"start":{"line":990,"column":4},"end":{"line":994,"column":5}},"571":{"start":{"line":991,"column":8},"end":{"line":991,"column":39}},"572":{"start":{"line":993,"column":8},"end":{"line":993,"column":21}},"573":{"start":{"line":995,"column":4},"end":{"line":995,"column":16}},"574":{"start":{"line":998,"column":0},"end":{"line":998,"column":26}},"575":{"start":{"line":999,"column":0},"end":{"line":999,"column":40}},"576":{"start":{"line":1000,"column":0},"end":{"line":1000,"column":26}},"577":{"start":{"line":1005,"column":0},"end":{"line":1007,"column":1}},"578":{"start":{"line":1006,"column":2},"end":{"line":1006,"column":35}},"579":{"start":{"line":1009,"column":0},"end":{"line":1009,"column":28}},"580":{"start":{"line":1011,"column":0},"end":{"line":1011,"column":26}},"581":{"start":{"line":1012,"column":0},"end":{"line":1012,"column":32}},"582":{"start":{"line":1013,"column":0},"end":{"line":1013,"column":26}},"583":{"start":{"line":1018,"column":0},"end":{"line":1018,"column":43}},"584":{"start":{"line":1020,"column":0},"end":{"line":1027,"column":1}},"585":{"start":{"line":1021,"column":4},"end":{"line":1022,"column":35}},"586":{"start":{"line":1023,"column":4},"end":{"line":1025,"column":5}},"587":{"start":{"line":1024,"column":8},"end":{"line":1024,"column":34}},"588":{"start":{"line":1026,"column":4},"end":{"line":1026,"column":18}},"589":{"start":{"line":1029,"column":0},"end":{"line":1039,"column":1}},"590":{"start":{"line":1030,"column":4},"end":{"line":1030,"column":35}},"591":{"start":{"line":1031,"column":4},"end":{"line":1037,"column":5}},"592":{"start":{"line":1032,"column":8},"end":{"line":1034,"column":9}},"593":{"start":{"line":1033,"column":12},"end":{"line":1033,"column":65}},"594":{"start":{"line":1036,"column":8},"end":{"line":1036,"column":58}},"595":{"start":{"line":1038,"column":4},"end":{"line":1038,"column":22}},"596":{"start":{"line":1041,"column":0},"end":{"line":1052,"column":1}},"597":{"start":{"line":1042,"column":4},"end":{"line":1044,"column":5}},"598":{"start":{"line":1043,"column":8},"end":{"line":1043,"column":44}},"599":{"start":{"line":1046,"column":4},"end":{"line":1050,"column":7}},"600":{"start":{"line":1047,"column":8},"end":{"line":1049,"column":9}},"601":{"start":{"line":1048,"column":12},"end":{"line":1048,"column":37}},"602":{"start":{"line":1051,"column":4},"end":{"line":1051,"column":18}},"603":{"start":{"line":1054,"column":0},"end":{"line":1058,"column":1}},"604":{"start":{"line":1055,"column":4},"end":{"line":1057,"column":7}},"605":{"start":{"line":1056,"column":8},"end":{"line":1056,"column":50}},"606":{"start":{"line":1060,"column":0},"end":{"line":1060,"column":24}},"607":{"start":{"line":1061,"column":0},"end":{"line":1061,"column":26}},"608":{"start":{"line":1062,"column":0},"end":{"line":1062,"column":20}},"609":{"start":{"line":1063,"column":0},"end":{"line":1063,"column":24}},"610":{"start":{"line":1064,"column":0},"end":{"line":1064,"column":20}},"611":{"start":{"line":1065,"column":0},"end":{"line":1065,"column":26}},"612":{"start":{"line":1070,"column":0},"end":{"line":1070,"column":106}},"613":{"start":{"line":1070,"column":47},"end":{"line":1070,"column":103}},"614":{"start":{"line":1072,"column":0},"end":{"line":1072,"column":38}},"615":{"start":{"line":1075,"column":0},"end":{"line":1076,"column":11}},"616":{"start":{"line":1078,"column":0},"end":{"line":1078,"column":56}},"617":{"start":{"line":1080,"column":0},"end":{"line":1080,"column":54}},"618":{"start":{"line":1082,"column":0},"end":{"line":1082,"column":57}},"619":{"start":{"line":1084,"column":0},"end":{"line":1084,"column":62}},"620":{"start":{"line":1086,"column":0},"end":{"line":1086,"column":52}},"621":{"start":{"line":1088,"column":0},"end":{"line":1088,"column":54}},"622":{"start":{"line":1090,"column":0},"end":{"line":1090,"column":52}},"623":{"start":{"line":1092,"column":0},"end":{"line":1092,"column":64}},"624":{"start":{"line":1094,"column":0},"end":{"line":1094,"column":56}},"625":{"start":{"line":1096,"column":0},"end":{"line":1096,"column":54}},"626":{"start":{"line":1098,"column":0},"end":{"line":1098,"column":66}},"627":{"start":{"line":1100,"column":0},"end":{"line":1100,"column":56}},"628":{"start":{"line":1102,"column":0},"end":{"line":1102,"column":62}},"629":{"start":{"line":1104,"column":0},"end":{"line":1104,"column":74}},"630":{"start":{"line":1106,"column":0},"end":{"line":1106,"column":60}},"631":{"start":{"line":1108,"column":0},"end":{"line":1108,"column":54}},"632":{"start":{"line":1110,"column":0},"end":{"line":1115,"column":1}},"633":{"start":{"line":1111,"column":4},"end":{"line":1111,"column":19}},"634":{"start":{"line":1112,"column":4},"end":{"line":1112,"column":33}},"635":{"start":{"line":1113,"column":4},"end":{"line":1113,"column":29}},"636":{"start":{"line":1114,"column":4},"end":{"line":1114,"column":35}},"637":{"start":{"line":1117,"column":0},"end":{"line":1117,"column":38}},"638":{"start":{"line":1118,"column":0},"end":{"line":1118,"column":105}},"639":{"start":{"line":1120,"column":0},"end":{"line":1120,"column":11}},"640":{"start":{"line":1122,"column":0},"end":{"line":1122,"column":20}},"641":{"start":{"line":1124,"column":0},"end":{"line":1124,"column":18}},"642":{"start":{"line":1126,"column":0},"end":{"line":1126,"column":19}}},"branchMap":{"1":{"line":1,"type":"if","locations":[{"start":{"line":1,"column":-2},"end":{"line":1,"column":-2}},{"start":{"line":1,"column":-2},"end":{"line":1,"column":-2}}]},"2":{"line":1,"type":"binary-expr","locations":[{"start":{"line":1,"column":16},"end":{"line":1,"column":40}},{"start":{"line":1,"column":42},"end":{"line":1,"column":68}}]},"3":{"line":1,"type":"if","locations":[{"start":{"line":1,"column":78},"end":{"line":1,"column":78}},{"start":{"line":1,"column":78},"end":{"line":1,"column":78}}]},"4":{"line":1,"type":"binary-expr","locations":[{"start":{"line":1,"column":96},"end":{"line":1,"column":121}},{"start":{"line":1,"column":123},"end":{"line":1,"column":133}}]},"5":{"line":1,"type":"cond-expr","locations":[{"start":{"line":1,"column":185},"end":{"line":1,"column":193}},{"start":{"line":1,"column":194},"end":{"line":1,"column":264}}]},"6":{"line":1,"type":"cond-expr","locations":[{"start":{"line":1,"column":221},"end":{"line":1,"column":229}},{"start":{"line":1,"column":230},"end":{"line":1,"column":264}}]},"7":{"line":1,"type":"binary-expr","locations":[{"start":{"line":1,"column":230},"end":{"line":1,"column":254}},{"start":{"line":1,"column":257},"end":{"line":1,"column":263}}]},"8":{"line":1,"type":"if","locations":[{"start":{"line":1,"column":339},"end":{"line":1,"column":339}},{"start":{"line":1,"column":339},"end":{"line":1,"column":339}}]},"9":{"line":1,"type":"if","locations":[{"start":{"line":1,"column":349},"end":{"line":1,"column":349}},{"start":{"line":1,"column":349},"end":{"line":1,"column":349}}]},"10":{"line":1,"type":"binary-expr","locations":[{"start":{"line":1,"column":380},"end":{"line":1,"column":406}},{"start":{"line":1,"column":408},"end":{"line":1,"column":415}}]},"11":{"line":1,"type":"if","locations":[{"start":{"line":1,"column":401},"end":{"line":1,"column":401}},{"start":{"line":1,"column":401},"end":{"line":1,"column":401}}]},"12":{"line":1,"type":"binary-expr","locations":[{"start":{"line":1,"column":419},"end":{"line":1,"column":421}},{"start":{"line":1,"column":423},"end":{"line":1,"column":424}}]},"13":{"line":1,"type":"if","locations":[{"start":{"line":1,"column":425},"end":{"line":1,"column":425}},{"start":{"line":1,"column":425},"end":{"line":1,"column":425}}]},"14":{"line":1,"type":"cond-expr","locations":[{"start":{"line":1,"column":627},"end":{"line":1,"column":628}},{"start":{"line":1,"column":629},"end":{"line":1,"column":630}}]},"15":{"line":1,"type":"binary-expr","locations":[{"start":{"line":1,"column":680},"end":{"line":1,"column":706}},{"start":{"line":1,"column":708},"end":{"line":1,"column":715}}]},"16":{"line":19,"type":"cond-expr","locations":[{"start":{"line":19,"column":50},"end":{"line":19,"column":58}},{"start":{"line":19,"column":61},"end":{"line":21,"column":3}}]},"17":{"line":76,"type":"if","locations":[{"start":{"line":76,"column":4},"end":{"line":76,"column":4}},{"start":{"line":76,"column":4},"end":{"line":76,"column":4}}]},"18":{"line":76,"type":"binary-expr","locations":[{"start":{"line":76,"column":8},"end":{"line":76,"column":31}},{"start":{"line":76,"column":35},"end":{"line":76,"column":63}}]},"19":{"line":77,"type":"cond-expr","locations":[{"start":{"line":77,"column":38},"end":{"line":77,"column":42}},{"start":{"line":77,"column":45},"end":{"line":77,"column":52}}]},"20":{"line":78,"type":"cond-expr","locations":[{"start":{"line":78,"column":25},"end":{"line":78,"column":50}},{"start":{"line":78,"column":53},"end":{"line":78,"column":62}}]},"21":{"line":82,"type":"if","locations":[{"start":{"line":82,"column":8},"end":{"line":82,"column":8}},{"start":{"line":82,"column":8},"end":{"line":82,"column":8}}]},"22":{"line":112,"type":"if","locations":[{"start":{"line":112,"column":4},"end":{"line":112,"column":4}},{"start":{"line":112,"column":4},"end":{"line":112,"column":4}}]},"23":{"line":112,"type":"binary-expr","locations":[{"start":{"line":112,"column":8},"end":{"line":112,"column":13}},{"start":{"line":112,"column":17},"end":{"line":112,"column":29}}]},"24":{"line":119,"type":"if","locations":[{"start":{"line":119,"column":4},"end":{"line":119,"column":4}},{"start":{"line":119,"column":4},"end":{"line":119,"column":4}}]},"25":{"line":119,"type":"binary-expr","locations":[{"start":{"line":119,"column":8},"end":{"line":119,"column":13}},{"start":{"line":119,"column":17},"end":{"line":119,"column":29}}]},"26":{"line":126,"type":"if","locations":[{"start":{"line":126,"column":4},"end":{"line":126,"column":4}},{"start":{"line":126,"column":4},"end":{"line":126,"column":4}}]},"27":{"line":126,"type":"binary-expr","locations":[{"start":{"line":126,"column":8},"end":{"line":126,"column":13}},{"start":{"line":126,"column":17},"end":{"line":126,"column":29}}]},"28":{"line":133,"type":"cond-expr","locations":[{"start":{"line":133,"column":28},"end":{"line":133,"column":34}},{"start":{"line":133,"column":37},"end":{"line":133,"column":41}}]},"29":{"line":154,"type":"if","locations":[{"start":{"line":154,"column":4},"end":{"line":154,"column":4}},{"start":{"line":154,"column":4},"end":{"line":154,"column":4}}]},"30":{"line":154,"type":"binary-expr","locations":[{"start":{"line":154,"column":8},"end":{"line":154,"column":18}},{"start":{"line":154,"column":22},"end":{"line":154,"column":30}},{"start":{"line":154,"column":34},"end":{"line":154,"column":55}}]},"31":{"line":156,"type":"if","locations":[{"start":{"line":156,"column":11},"end":{"line":156,"column":11}},{"start":{"line":156,"column":11},"end":{"line":156,"column":11}}]},"32":{"line":158,"type":"if","locations":[{"start":{"line":158,"column":11},"end":{"line":158,"column":11}},{"start":{"line":158,"column":11},"end":{"line":158,"column":11}}]},"33":{"line":175,"type":"binary-expr","locations":[{"start":{"line":175,"column":11},"end":{"line":175,"column":36}},{"start":{"line":175,"column":40},"end":{"line":175,"column":55}}]},"34":{"line":191,"type":"if","locations":[{"start":{"line":191,"column":4},"end":{"line":191,"column":4}},{"start":{"line":191,"column":4},"end":{"line":191,"column":4}}]},"35":{"line":194,"type":"if","locations":[{"start":{"line":194,"column":8},"end":{"line":194,"column":8}},{"start":{"line":194,"column":8},"end":{"line":194,"column":8}}]},"36":{"line":195,"type":"cond-expr","locations":[{"start":{"line":195,"column":42},"end":{"line":195,"column":46}},{"start":{"line":195,"column":49},"end":{"line":195,"column":56}}]},"37":{"line":196,"type":"if","locations":[{"start":{"line":196,"column":12},"end":{"line":196,"column":12}},{"start":{"line":196,"column":12},"end":{"line":196,"column":12}}]},"38":{"line":198,"type":"cond-expr","locations":[{"start":{"line":198,"column":40},"end":{"line":198,"column":55}},{"start":{"line":198,"column":58},"end":{"line":198,"column":61}}]},"39":{"line":216,"type":"if","locations":[{"start":{"line":216,"column":12},"end":{"line":216,"column":12}},{"start":{"line":216,"column":12},"end":{"line":216,"column":12}}]},"40":{"line":216,"type":"binary-expr","locations":[{"start":{"line":216,"column":16},"end":{"line":216,"column":32}},{"start":{"line":216,"column":36},"end":{"line":216,"column":58}}]},"41":{"line":239,"type":"if","locations":[{"start":{"line":239,"column":4},"end":{"line":239,"column":4}},{"start":{"line":239,"column":4},"end":{"line":239,"column":4}}]},"42":{"line":239,"type":"binary-expr","locations":[{"start":{"line":239,"column":8},"end":{"line":239,"column":31}},{"start":{"line":239,"column":35},"end":{"line":239,"column":63}}]},"43":{"line":240,"type":"cond-expr","locations":[{"start":{"line":240,"column":38},"end":{"line":240,"column":42}},{"start":{"line":240,"column":45},"end":{"line":240,"column":52}}]},"44":{"line":241,"type":"cond-expr","locations":[{"start":{"line":241,"column":49},"end":{"line":241,"column":74}},{"start":{"line":241,"column":77},"end":{"line":241,"column":86}}]},"45":{"line":241,"type":"binary-expr","locations":[{"start":{"line":241,"column":15},"end":{"line":241,"column":22}},{"start":{"line":241,"column":26},"end":{"line":241,"column":46}}]},"46":{"line":245,"type":"binary-expr","locations":[{"start":{"line":245,"column":31},"end":{"line":245,"column":51}},{"start":{"line":245,"column":55},"end":{"line":245,"column":57}}]},"47":{"line":253,"type":"if","locations":[{"start":{"line":253,"column":4},"end":{"line":253,"column":4}},{"start":{"line":253,"column":4},"end":{"line":253,"column":4}}]},"48":{"line":253,"type":"binary-expr","locations":[{"start":{"line":253,"column":8},"end":{"line":253,"column":31}},{"start":{"line":253,"column":35},"end":{"line":253,"column":63}}]},"49":{"line":254,"type":"cond-expr","locations":[{"start":{"line":254,"column":38},"end":{"line":254,"column":42}},{"start":{"line":254,"column":45},"end":{"line":254,"column":52}}]},"50":{"line":255,"type":"cond-expr","locations":[{"start":{"line":255,"column":36},"end":{"line":255,"column":48}},{"start":{"line":255,"column":51},"end":{"line":255,"column":60}}]},"51":{"line":255,"type":"binary-expr","locations":[{"start":{"line":255,"column":15},"end":{"line":255,"column":22}},{"start":{"line":255,"column":26},"end":{"line":255,"column":33}}]},"52":{"line":278,"type":"if","locations":[{"start":{"line":278,"column":4},"end":{"line":278,"column":4}},{"start":{"line":278,"column":4},"end":{"line":278,"column":4}}]},"53":{"line":279,"type":"if","locations":[{"start":{"line":279,"column":8},"end":{"line":279,"column":8}},{"start":{"line":279,"column":8},"end":{"line":279,"column":8}}]},"54":{"line":282,"type":"if","locations":[{"start":{"line":282,"column":12},"end":{"line":282,"column":12}},{"start":{"line":282,"column":12},"end":{"line":282,"column":12}}]},"55":{"line":285,"type":"cond-expr","locations":[{"start":{"line":285,"column":61},"end":{"line":285,"column":77}},{"start":{"line":285,"column":80},"end":{"line":285,"column":87}}]},"56":{"line":296,"type":"if","locations":[{"start":{"line":296,"column":4},"end":{"line":296,"column":4}},{"start":{"line":296,"column":4},"end":{"line":296,"column":4}}]},"57":{"line":297,"type":"if","locations":[{"start":{"line":297,"column":8},"end":{"line":297,"column":8}},{"start":{"line":297,"column":8},"end":{"line":297,"column":8}}]},"58":{"line":300,"type":"if","locations":[{"start":{"line":300,"column":12},"end":{"line":300,"column":12}},{"start":{"line":300,"column":12},"end":{"line":300,"column":12}}]},"59":{"line":303,"type":"cond-expr","locations":[{"start":{"line":303,"column":61},"end":{"line":303,"column":77}},{"start":{"line":303,"column":80},"end":{"line":303,"column":87}}]},"60":{"line":314,"type":"if","locations":[{"start":{"line":314,"column":4},"end":{"line":314,"column":4}},{"start":{"line":314,"column":4},"end":{"line":314,"column":4}}]},"61":{"line":315,"type":"if","locations":[{"start":{"line":315,"column":8},"end":{"line":315,"column":8}},{"start":{"line":315,"column":8},"end":{"line":315,"column":8}}]},"62":{"line":318,"type":"if","locations":[{"start":{"line":318,"column":12},"end":{"line":318,"column":12}},{"start":{"line":318,"column":12},"end":{"line":318,"column":12}}]},"63":{"line":321,"type":"cond-expr","locations":[{"start":{"line":321,"column":61},"end":{"line":321,"column":77}},{"start":{"line":321,"column":80},"end":{"line":321,"column":87}}]},"64":{"line":332,"type":"if","locations":[{"start":{"line":332,"column":4},"end":{"line":332,"column":4}},{"start":{"line":332,"column":4},"end":{"line":332,"column":4}}]},"65":{"line":333,"type":"if","locations":[{"start":{"line":333,"column":8},"end":{"line":333,"column":8}},{"start":{"line":333,"column":8},"end":{"line":333,"column":8}}]},"66":{"line":336,"type":"if","locations":[{"start":{"line":336,"column":12},"end":{"line":336,"column":12}},{"start":{"line":336,"column":12},"end":{"line":336,"column":12}}]},"67":{"line":339,"type":"cond-expr","locations":[{"start":{"line":339,"column":61},"end":{"line":339,"column":77}},{"start":{"line":339,"column":80},"end":{"line":339,"column":87}}]},"68":{"line":354,"type":"if","locations":[{"start":{"line":354,"column":4},"end":{"line":354,"column":4}},{"start":{"line":354,"column":4},"end":{"line":354,"column":4}}]},"69":{"line":356,"type":"if","locations":[{"start":{"line":356,"column":11},"end":{"line":356,"column":11}},{"start":{"line":356,"column":11},"end":{"line":356,"column":11}}]},"70":{"line":358,"type":"if","locations":[{"start":{"line":358,"column":11},"end":{"line":358,"column":11}},{"start":{"line":358,"column":11},"end":{"line":358,"column":11}}]},"71":{"line":369,"type":"cond-expr","locations":[{"start":{"line":369,"column":28},"end":{"line":369,"column":35}},{"start":{"line":369,"column":38},"end":{"line":369,"column":53}}]},"72":{"line":394,"type":"cond-expr","locations":[{"start":{"line":394,"column":48},"end":{"line":394,"column":58}},{"start":{"line":394,"column":61},"end":{"line":394,"column":68}}]},"73":{"line":407,"type":"if","locations":[{"start":{"line":407,"column":8},"end":{"line":407,"column":8}},{"start":{"line":407,"column":8},"end":{"line":407,"column":8}}]},"74":{"line":418,"type":"if","locations":[{"start":{"line":418,"column":4},"end":{"line":418,"column":4}},{"start":{"line":418,"column":4},"end":{"line":418,"column":4}}]},"75":{"line":430,"type":"if","locations":[{"start":{"line":430,"column":4},"end":{"line":430,"column":4}},{"start":{"line":430,"column":4},"end":{"line":430,"column":4}}]},"76":{"line":457,"type":"if","locations":[{"start":{"line":457,"column":4},"end":{"line":457,"column":4}},{"start":{"line":457,"column":4},"end":{"line":457,"column":4}}]},"77":{"line":466,"type":"binary-expr","locations":[{"start":{"line":466,"column":20},"end":{"line":466,"column":28}},{"start":{"line":466,"column":32},"end":{"line":466,"column":36}}]},"78":{"line":467,"type":"binary-expr","locations":[{"start":{"line":467,"column":20},"end":{"line":467,"column":28}},{"start":{"line":467,"column":32},"end":{"line":467,"column":36}}]},"79":{"line":472,"type":"if","locations":[{"start":{"line":472,"column":12},"end":{"line":472,"column":12}},{"start":{"line":472,"column":12},"end":{"line":472,"column":12}}]},"80":{"line":476,"type":"binary-expr","locations":[{"start":{"line":476,"column":63},"end":{"line":476,"column":73}},{"start":{"line":476,"column":77},"end":{"line":476,"column":82}}]},"81":{"line":492,"type":"cond-expr","locations":[{"start":{"line":492,"column":50},"end":{"line":492,"column":52}},{"start":{"line":492,"column":55},"end":{"line":492,"column":67}}]},"82":{"line":495,"type":"if","locations":[{"start":{"line":495,"column":4},"end":{"line":495,"column":4}},{"start":{"line":495,"column":4},"end":{"line":495,"column":4}}]},"83":{"line":504,"type":"binary-expr","locations":[{"start":{"line":504,"column":20},"end":{"line":504,"column":28}},{"start":{"line":504,"column":32},"end":{"line":504,"column":36}}]},"84":{"line":505,"type":"binary-expr","locations":[{"start":{"line":505,"column":20},"end":{"line":505,"column":28}},{"start":{"line":505,"column":32},"end":{"line":505,"column":36}}]},"85":{"line":511,"type":"binary-expr","locations":[{"start":{"line":511,"column":24},"end":{"line":511,"column":34}},{"start":{"line":511,"column":38},"end":{"line":511,"column":66}},{"start":{"line":511,"column":72},"end":{"line":511,"column":82}},{"start":{"line":511,"column":86},"end":{"line":511,"column":114}},{"start":{"line":511,"column":120},"end":{"line":511,"column":128}},{"start":{"line":511,"column":132},"end":{"line":511,"column":156}},{"start":{"line":511,"column":162},"end":{"line":511,"column":171}},{"start":{"line":511,"column":175},"end":{"line":511,"column":201}}]},"86":{"line":513,"type":"binary-expr","locations":[{"start":{"line":513,"column":80},"end":{"line":513,"column":90}},{"start":{"line":513,"column":94},"end":{"line":513,"column":99}}]},"87":{"line":517,"type":"if","locations":[{"start":{"line":517,"column":12},"end":{"line":517,"column":12}},{"start":{"line":517,"column":12},"end":{"line":517,"column":12}}]},"88":{"line":517,"type":"binary-expr","locations":[{"start":{"line":517,"column":16},"end":{"line":517,"column":26}},{"start":{"line":517,"column":30},"end":{"line":517,"column":40}},{"start":{"line":517,"column":44},"end":{"line":517,"column":53}},{"start":{"line":517,"column":57},"end":{"line":517,"column":65}}]},"89":{"line":519,"type":"if","locations":[{"start":{"line":519,"column":19},"end":{"line":519,"column":19}},{"start":{"line":519,"column":19},"end":{"line":519,"column":19}}]},"90":{"line":534,"type":"if","locations":[{"start":{"line":534,"column":4},"end":{"line":534,"column":4}},{"start":{"line":534,"column":4},"end":{"line":534,"column":4}}]},"91":{"line":535,"type":"cond-expr","locations":[{"start":{"line":535,"column":58},"end":{"line":535,"column":62}},{"start":{"line":535,"column":65},"end":{"line":535,"column":81}}]},"92":{"line":538,"type":"binary-expr","locations":[{"start":{"line":538,"column":11},"end":{"line":538,"column":24}},{"start":{"line":538,"column":29},"end":{"line":538,"column":47}}]},"93":{"line":543,"type":"if","locations":[{"start":{"line":543,"column":4},"end":{"line":543,"column":4}},{"start":{"line":543,"column":4},"end":{"line":543,"column":4}}]},"94":{"line":571,"type":"if","locations":[{"start":{"line":571,"column":8},"end":{"line":571,"column":8}},{"start":{"line":571,"column":8},"end":{"line":571,"column":8}}]},"95":{"line":571,"type":"binary-expr","locations":[{"start":{"line":571,"column":12},"end":{"line":571,"column":37}},{"start":{"line":571,"column":41},"end":{"line":571,"column":71}},{"start":{"line":571,"column":75},"end":{"line":571,"column":96}}]},"96":{"line":576,"type":"binary-expr","locations":[{"start":{"line":576,"column":31},"end":{"line":576,"column":45}},{"start":{"line":576,"column":49},"end":{"line":576,"column":86}}]},"97":{"line":581,"type":"if","locations":[{"start":{"line":581,"column":12},"end":{"line":581,"column":12}},{"start":{"line":581,"column":12},"end":{"line":581,"column":12}}]},"98":{"line":590,"type":"binary-expr","locations":[{"start":{"line":590,"column":22},"end":{"line":590,"column":35}},{"start":{"line":590,"column":39},"end":{"line":590,"column":51}}]},"99":{"line":592,"type":"if","locations":[{"start":{"line":592,"column":4},"end":{"line":592,"column":4}},{"start":{"line":592,"column":4},"end":{"line":592,"column":4}}]},"100":{"line":592,"type":"binary-expr","locations":[{"start":{"line":592,"column":8},"end":{"line":592,"column":21}},{"start":{"line":592,"column":25},"end":{"line":592,"column":47}}]},"101":{"line":593,"type":"if","locations":[{"start":{"line":593,"column":8},"end":{"line":593,"column":8}},{"start":{"line":593,"column":8},"end":{"line":593,"column":8}}]},"102":{"line":593,"type":"binary-expr","locations":[{"start":{"line":593,"column":12},"end":{"line":593,"column":41}},{"start":{"line":593,"column":45},"end":{"line":593,"column":106}}]},"103":{"line":593,"type":"binary-expr","locations":[{"start":{"line":593,"column":47},"end":{"line":593,"column":73}},{"start":{"line":593,"column":77},"end":{"line":593,"column":105}}]},"104":{"line":615,"type":"if","locations":[{"start":{"line":615,"column":2},"end":{"line":615,"column":2}},{"start":{"line":615,"column":2},"end":{"line":615,"column":2}}]},"105":{"line":616,"type":"cond-expr","locations":[{"start":{"line":616,"column":34},"end":{"line":616,"column":38}},{"start":{"line":616,"column":41},"end":{"line":616,"column":48}}]},"106":{"line":617,"type":"cond-expr","locations":[{"start":{"line":617,"column":21},"end":{"line":617,"column":38}},{"start":{"line":617,"column":41},"end":{"line":617,"column":50}}]},"107":{"line":650,"type":"if","locations":[{"start":{"line":650,"column":2},"end":{"line":650,"column":2}},{"start":{"line":650,"column":2},"end":{"line":650,"column":2}}]},"108":{"line":650,"type":"binary-expr","locations":[{"start":{"line":650,"column":6},"end":{"line":650,"column":61}},{"start":{"line":650,"column":65},"end":{"line":650,"column":78}}]},"109":{"line":677,"type":"cond-expr","locations":[{"start":{"line":677,"column":47},"end":{"line":677,"column":55}},{"start":{"line":677,"column":58},"end":{"line":677,"column":70}}]},"110":{"line":682,"type":"if","locations":[{"start":{"line":682,"column":4},"end":{"line":682,"column":4}},{"start":{"line":682,"column":4},"end":{"line":682,"column":4}}]},"111":{"line":684,"type":"if","locations":[{"start":{"line":684,"column":11},"end":{"line":684,"column":11}},{"start":{"line":684,"column":11},"end":{"line":684,"column":11}}]},"112":{"line":686,"type":"if","locations":[{"start":{"line":686,"column":11},"end":{"line":686,"column":11}},{"start":{"line":686,"column":11},"end":{"line":686,"column":11}}]},"113":{"line":687,"type":"cond-expr","locations":[{"start":{"line":687,"column":64},"end":{"line":687,"column":74}},{"start":{"line":687,"column":77},"end":{"line":687,"column":85}}]},"114":{"line":687,"type":"binary-expr","locations":[{"start":{"line":687,"column":21},"end":{"line":687,"column":38}},{"start":{"line":687,"column":42},"end":{"line":687,"column":61}}]},"115":{"line":688,"type":"if","locations":[{"start":{"line":688,"column":11},"end":{"line":688,"column":11}},{"start":{"line":688,"column":11},"end":{"line":688,"column":11}}]},"116":{"line":691,"type":"cond-expr","locations":[{"start":{"line":691,"column":48},"end":{"line":691,"column":79}},{"start":{"line":691,"column":82},"end":{"line":691,"column":119}}]},"117":{"line":691,"type":"cond-expr","locations":[{"start":{"line":691,"column":99},"end":{"line":691,"column":109}},{"start":{"line":691,"column":112},"end":{"line":691,"column":119}}]},"118":{"line":703,"type":"if","locations":[{"start":{"line":703,"column":12},"end":{"line":703,"column":12}},{"start":{"line":703,"column":12},"end":{"line":703,"column":12}}]},"119":{"line":715,"type":"binary-expr","locations":[{"start":{"line":715,"column":19},"end":{"line":715,"column":23}},{"start":{"line":715,"column":27},"end":{"line":715,"column":43}}]},"120":{"line":716,"type":"if","locations":[{"start":{"line":716,"column":16},"end":{"line":716,"column":16}},{"start":{"line":716,"column":16},"end":{"line":716,"column":16}}]},"121":{"line":726,"type":"cond-expr","locations":[{"start":{"line":726,"column":40},"end":{"line":726,"column":47}},{"start":{"line":726,"column":50},"end":{"line":739,"column":5}}]},"122":{"line":727,"type":"if","locations":[{"start":{"line":727,"column":8},"end":{"line":727,"column":8}},{"start":{"line":727,"column":8},"end":{"line":727,"column":8}}]},"123":{"line":731,"type":"if","locations":[{"start":{"line":731,"column":16},"end":{"line":731,"column":16}},{"start":{"line":731,"column":16},"end":{"line":731,"column":16}}]},"124":{"line":743,"type":"cond-expr","locations":[{"start":{"line":743,"column":51},"end":{"line":743,"column":68}},{"start":{"line":743,"column":71},"end":{"line":743,"column":77}}]},"125":{"line":744,"type":"binary-expr","locations":[{"start":{"line":744,"column":19},"end":{"line":744,"column":34}},{"start":{"line":744,"column":38},"end":{"line":744,"column":61}},{"start":{"line":744,"column":65},"end":{"line":744,"column":91}},{"start":{"line":744,"column":95},"end":{"line":744,"column":120}},{"start":{"line":744,"column":124},"end":{"line":744,"column":148}},{"start":{"line":744,"column":152},"end":{"line":744,"column":181}}]},"126":{"line":753,"type":"if","locations":[{"start":{"line":753,"column":4},"end":{"line":753,"column":4}},{"start":{"line":753,"column":4},"end":{"line":753,"column":4}}]},"127":{"line":754,"type":"if","locations":[{"start":{"line":754,"column":8},"end":{"line":754,"column":8}},{"start":{"line":754,"column":8},"end":{"line":754,"column":8}}]},"128":{"line":755,"type":"cond-expr","locations":[{"start":{"line":755,"column":52},"end":{"line":755,"column":59}},{"start":{"line":755,"column":62},"end":{"line":755,"column":70}}]},"129":{"line":756,"type":"cond-expr","locations":[{"start":{"line":756,"column":29},"end":{"line":756,"column":38}},{"start":{"line":756,"column":41},"end":{"line":756,"column":43}}]},"130":{"line":758,"type":"if","locations":[{"start":{"line":758,"column":8},"end":{"line":758,"column":8}},{"start":{"line":758,"column":8},"end":{"line":758,"column":8}}]},"131":{"line":768,"type":"if","locations":[{"start":{"line":768,"column":4},"end":{"line":768,"column":4}},{"start":{"line":768,"column":4},"end":{"line":768,"column":4}}]},"132":{"line":786,"type":"if","locations":[{"start":{"line":786,"column":4},"end":{"line":786,"column":4}},{"start":{"line":786,"column":4},"end":{"line":786,"column":4}}]},"133":{"line":826,"type":"if","locations":[{"start":{"line":826,"column":8},"end":{"line":826,"column":8}},{"start":{"line":826,"column":8},"end":{"line":826,"column":8}}]},"134":{"line":828,"type":"if","locations":[{"start":{"line":828,"column":16},"end":{"line":828,"column":16}},{"start":{"line":828,"column":16},"end":{"line":828,"column":16}}]},"135":{"line":828,"type":"binary-expr","locations":[{"start":{"line":828,"column":20},"end":{"line":828,"column":29}},{"start":{"line":828,"column":33},"end":{"line":828,"column":41}},{"start":{"line":828,"column":45},"end":{"line":828,"column":69}}]},"136":{"line":856,"type":"if","locations":[{"start":{"line":856,"column":8},"end":{"line":856,"column":8}},{"start":{"line":856,"column":8},"end":{"line":856,"column":8}}]},"137":{"line":856,"type":"binary-expr","locations":[{"start":{"line":856,"column":12},"end":{"line":856,"column":21}},{"start":{"line":856,"column":25},"end":{"line":856,"column":33}},{"start":{"line":856,"column":37},"end":{"line":856,"column":74}}]},"138":{"line":867,"type":"if","locations":[{"start":{"line":867,"column":12},"end":{"line":867,"column":12}},{"start":{"line":867,"column":12},"end":{"line":867,"column":12}}]},"139":{"line":867,"type":"binary-expr","locations":[{"start":{"line":867,"column":16},"end":{"line":867,"column":35}},{"start":{"line":867,"column":40},"end":{"line":867,"column":49}},{"start":{"line":867,"column":53},"end":{"line":867,"column":61}},{"start":{"line":867,"column":65},"end":{"line":867,"column":91}}]},"140":{"line":902,"type":"cond-expr","locations":[{"start":{"line":902,"column":46},"end":{"line":902,"column":48}},{"start":{"line":902,"column":51},"end":{"line":902,"column":63}}]},"141":{"line":905,"type":"cond-expr","locations":[{"start":{"line":905,"column":59},"end":{"line":905,"column":73}},{"start":{"line":905,"column":76},"end":{"line":905,"column":80}}]},"142":{"line":906,"type":"cond-expr","locations":[{"start":{"line":906,"column":65},"end":{"line":906,"column":82}},{"start":{"line":906,"column":85},"end":{"line":906,"column":89}}]},"143":{"line":907,"type":"cond-expr","locations":[{"start":{"line":907,"column":73},"end":{"line":907,"column":94}},{"start":{"line":907,"column":97},"end":{"line":907,"column":102}}]},"144":{"line":916,"type":"if","locations":[{"start":{"line":916,"column":8},"end":{"line":916,"column":8}},{"start":{"line":916,"column":8},"end":{"line":916,"column":8}}]},"145":{"line":916,"type":"binary-expr","locations":[{"start":{"line":916,"column":12},"end":{"line":916,"column":27}},{"start":{"line":916,"column":31},"end":{"line":916,"column":60}},{"start":{"line":916,"column":64},"end":{"line":916,"column":93}}]},"146":{"line":926,"type":"cond-expr","locations":[{"start":{"line":926,"column":44},"end":{"line":926,"column":134}},{"start":{"line":926,"column":137},"end":{"line":926,"column":148}}]},"147":{"line":926,"type":"cond-expr","locations":[{"start":{"line":926,"column":70},"end":{"line":926,"column":80}},{"start":{"line":926,"column":83},"end":{"line":926,"column":134}}]},"148":{"line":926,"type":"cond-expr","locations":[{"start":{"line":926,"column":107},"end":{"line":926,"column":120}},{"start":{"line":926,"column":123},"end":{"line":926,"column":134}}]},"149":{"line":930,"type":"if","locations":[{"start":{"line":930,"column":4},"end":{"line":930,"column":4}},{"start":{"line":930,"column":4},"end":{"line":930,"column":4}}]},"150":{"line":936,"type":"if","locations":[{"start":{"line":936,"column":4},"end":{"line":936,"column":4}},{"start":{"line":936,"column":4},"end":{"line":936,"column":4}}]},"151":{"line":936,"type":"binary-expr","locations":[{"start":{"line":936,"column":8},"end":{"line":936,"column":26}},{"start":{"line":936,"column":30},"end":{"line":936,"column":50}}]},"152":{"line":943,"type":"cond-expr","locations":[{"start":{"line":943,"column":46},"end":{"line":943,"column":48}},{"start":{"line":943,"column":51},"end":{"line":943,"column":63}}]},"153":{"line":955,"type":"if","locations":[{"start":{"line":955,"column":4},"end":{"line":955,"column":4}},{"start":{"line":955,"column":4},"end":{"line":955,"column":4}}]},"154":{"line":955,"type":"binary-expr","locations":[{"start":{"line":955,"column":8},"end":{"line":955,"column":53}},{"start":{"line":955,"column":57},"end":{"line":955,"column":98}},{"start":{"line":955,"column":102},"end":{"line":955,"column":124}},{"start":{"line":955,"column":128},"end":{"line":955,"column":145}}]},"155":{"line":964,"type":"cond-expr","locations":[{"start":{"line":964,"column":50},"end":{"line":964,"column":106}},{"start":{"line":964,"column":109},"end":{"line":964,"column":121}}]},"156":{"line":970,"type":"binary-expr","locations":[{"start":{"line":970,"column":28},"end":{"line":970,"column":46}},{"start":{"line":970,"column":50},"end":{"line":970,"column":78}}]},"157":{"line":977,"type":"if","locations":[{"start":{"line":977,"column":4},"end":{"line":977,"column":4}},{"start":{"line":977,"column":4},"end":{"line":977,"column":4}}]},"158":{"line":1031,"type":"if","locations":[{"start":{"line":1031,"column":4},"end":{"line":1031,"column":4}},{"start":{"line":1031,"column":4},"end":{"line":1031,"column":4}}]},"159":{"line":1031,"type":"binary-expr","locations":[{"start":{"line":1031,"column":8},"end":{"line":1031,"column":28}},{"start":{"line":1031,"column":32},"end":{"line":1031,"column":65}}]},"160":{"line":1070,"type":"cond-expr","locations":[{"start":{"line":1070,"column":78},"end":{"line":1070,"column":81}},{"start":{"line":1070,"column":84},"end":{"line":1070,"column":102}}]},"161":{"line":1070,"type":"binary-expr","locations":[{"start":{"line":1070,"column":54},"end":{"line":1070,"column":57}},{"start":{"line":1070,"column":61},"end":{"line":1070,"column":75}}]},"162":{"line":1110,"type":"if","locations":[{"start":{"line":1110,"column":0},"end":{"line":1110,"column":0}},{"start":{"line":1110,"column":0},"end":{"line":1110,"column":0}}]}}}}