TN:
SF:/home/travis/build/webpro/DOMtastic/dist/domtastic.js
FN:1,(anonymous_1)
FN:1,(anonymous_2)
FN:1,(anonymous_3)
FN:1,e
FN:1,s
FN:1,(anonymous_6)
FN:1,(anonymous_7)
FN:43,(anonymous_8)
FN:52,filter
FN:53,(anonymous_10)
FN:58,forEach
FN:66,reverse
FN:91,(anonymous_13)
FN:95,attr
FN:100,(anonymous_15)
FN:111,removeAttr
FN:112,(anonymous_17)
FN:125,(anonymous_18)
FN:131,addClass
FN:132,(anonymous_20)
FN:137,removeClass
FN:138,(anonymous_22)
FN:143,toggleClass
FN:144,(anonymous_24)
FN:149,hasClass
FN:150,(anonymous_26)
FN:164,(anonymous_27)
FN:167,contains
FN:184,(anonymous_29)
FN:188,isNumeric
FN:191,camelize
FN:192,(anonymous_32)
FN:196,dasherize
FN:199,css
FN:223,(anonymous_35)
FN:241,(anonymous_36)
FN:246,data
FN:251,(anonymous_38)
FN:257,prop
FN:262,(anonymous_40)
FN:275,(anonymous_41)
FN:279,append
FN:300,prepend
FN:321,before
FN:342,after
FN:363,clone
FN:366,_clone
FN:372,(anonymous_48)
FN:389,(anonymous_49)
FN:398,appendTo
FN:403,empty
FN:404,(anonymous_52)
FN:408,remove
FN:409,(anonymous_54)
FN:415,replaceWith
FN:418,text
FN:422,(anonymous_57)
FN:427,val
FN:431,(anonymous_59)
FN:448,(anonymous_60)
FN:455,on
FN:463,(anonymous_62)
FN:468,(anonymous_63)
FN:487,off
FN:499,(anonymous_65)
FN:503,(anonymous_66)
FN:505,(anonymous_67)
FN:507,(anonymous_68)
FN:520,delegate
FN:523,undelegate
FN:526,trigger
FN:534,(anonymous_72)
FN:543,triggerHandler
FN:551,ready
FN:559,isAttachedToDocument
FN:565,triggerForPath
FN:578,getHandlers
FN:585,clearHandlers
FN:593,proxyHandler
FN:594,(anonymous_80)
FN:598,(anonymous_81)
FN:605,(anonymous_82)
FN:606,(anonymous_83)
FN:609,(anonymous_84)
FN:612,(anonymous_85)
FN:617,(anonymous_86)
FN:618,(anonymous_87)
FN:631,delegateHandler
FN:644,hoverHandler
FN:645,(anonymous_90)
FN:652,(anonymous_91)
FN:653,CustomEvent
FN:666,(anonymous_93)
FN:673,(anonymous_94)
FN:697,(anonymous_95)
FN:701,html
FN:706,(anonymous_97)
FN:718,(anonymous_98)
FN:729,(anonymous_99)
FN:734,native
FN:751,augment
FN:760,(anonymous_102)
FN:763,augmentNativePrototypes
FN:773,unaugmentNativePrototypes
FN:791,(anonymous_105)
FN:796,noConflict
FN:807,(anonymous_107)
FN:818,$
FN:835,find
FN:838,closest
FN:847,(anonymous_111)
FN:850,(anonymous_112)
FN:854,querySelector
FN:868,createFragment
FN:882,wrap
FN:890,Wrapper
FN:908,(anonymous_117)
FN:917,children
FN:919,(anonymous_119)
FN:921,(anonymous_120)
FN:930,contents
FN:932,(anonymous_122)
FN:937,eq
FN:940,get
FN:943,parent
FN:945,(anonymous_126)
FN:952,slice
FN:967,(anonymous_128)
FN:970,isFunction
FN:982,(anonymous_130)
FN:987,(anonymous_131)
FN:990,(anonymous_132)
FN:993,each
FN:1004,extend
FN:1008,(anonymous_135)
FNF:135
FNH:129
FNDA:1,(anonymous_1)
FNDA:1,(anonymous_2)
FNDA:1,(anonymous_3)
FNDA:1,e
FNDA:37,s
FNDA:35,(anonymous_6)
FNDA:1,(anonymous_7)
FNDA:1,(anonymous_8)
FNDA:3,filter
FNDA:5,(anonymous_10)
FNDA:25,forEach
FNDA:11,reverse
FNDA:1,(anonymous_13)
FNDA:12,attr
FNDA:14,(anonymous_15)
FNDA:2,removeAttr
FNDA:3,(anonymous_17)
FNDA:1,(anonymous_18)
FNDA:5,addClass
FNDA:4,(anonymous_20)
FNDA:2,removeClass
FNDA:2,(anonymous_22)
FNDA:3,toggleClass
FNDA:3,(anonymous_24)
FNDA:4,hasClass
FNDA:6,(anonymous_26)
FNDA:1,(anonymous_27)
FNDA:51,contains
FNDA:1,(anonymous_29)
FNDA:2,isNumeric
FNDA:14,camelize
FNDA:7,(anonymous_32)
FNDA:1,dasherize
FNDA:14,css
FNDA:9,(anonymous_35)
FNDA:1,(anonymous_36)
FNDA:9,data
FNDA:9,(anonymous_38)
FNDA:8,prop
FNDA:8,(anonymous_40)
FNDA:1,(anonymous_41)
FNDA:62,append
FNDA:49,prepend
FNDA:57,before
FNDA:43,after
FNDA:4,clone
FNDA:34,_clone
FNDA:51,(anonymous_48)
FNDA:1,(anonymous_49)
FNDA:5,appendTo
FNDA:2,empty
FNDA:3,(anonymous_52)
FNDA:5,remove
FNDA:8,(anonymous_54)
FNDA:3,replaceWith
FNDA:2,text
FNDA:1,(anonymous_57)
FNDA:2,val
FNDA:1,(anonymous_59)
FNDA:1,(anonymous_60)
FNDA:51,on
FNDA:57,(anonymous_62)
FNDA:73,(anonymous_63)
FNDA:15,off
FNDA:17,(anonymous_65)
FNDA:25,(anonymous_66)
FNDA:228,(anonymous_67)
FNDA:52,(anonymous_68)
FNDA:0,delegate
FNDA:0,undelegate
FNDA:40,trigger
FNDA:52,(anonymous_72)
FNDA:4,triggerHandler
FNDA:2,ready
FNDA:47,isAttachedToDocument
FNDA:4,triggerForPath
FNDA:98,getHandlers
FNDA:7,clearHandlers
FNDA:57,proxyHandler
FNDA:45,(anonymous_80)
FNDA:1,(anonymous_81)
FNDA:0,(anonymous_82)
FNDA:7,(anonymous_83)
FNDA:5,(anonymous_84)
FNDA:45,(anonymous_85)
FNDA:90,(anonymous_86)
FNDA:8,(anonymous_87)
FNDA:27,delegateHandler
FNDA:0,hoverHandler
FNDA:0,(anonymous_90)
FNDA:1,(anonymous_91)
FNDA:50,CustomEvent
FNDA:1,(anonymous_93)
FNDA:0,(anonymous_94)
FNDA:1,(anonymous_95)
FNDA:17,html
FNDA:11,(anonymous_97)
FNDA:1,(anonymous_98)
FNDA:1,(anonymous_99)
FNDA:9,native
FNDA:468,augment
FNDA:468,(anonymous_102)
FNDA:4,augmentNativePrototypes
FNDA:4,unaugmentNativePrototypes
FNDA:1,(anonymous_105)
FNDA:1,noConflict
FNDA:1,(anonymous_107)
FNDA:359,$
FNDA:12,find
FNDA:32,closest
FNDA:1,(anonymous_111)
FNDA:64,(anonymous_112)
FNDA:175,querySelector
FNDA:70,createFragment
FNDA:357,wrap
FNDA:357,Wrapper
FNDA:1,(anonymous_117)
FNDA:6,children
FNDA:8,(anonymous_119)
FNDA:21,(anonymous_120)
FNDA:4,contents
FNDA:5,(anonymous_122)
FNDA:2,eq
FNDA:1,get
FNDA:3,parent
FNDA:11,(anonymous_126)
FNDA:4,slice
FNDA:1,(anonymous_128)
FNDA:14,isFunction
FNDA:1,(anonymous_130)
FNDA:9,(anonymous_131)
FNDA:110,(anonymous_132)
FNDA:250,each
FNDA:3,extend
FNDA:15,(anonymous_135)
DA:1,37
DA:3,1
DA:4,1
DA:5,1
DA:8,1
DA:9,1
DA:10,1
DA:11,1
DA:12,1
DA:13,1
DA:14,1
DA:15,1
DA:16,1
DA:17,1
DA:18,1
DA:19,1
DA:20,1
DA:21,1
DA:22,1
DA:23,1
DA:24,1
DA:25,1
DA:26,1
DA:27,1
DA:29,1
DA:30,1
DA:31,1
DA:32,1
DA:33,1
DA:34,1
DA:35,1
DA:36,1
DA:37,1
DA:45,1
DA:46,1
DA:47,1
DA:50,1
DA:51,1
DA:52,1
DA:53,3
DA:54,5
DA:56,3
DA:58,1
DA:59,25
DA:61,1
DA:62,1
DA:63,1
DA:64,1
DA:65,1
DA:66,1
DA:67,11
DA:68,11
DA:70,1
DA:71,1
DA:72,1
DA:74,1
DA:93,1
DA:94,1
DA:95,1
DA:96,12
DA:97,3
DA:98,3
DA:100,9
DA:101,14
DA:102,5
DA:103,10
DA:106,9
DA:109,9
DA:111,1
DA:112,2
DA:113,3
DA:115,2
DA:118,1
DA:127,1
DA:128,1
DA:131,1
DA:132,5
DA:133,4
DA:135,5
DA:137,1
DA:138,2
DA:139,2
DA:141,2
DA:143,1
DA:144,3
DA:145,3
DA:147,3
DA:149,1
DA:150,4
DA:151,6
DA:155,1
DA:166,1
DA:167,1
DA:168,51
DA:169,1
DA:170,50
DA:171,49
DA:172,1
DA:173,1
DA:175,0
DA:178,1
DA:186,1
DA:187,1
DA:188,1
DA:189,2
DA:191,1
DA:192,14
DA:193,7
DA:196,1
DA:197,1
DA:199,1
DA:200,14
DA:203,14
DA:204,12
DA:205,12
DA:206,3
DA:207,3
DA:208,2
DA:209,2
DA:211,1
DA:213,9
DA:214,9
DA:216,2
DA:217,2
DA:218,2
DA:219,2
DA:220,2
DA:223,11
DA:224,9
DA:225,10
DA:226,9
DA:228,1
DA:232,11
DA:235,1
DA:243,1
DA:244,1
DA:245,1
DA:246,1
DA:247,9
DA:248,2
DA:249,2
DA:251,7
DA:252,9
DA:253,9
DA:255,7
DA:257,1
DA:258,8
DA:259,2
DA:260,2
DA:262,6
DA:263,8
DA:265,6
DA:268,1
DA:277,1
DA:278,1
DA:279,1
DA:280,62
DA:281,36
DA:282,17
DA:284,19
DA:285,1
DA:287,18
DA:288,18
DA:292,26
DA:293,26
DA:294,36
DA:295,36
DA:298,62
DA:300,1
DA:301,49
DA:302,37
DA:303,8
DA:305,29
DA:306,20
DA:308,9
DA:309,9
DA:313,12
DA:314,12
DA:315,18
DA:316,18
DA:319,49
DA:321,1
DA:322,57
DA:323,45
DA:324,9
DA:326,36
DA:327,25
DA:329,11
DA:330,11
DA:334,12
DA:335,12
DA:336,20
DA:337,20
DA:340,57
DA:342,1
DA:343,43
DA:344,34
DA:345,6
DA:347,28
DA:348,19
DA:350,9
DA:351,9
DA:355,9
DA:356,9
DA:357,15
DA:358,15
DA:361,43
DA:363,1
DA:364,4
DA:366,1
DA:367,34
DA:368,9
DA:369,25
DA:370,0
DA:371,25
DA:372,25
DA:373,51
DA:376,0
DA:379,1
DA:391,1
DA:392,1
DA:393,1
DA:397,1
DA:398,1
DA:399,5
DA:400,5
DA:401,5
DA:403,1
DA:404,2
DA:405,3
DA:408,1
DA:409,5
DA:410,8
DA:411,8
DA:415,1
DA:416,3
DA:418,1
DA:419,2
DA:420,1
DA:422,1
DA:423,1
DA:425,1
DA:427,1
DA:428,2
DA:429,1
DA:431,1
DA:432,1
DA:434,1
DA:437,1
DA:450,1
DA:451,1
DA:454,1
DA:455,1
DA:456,51
DA:457,32
DA:458,32
DA:460,51
DA:463,51
DA:464,57
DA:465,57
DA:466,57
DA:467,57
DA:468,57
DA:469,73
DA:470,0
DA:472,73
DA:473,25
DA:475,73
DA:476,73
DA:485,51
DA:487,1
DA:488,15
DA:489,15
DA:490,15
DA:491,15
DA:492,15
DA:493,3
DA:494,3
DA:496,15
DA:499,15
DA:500,17
DA:501,17
DA:502,17
DA:503,17
DA:504,25
DA:505,25
DA:506,228
DA:508,52
DA:509,52
DA:511,25
DA:512,4
DA:513,21
DA:514,3
DA:518,15
DA:520,1
DA:521,0
DA:523,1
DA:524,0
DA:526,1
DA:527,40
DA:528,40
DA:529,40
DA:530,40
DA:531,40
DA:532,40
DA:533,40
DA:534,40
DA:535,52
DA:536,48
DA:538,4
DA:541,40
DA:543,1
DA:544,4
DA:545,4
DA:551,1
DA:552,2
DA:553,2
DA:555,0
DA:557,2
DA:559,1
DA:560,47
DA:561,0
DA:563,47
DA:565,1
DA:566,4
DA:567,4
DA:568,4
DA:569,4
DA:570,4
DA:571,10
DA:574,1
DA:575,1
DA:576,1
DA:577,1
DA:578,1
DA:579,98
DA:580,17
DA:582,98
DA:583,98
DA:585,1
DA:586,7
DA:587,7
DA:588,7
DA:589,7
DA:590,7
DA:593,1
DA:594,57
DA:595,45
DA:598,1
DA:599,1
DA:607,7
DA:610,5
DA:612,1
DA:613,45
DA:614,15
DA:616,30
DA:617,90
DA:618,90
DA:619,8
DA:620,8
DA:622,90
DA:625,30
DA:626,3
DA:628,30
DA:631,1
DA:632,27
DA:634,27
DA:635,27
DA:636,26
DA:640,1
DA:644,1
DA:645,0
DA:646,0
DA:647,0
DA:648,0
DA:652,1
DA:653,1
DA:654,50
DA:659,50
DA:660,50
DA:661,50
DA:663,1
DA:664,1
DA:666,1
DA:667,1
DA:669,1
DA:670,1
DA:672,1
DA:673,1
DA:674,0
DA:676,1
DA:678,1
DA:680,1
DA:683,1
DA:699,1
DA:700,1
DA:701,1
DA:702,17
DA:703,5
DA:704,5
DA:706,12
DA:707,11
DA:709,12
DA:712,1
DA:720,1
DA:721,1
DA:722,1
DA:723,1
DA:731,1
DA:732,1
DA:733,1
DA:734,1
DA:735,9
DA:736,9
DA:737,9
DA:738,9
DA:739,9
DA:741,9
DA:742,4
DA:744,9
DA:745,4
DA:747,9
DA:749,1
DA:751,1
DA:752,468
DA:753,416
DA:760,1
DA:761,468
DA:763,1
DA:764,4
DA:765,4
DA:766,208
DA:767,208
DA:769,4
DA:770,52
DA:773,1
DA:774,4
DA:775,4
DA:776,208
DA:777,208
DA:779,4
DA:780,52
DA:784,1
DA:793,1
DA:794,1
DA:795,1
DA:796,1
DA:797,1
DA:798,1
DA:801,1
DA:809,1
DA:810,1
DA:813,1
DA:818,1
DA:819,359
DA:820,359
DA:821,359
DA:822,7
DA:823,352
DA:824,1
DA:825,351
DA:826,106
DA:827,245
DA:828,70
DA:830,175
DA:831,175
DA:833,358
DA:835,1
DA:836,12
DA:838,1
DA:839,32
DA:840,32
DA:841,44
DA:842,30
DA:845,2
DA:847,1
DA:848,1
DA:850,1
DA:851,64
DA:854,1
DA:855,175
DA:856,175
DA:857,89
DA:858,53
DA:859,53
DA:861,36
DA:862,23
DA:864,13
DA:866,86
DA:868,1
DA:869,70
DA:870,20
DA:872,50
DA:875,50
DA:876,50
DA:878,75
DA:880,50
DA:882,1
DA:883,357
DA:884,1
DA:885,1
DA:886,1
DA:888,357
DA:890,1
DA:891,357
DA:893,357
DA:894,643
DA:896,357
DA:899,1
DA:910,1
DA:911,1
DA:914,1
DA:917,1
DA:918,6
DA:919,6
DA:920,8
DA:921,7
DA:922,21
DA:923,17
DA:928,6
DA:930,1
DA:931,4
DA:932,4
DA:933,5
DA:935,4
DA:937,1
DA:938,2
DA:940,1
DA:941,1
DA:943,1
DA:944,3
DA:945,3
DA:946,11
DA:947,9
DA:950,3
DA:952,1
DA:953,4
DA:956,1
DA:969,1
DA:970,1
DA:971,14
DA:973,1
DA:975,1
DA:984,1
DA:985,1
DA:987,1
DA:988,9
DA:990,1
DA:991,110
DA:993,1
DA:994,250
DA:995,250
DA:996,245
DA:997,373
DA:1000,5
DA:1002,250
DA:1004,1
DA:1005,3
DA:1007,15
DA:1008,3
DA:1009,15
DA:1010,15
DA:1011,81
DA:1015,3
DA:1018,1
LF:565
LH:552
BRDA:1,1,0,0
BRDA:1,1,1,1
BRDA:1,2,0,1
BRDA:1,2,1,0
BRDA:1,3,0,0
BRDA:1,3,1,1
BRDA:1,4,0,1
BRDA:1,4,1,0
BRDA:1,5,0,1
BRDA:1,5,1,0
BRDA:1,6,0,0
BRDA:1,6,1,0
BRDA:1,7,0,0
BRDA:1,7,1,0
BRDA:1,8,0,18
BRDA:1,8,1,19
BRDA:1,9,0,0
BRDA:1,9,1,18
BRDA:1,10,0,0
BRDA:1,10,1,0
BRDA:1,11,0,0
BRDA:1,11,1,0
BRDA:1,12,0,0
BRDA:1,12,1,0
BRDA:1,13,0,0
BRDA:1,13,1,0
BRDA:1,14,0,35
BRDA:1,14,1,0
BRDA:1,15,0,1
BRDA:1,15,1,0
BRDA:23,16,0,1
BRDA:23,16,1,0
BRDA:53,17,0,2
BRDA:53,17,1,1
BRDA:96,18,0,3
BRDA:96,18,1,9
BRDA:96,19,0,12
BRDA:96,19,1,8
BRDA:97,20,0,1
BRDA:97,20,1,2
BRDA:98,21,0,2
BRDA:98,21,1,1
BRDA:101,22,0,5
BRDA:101,22,1,9
BRDA:168,23,0,1
BRDA:168,23,1,50
BRDA:168,24,0,51
BRDA:168,24,1,51
BRDA:168,24,2,51
BRDA:170,25,0,49
BRDA:170,25,1,1
BRDA:172,26,0,1
BRDA:172,26,1,0
BRDA:189,27,0,2
BRDA:189,27,1,1
BRDA:203,28,0,12
BRDA:203,28,1,2
BRDA:205,29,0,3
BRDA:205,29,1,9
BRDA:206,30,0,0
BRDA:206,30,1,3
BRDA:207,31,0,2
BRDA:207,31,1,1
BRDA:209,32,0,1
BRDA:209,32,1,1
BRDA:209,33,0,1
BRDA:209,33,1,0
BRDA:225,34,0,9
BRDA:225,34,1,1
BRDA:225,35,0,10
BRDA:225,35,1,1
BRDA:247,36,0,2
BRDA:247,36,1,7
BRDA:247,37,0,9
BRDA:247,37,1,7
BRDA:248,38,0,0
BRDA:248,38,1,2
BRDA:249,39,0,1
BRDA:249,39,1,1
BRDA:249,40,0,2
BRDA:249,40,1,1
BRDA:252,41,0,9
BRDA:252,41,1,7
BRDA:258,42,0,2
BRDA:258,42,1,6
BRDA:258,43,0,8
BRDA:258,43,1,6
BRDA:259,44,0,0
BRDA:259,44,1,2
BRDA:260,45,0,1
BRDA:260,45,1,1
BRDA:260,46,0,2
BRDA:260,46,1,1
BRDA:280,47,0,36
BRDA:280,47,1,26
BRDA:281,48,0,17
BRDA:281,48,1,19
BRDA:284,49,0,1
BRDA:284,49,1,18
BRDA:287,50,0,1
BRDA:287,50,1,17
BRDA:294,51,0,26
BRDA:294,51,1,10
BRDA:301,52,0,37
BRDA:301,52,1,12
BRDA:302,53,0,8
BRDA:302,53,1,29
BRDA:305,54,0,20
BRDA:305,54,1,9
BRDA:308,55,0,1
BRDA:308,55,1,8
BRDA:315,56,0,12
BRDA:315,56,1,6
BRDA:322,57,0,45
BRDA:322,57,1,12
BRDA:323,58,0,9
BRDA:323,58,1,36
BRDA:326,59,0,25
BRDA:326,59,1,11
BRDA:329,60,0,1
BRDA:329,60,1,10
BRDA:336,61,0,12
BRDA:336,61,1,8
BRDA:343,62,0,34
BRDA:343,62,1,9
BRDA:344,63,0,6
BRDA:344,63,1,28
BRDA:347,64,0,19
BRDA:347,64,1,9
BRDA:350,65,0,1
BRDA:350,65,1,8
BRDA:357,66,0,9
BRDA:357,66,1,6
BRDA:367,67,0,9
BRDA:367,67,1,25
BRDA:369,68,0,0
BRDA:369,68,1,25
BRDA:371,69,0,25
BRDA:371,69,1,0
BRDA:399,70,0,1
BRDA:399,70,1,4
BRDA:410,71,0,8
BRDA:410,71,1,0
BRDA:419,72,0,1
BRDA:419,72,1,1
BRDA:428,73,0,1
BRDA:428,73,1,1
BRDA:456,74,0,32
BRDA:456,74,1,19
BRDA:465,75,0,57
BRDA:465,75,1,2
BRDA:466,76,0,57
BRDA:466,76,1,52
BRDA:469,77,0,0
BRDA:469,77,1,73
BRDA:469,78,0,73
BRDA:469,78,1,25
BRDA:472,79,0,25
BRDA:472,79,1,48
BRDA:475,80,0,73
BRDA:475,80,1,73
BRDA:475,81,0,73
BRDA:475,81,1,73
BRDA:488,82,0,11
BRDA:488,82,1,4
BRDA:492,83,0,3
BRDA:492,83,1,12
BRDA:501,84,0,17
BRDA:501,84,1,5
BRDA:502,85,0,17
BRDA:502,85,1,15
BRDA:506,86,0,228
BRDA:506,86,1,178
BRDA:506,86,2,70
BRDA:506,86,3,21
BRDA:506,86,4,52
BRDA:506,86,5,15
BRDA:506,86,6,52
BRDA:506,86,7,9
BRDA:508,87,0,52
BRDA:508,87,1,52
BRDA:508,88,0,52
BRDA:508,88,1,52
BRDA:511,89,0,4
BRDA:511,89,1,21
BRDA:511,90,0,25
BRDA:511,90,1,5
BRDA:511,90,2,4
BRDA:511,90,3,4
BRDA:513,91,0,3
BRDA:513,91,1,18
BRDA:527,92,0,5
BRDA:527,92,1,35
BRDA:528,93,0,5
BRDA:528,93,1,35
BRDA:529,94,0,0
BRDA:529,94,1,40
BRDA:530,95,0,4
BRDA:530,95,1,36
BRDA:535,96,0,48
BRDA:535,96,1,4
BRDA:535,97,0,52
BRDA:535,97,1,47
BRDA:535,97,2,47
BRDA:544,98,0,4
BRDA:544,98,1,0
BRDA:552,99,0,2
BRDA:552,99,1,0
BRDA:552,100,0,2
BRDA:552,100,1,2
BRDA:560,101,0,0
BRDA:560,101,1,47
BRDA:560,102,0,47
BRDA:560,102,1,47
BRDA:566,103,0,4
BRDA:566,103,1,0
BRDA:579,104,0,17
BRDA:579,104,1,81
BRDA:580,105,0,12
BRDA:580,105,1,5
BRDA:583,106,0,98
BRDA:583,106,1,18
BRDA:587,107,0,7
BRDA:587,107,1,0
BRDA:613,108,0,15
BRDA:613,108,1,30
BRDA:613,109,0,45
BRDA:613,109,1,15
BRDA:613,109,2,15
BRDA:623,110,0,90
BRDA:623,110,1,0
BRDA:625,111,0,3
BRDA:625,111,1,27
BRDA:632,112,0,27
BRDA:632,112,1,25
BRDA:634,113,0,27
BRDA:634,113,1,0
BRDA:634,114,0,27
BRDA:634,114,1,27
BRDA:635,115,0,26
BRDA:635,115,1,1
BRDA:635,116,0,27
BRDA:635,116,1,5
BRDA:635,116,2,1
BRDA:647,117,0,0
BRDA:647,117,1,0
BRDA:647,118,0,0
BRDA:647,118,1,0
BRDA:647,118,2,0
BRDA:654,119,0,49
BRDA:654,119,1,1
BRDA:663,120,0,1
BRDA:663,120,1,0
BRDA:669,121,0,1
BRDA:669,121,1,0
BRDA:702,122,0,5
BRDA:702,122,1,12
BRDA:703,123,0,1
BRDA:703,123,1,4
BRDA:704,124,0,2
BRDA:704,124,1,3
BRDA:735,125,0,5
BRDA:735,125,1,4
BRDA:738,126,0,9
BRDA:738,126,1,0
BRDA:741,127,0,4
BRDA:741,127,1,5
BRDA:741,128,0,9
BRDA:741,128,1,5
BRDA:744,129,0,4
BRDA:744,129,1,5
BRDA:744,130,0,9
BRDA:744,130,1,4
BRDA:749,131,0,1
BRDA:749,131,1,1
BRDA:750,132,0,1
BRDA:750,132,1,1
BRDA:752,133,0,416
BRDA:752,133,1,52
BRDA:819,134,0,14
BRDA:819,134,1,345
BRDA:821,135,0,7
BRDA:821,135,1,352
BRDA:823,136,0,1
BRDA:823,136,1,351
BRDA:825,137,0,106
BRDA:825,137,1,245
BRDA:827,138,0,70
BRDA:827,138,1,175
BRDA:830,139,0,1
BRDA:830,139,1,174
BRDA:830,140,0,12
BRDA:830,140,1,162
BRDA:833,141,0,1
BRDA:833,141,1,357
BRDA:840,142,0,46
BRDA:840,142,1,45
BRDA:841,143,0,30
BRDA:841,143,1,14
BRDA:848,144,0,1
BRDA:848,144,1,0
BRDA:849,145,0,1
BRDA:849,145,1,1
BRDA:849,145,2,1
BRDA:849,145,3,1
BRDA:849,145,4,0
BRDA:849,145,5,0
BRDA:856,146,0,89
BRDA:856,146,1,86
BRDA:856,147,0,175
BRDA:856,147,1,89
BRDA:857,148,0,53
BRDA:857,148,1,36
BRDA:858,149,0,52
BRDA:858,149,1,1
BRDA:859,150,0,41
BRDA:859,150,1,12
BRDA:861,151,0,23
BRDA:861,151,1,13
BRDA:869,152,0,20
BRDA:869,152,1,50
BRDA:883,153,0,1
BRDA:883,153,1,356
BRDA:920,154,0,7
BRDA:920,154,1,1
BRDA:922,155,0,17
BRDA:922,155,1,4
BRDA:922,156,0,21
BRDA:922,156,1,10
BRDA:922,156,2,10
BRDA:946,157,0,9
BRDA:946,157,1,2
BRDA:946,158,0,11
BRDA:946,158,1,5
BRDA:946,158,2,5
BRDA:991,159,0,71
BRDA:991,159,1,39
BRDA:991,160,0,110
BRDA:991,160,1,40
BRDA:995,161,0,245
BRDA:995,161,1,5
BRDA:995,162,0,250
BRDA:995,162,1,245
BRDA:1009,163,0,15
BRDA:1009,163,1,0
BRF:345
BRH:295
end_of_record
