TN:
SF:/home/travis/build/webpro/DOMtastic/dist/domtastic.js
FN:1,(anonymous_1)
FN:1,e
FN:1,(anonymous_3)
FN:1,e
FN:1,s
FN:1,(anonymous_6)
FN:1,(anonymous_7)
FN:14,filter
FN:15,(anonymous_9)
FN:21,forEach
FN:35,reverse
FN:58,(anonymous_12)
FN:64,attr
FN:70,(anonymous_14)
FN:83,removeAttr
FN:84,(anonymous_16)
FN:93,(anonymous_17)
FN:99,addClass
FN:106,removeClass
FN:113,toggleClass
FN:120,hasClass
FN:121,(anonymous_22)
FN:126,_each
FN:127,(anonymous_24)
FN:137,(anonymous_25)
FN:140,contains
FN:154,(anonymous_27)
FN:160,isNumeric
FN:164,camelize
FN:165,(anonymous_30)
FN:170,dasherize
FN:174,css
FN:200,(anonymous_33)
FN:215,(anonymous_34)
FN:223,data
FN:229,(anonymous_36)
FN:237,prop
FN:243,(anonymous_38)
FN:254,(anonymous_39)
FN:261,append
FN:279,prepend
FN:297,before
FN:315,after
FN:333,clone
FN:337,_clone
FN:343,(anonymous_46)
FN:350,_each
FN:364,(anonymous_48)
FN:374,appendTo
FN:380,empty
FN:381,(anonymous_51)
FN:386,remove
FN:387,(anonymous_53)
FN:394,replaceWith
FN:398,text
FN:403,(anonymous_56)
FN:410,val
FN:415,(anonymous_58)
FN:429,(anonymous_59)
FN:436,on
FN:444,(anonymous_61)
FN:451,(anonymous_62)
FN:471,off
FN:482,(anonymous_64)
FN:487,(anonymous_65)
FN:490,(anonymous_66)
FN:492,(anonymous_67)
FN:513,getHandlers
FN:521,clearHandlers
FN:530,proxyHandler
FN:531,(anonymous_71)
FN:536,(anonymous_72)
FN:541,(anonymous_73)
FN:543,(anonymous_74)
FN:547,(anonymous_75)
FN:550,(anonymous_76)
FN:551,(anonymous_77)
FN:566,delegateHandler
FN:582,(anonymous_79)
FN:588,html
FN:594,(anonymous_81)
FN:603,(anonymous_82)
FN:611,noConflict
FN:618,(anonymous_84)
FN:621,ready
FN:632,(anonymous_86)
FN:640,$
FN:642,(anonymous_88)
FN:663,find
FN:667,(anonymous_90)
FN:668,closest
FN:680,(anonymous_92)
FN:690,(anonymous_93)
FN:692,(anonymous_94)
FN:697,querySelector
FN:714,createFragment
FN:730,wrap
FN:740,Wrapper
FN:753,(anonymous_99)
FN:762,children
FN:764,(anonymous_101)
FN:766,(anonymous_102)
FN:776,contents
FN:778,(anonymous_104)
FN:784,eq
FN:788,get
FN:792,parent
FN:794,(anonymous_108)
FN:802,slice
FN:813,(anonymous_110)
FN:823,trigger
FN:836,(anonymous_112)
FN:846,getEventConstructor
FN:850,triggerHandler
FN:856,isAttachedToDocument
FN:863,triggerForPath
FN:875,dispatchEvent
FN:883,(anonymous_118)
FN:884,CustomEvent
FN:886,(anonymous_120)
FN:897,(anonymous_121)
FN:902,(anonymous_122)
FN:910,(anonymous_123)
FN:922,(anonymous_124)
FN:925,isFunction
FN:934,(anonymous_126)
FN:942,toArray
FN:950,each
FN:962,extend
FN:965,(anonymous_130)
FN:978,(anonymous_131)
FNF:131
FNH:129
FNDA:1,(anonymous_1)
FNDA:1,e
FNDA:1,(anonymous_3)
FNDA:1,e
FNDA:46,s
FNDA:44,(anonymous_6)
FNDA:1,(anonymous_7)
FNDA:3,filter
FNDA:5,(anonymous_9)
FNDA:24,forEach
FNDA:11,reverse
FNDA:1,(anonymous_12)
FNDA:11,attr
FNDA:15,(anonymous_14)
FNDA:2,removeAttr
FNDA:3,(anonymous_16)
FNDA:1,(anonymous_17)
FNDA:8,addClass
FNDA:3,removeClass
FNDA:5,toggleClass
FNDA:5,hasClass
FNDA:6,(anonymous_22)
FNDA:18,_each
FNDA:18,(anonymous_24)
FNDA:1,(anonymous_25)
FNDA:12,contains
FNDA:1,(anonymous_27)
FNDA:2,isNumeric
FNDA:14,camelize
FNDA:7,(anonymous_30)
FNDA:1,dasherize
FNDA:14,css
FNDA:9,(anonymous_33)
FNDA:1,(anonymous_34)
FNDA:9,data
FNDA:9,(anonymous_36)
FNDA:8,prop
FNDA:8,(anonymous_38)
FNDA:1,(anonymous_39)
FNDA:62,append
FNDA:49,prepend
FNDA:57,before
FNDA:43,after
FNDA:4,clone
FNDA:34,_clone
FNDA:51,(anonymous_46)
FNDA:59,_each
FNDA:1,(anonymous_48)
FNDA:5,appendTo
FNDA:2,empty
FNDA:3,(anonymous_51)
FNDA:5,remove
FNDA:8,(anonymous_53)
FNDA:3,replaceWith
FNDA:5,text
FNDA:4,(anonymous_56)
FNDA:5,val
FNDA:4,(anonymous_58)
FNDA:1,(anonymous_59)
FNDA:51,on
FNDA:57,(anonymous_61)
FNDA:73,(anonymous_62)
FNDA:15,off
FNDA:17,(anonymous_64)
FNDA:25,(anonymous_65)
FNDA:221,(anonymous_66)
FNDA:47,(anonymous_67)
FNDA:98,getHandlers
FNDA:7,clearHandlers
FNDA:57,proxyHandler
FNDA:47,(anonymous_71)
FNDA:1,(anonymous_72)
FNDA:8,(anonymous_73)
FNDA:6,(anonymous_74)
FNDA:47,(anonymous_75)
FNDA:141,(anonymous_76)
FNDA:11,(anonymous_77)
FNDA:26,delegateHandler
FNDA:1,(anonymous_79)
FNDA:16,html
FNDA:11,(anonymous_81)
FNDA:1,(anonymous_82)
FNDA:1,noConflict
FNDA:1,(anonymous_84)
FNDA:2,ready
FNDA:1,(anonymous_86)
FNDA:361,$
FNDA:361,(anonymous_88)
FNDA:11,find
FNDA:1,(anonymous_90)
FNDA:31,closest
FNDA:0,(anonymous_92)
FNDA:1,(anonymous_93)
FNDA:63,(anonymous_94)
FNDA:173,querySelector
FNDA:70,createFragment
FNDA:360,wrap
FNDA:360,Wrapper
FNDA:1,(anonymous_99)
FNDA:6,children
FNDA:8,(anonymous_101)
FNDA:21,(anonymous_102)
FNDA:4,contents
FNDA:5,(anonymous_104)
FNDA:2,eq
FNDA:1,get
FNDA:3,parent
FNDA:11,(anonymous_108)
FNDA:4,slice
FNDA:1,(anonymous_110)
FNDA:15,trigger
FNDA:15,(anonymous_112)
FNDA:15,getEventConstructor
FNDA:4,triggerHandler
FNDA:10,isAttachedToDocument
FNDA:2,triggerForPath
FNDA:17,dispatchEvent
FNDA:1,(anonymous_118)
FNDA:53,CustomEvent
FNDA:53,(anonymous_120)
FNDA:1,(anonymous_121)
FNDA:0,(anonymous_122)
FNDA:1,(anonymous_123)
FNDA:1,(anonymous_124)
FNDA:14,isFunction
FNDA:1,(anonymous_126)
FNDA:20,toArray
FNDA:253,each
FNDA:3,extend
FNDA:17,(anonymous_130)
FNDA:1,(anonymous_131)
DA:1,46
DA:4,1
DA:5,1
DA:6,1
DA:7,1
DA:10,1
DA:12,1
DA:14,1
DA:15,3
DA:16,5
DA:18,3
DA:21,1
DA:22,24
DA:25,1
DA:27,1
DA:29,1
DA:31,1
DA:33,1
DA:35,1
DA:36,11
DA:39,1
DA:41,1
DA:43,1
DA:45,1
DA:46,1
DA:47,1
DA:48,1
DA:49,1
DA:50,1
DA:51,1
DA:52,1
DA:53,1
DA:54,1
DA:55,1
DA:56,1
DA:61,1
DA:64,1
DA:65,11
DA:66,2
DA:67,2
DA:70,9
DA:71,15
DA:72,5
DA:73,10
DA:76,10
DA:80,9
DA:83,1
DA:84,2
DA:85,3
DA:87,2
DA:90,1
DA:91,1
DA:96,1
DA:99,1
DA:100,8
DA:101,7
DA:103,8
DA:106,1
DA:107,3
DA:108,3
DA:110,3
DA:113,1
DA:114,5
DA:115,5
DA:117,5
DA:120,1
DA:121,5
DA:122,6
DA:126,1
DA:127,18
DA:128,18
DA:132,1
DA:133,1
DA:134,1
DA:135,1
DA:140,1
DA:141,12
DA:142,1
DA:143,11
DA:144,10
DA:145,1
DA:146,1
DA:148,0
DA:152,1
DA:157,1
DA:160,1
DA:161,2
DA:164,1
DA:165,14
DA:166,7
DA:170,1
DA:171,1
DA:174,1
DA:175,14
DA:177,14
DA:178,12
DA:180,12
DA:181,3
DA:182,3
DA:183,2
DA:184,2
DA:186,1
DA:189,9
DA:190,9
DA:192,2
DA:193,2
DA:194,2
DA:195,2
DA:196,2
DA:200,11
DA:201,9
DA:202,10
DA:203,9
DA:205,1
DA:210,11
DA:213,1
DA:218,1
DA:221,1
DA:223,1
DA:224,9
DA:225,2
DA:226,2
DA:229,7
DA:230,9
DA:231,9
DA:234,7
DA:237,1
DA:238,8
DA:239,2
DA:240,2
DA:243,6
DA:244,8
DA:247,6
DA:251,1
DA:252,1
DA:257,1
DA:258,1
DA:261,1
DA:262,62
DA:263,36
DA:264,17
DA:266,19
DA:267,1
DA:269,18
DA:270,18
DA:274,26
DA:276,62
DA:279,1
DA:280,49
DA:281,37
DA:282,8
DA:284,29
DA:285,20
DA:287,9
DA:288,9
DA:292,12
DA:294,49
DA:297,1
DA:298,57
DA:299,45
DA:300,9
DA:302,36
DA:303,25
DA:305,11
DA:306,11
DA:310,12
DA:312,57
DA:315,1
DA:316,43
DA:317,34
DA:318,6
DA:320,28
DA:321,19
DA:323,9
DA:324,9
DA:328,9
DA:330,43
DA:333,1
DA:334,4
DA:337,1
DA:338,34
DA:339,9
DA:340,25
DA:341,0
DA:342,25
DA:343,25
DA:344,51
DA:347,0
DA:350,1
DA:351,59
DA:352,59
DA:353,89
DA:354,89
DA:358,1
DA:359,1
DA:360,1
DA:361,1
DA:362,1
DA:367,1
DA:368,1
DA:369,1
DA:370,1
DA:371,1
DA:374,1
DA:375,5
DA:376,5
DA:377,5
DA:380,1
DA:381,2
DA:382,3
DA:386,1
DA:387,5
DA:388,8
DA:389,8
DA:394,1
DA:395,3
DA:398,1
DA:399,5
DA:400,1
DA:403,4
DA:404,4
DA:407,4
DA:410,1
DA:411,5
DA:412,1
DA:415,4
DA:416,4
DA:419,4
DA:422,1
DA:423,1
DA:424,1
DA:425,1
DA:426,1
DA:427,1
DA:432,1
DA:433,1
DA:436,1
DA:437,51
DA:438,33
DA:439,33
DA:442,51
DA:444,51
DA:445,57
DA:446,57
DA:447,57
DA:449,57
DA:451,57
DA:452,73
DA:453,24
DA:456,73
DA:458,73
DA:468,51
DA:471,1
DA:472,15
DA:475,15
DA:476,3
DA:477,3
DA:480,15
DA:482,15
DA:483,17
DA:484,17
DA:485,17
DA:487,17
DA:488,25
DA:490,25
DA:491,221
DA:493,47
DA:494,47
DA:497,25
DA:498,4
DA:499,21
DA:500,3
DA:505,15
DA:508,1
DA:509,1
DA:510,1
DA:511,1
DA:513,1
DA:514,98
DA:515,17
DA:517,98
DA:518,98
DA:521,1
DA:522,7
DA:523,7
DA:524,7
DA:525,7
DA:526,7
DA:530,1
DA:531,57
DA:532,47
DA:536,1
DA:537,1
DA:542,8
DA:544,6
DA:547,1
DA:548,47
DA:549,47
DA:550,141
DA:551,141
DA:552,11
DA:553,11
DA:555,141
DA:558,47
DA:559,3
DA:562,47
DA:566,1
DA:567,26
DA:568,26
DA:569,26
DA:570,25
DA:575,1
DA:577,1
DA:578,1
DA:579,1
DA:580,1
DA:585,1
DA:588,1
DA:589,16
DA:590,4
DA:591,4
DA:594,12
DA:595,11
DA:598,12
DA:601,1
DA:606,1
DA:609,1
DA:611,1
DA:612,1
DA:613,1
DA:616,1
DA:621,1
DA:622,2
DA:623,2
DA:625,0
DA:627,2
DA:630,1
DA:635,1
DA:638,1
DA:640,1
DA:641,361
DA:642,361
DA:643,361
DA:645,361
DA:646,7
DA:647,354
DA:648,1
DA:649,353
DA:650,110
DA:651,243
DA:652,70
DA:654,173
DA:656,173
DA:659,360
DA:663,1
DA:664,11
DA:667,1
DA:668,1
DA:669,31
DA:670,31
DA:671,43
DA:672,29
DA:674,14
DA:677,2
DA:680,1
DA:681,0
DA:682,0
DA:683,0
DA:685,0
DA:690,1
DA:691,1
DA:692,1
DA:693,63
DA:697,1
DA:698,173
DA:700,173
DA:701,86
DA:702,52
DA:703,52
DA:705,34
DA:706,22
DA:708,12
DA:711,87
DA:714,1
DA:715,70
DA:716,21
DA:719,49
DA:721,49
DA:723,49
DA:724,74
DA:727,49
DA:730,1
DA:731,360
DA:732,1
DA:733,1
DA:734,1
DA:737,360
DA:740,1
DA:741,360
DA:742,360
DA:743,634
DA:745,360
DA:748,1
DA:749,1
DA:750,1
DA:751,1
DA:756,1
DA:757,1
DA:758,1
DA:759,1
DA:762,1
DA:763,6
DA:764,6
DA:765,8
DA:766,7
DA:767,21
DA:768,17
DA:773,6
DA:776,1
DA:777,4
DA:778,4
DA:779,5
DA:781,4
DA:784,1
DA:785,2
DA:788,1
DA:789,1
DA:792,1
DA:793,3
DA:794,3
DA:795,11
DA:796,9
DA:799,3
DA:802,1
DA:803,4
DA:806,1
DA:807,1
DA:808,1
DA:809,1
DA:810,1
DA:811,1
DA:816,1
DA:817,1
DA:818,1
DA:821,1
DA:823,1
DA:824,15
DA:827,15
DA:828,15
DA:829,15
DA:830,15
DA:832,15
DA:834,15
DA:836,15
DA:837,15
DA:838,13
DA:840,2
DA:843,15
DA:846,1
DA:847,15
DA:850,1
DA:851,4
DA:852,4
DA:856,1
DA:857,10
DA:858,2
DA:860,8
DA:863,1
DA:864,2
DA:865,2
DA:866,2
DA:867,2
DA:868,2
DA:869,4
DA:873,1
DA:875,1
DA:876,17
DA:877,3
DA:879,14
DA:883,1
DA:884,1
DA:885,53
DA:886,53
DA:887,53
DA:888,53
DA:889,53
DA:893,1
DA:894,1
DA:897,1
DA:898,1
DA:899,1
DA:900,1
DA:901,1
DA:902,1
DA:903,0
DA:905,1
DA:907,1
DA:910,1
DA:911,1
DA:912,1
DA:914,1
DA:916,0
DA:919,1
DA:920,1
DA:925,1
DA:926,14
DA:929,1
DA:931,1
DA:932,1
DA:937,1
DA:940,1
DA:942,1
DA:943,20
DA:944,20
DA:945,53
DA:947,20
DA:950,1
DA:951,253
DA:952,253
DA:953,249
DA:954,365
DA:957,4
DA:959,253
DA:962,1
DA:963,3
DA:965,3
DA:966,17
DA:967,52
DA:970,3
DA:973,1
DA:974,1
DA:975,1
DA:976,1
DA:981,1
DA:984,1
DA:986,1
DA:988,1
DA:990,1
DA:992,1
DA:994,1
DA:996,1
DA:998,1
DA:1000,1
DA:1002,1
DA:1004,1
DA:1006,1
DA:1008,1
DA:1010,1
DA:1012,1
DA:1014,1
DA:1016,1
DA:1018,1
DA:1019,1
DA:1020,1
DA:1021,1
DA:1022,1
DA:1025,1
DA:1026,1
DA:1028,1
DA:1030,1
DA:1032,1
DA:1034,1
LF:562
LH:552
BRDA:1,1,0,0
BRDA:1,1,1,1
BRDA:1,2,0,1
BRDA:1,2,1,0
BRDA:1,3,0,0
BRDA:1,3,1,1
BRDA:1,4,0,1
BRDA:1,4,1,0
BRDA:1,5,0,1
BRDA:1,5,1,0
BRDA:1,6,0,0
BRDA:1,6,1,0
BRDA:1,7,0,0
BRDA:1,7,1,0
BRDA:1,8,0,18
BRDA:1,8,1,28
BRDA:1,9,0,0
BRDA:1,9,1,18
BRDA:1,10,0,0
BRDA:1,10,1,0
BRDA:1,11,0,0
BRDA:1,11,1,0
BRDA:1,12,0,0
BRDA:1,12,1,0
BRDA:1,13,0,0
BRDA:1,13,1,0
BRDA:1,14,0,44
BRDA:1,14,1,0
BRDA:1,15,0,1
BRDA:1,15,1,0
BRDA:15,16,0,2
BRDA:15,16,1,1
BRDA:65,17,0,2
BRDA:65,17,1,9
BRDA:65,18,0,11
BRDA:65,18,1,8
BRDA:66,19,0,0
BRDA:66,19,1,2
BRDA:67,20,0,1
BRDA:67,20,1,1
BRDA:71,21,0,5
BRDA:71,21,1,10
BRDA:100,22,0,7
BRDA:100,22,1,1
BRDA:100,23,0,8
BRDA:100,23,1,7
BRDA:107,24,0,3
BRDA:107,24,1,0
BRDA:107,25,0,3
BRDA:107,25,1,3
BRDA:114,26,0,5
BRDA:114,26,1,0
BRDA:114,27,0,5
BRDA:114,27,1,5
BRDA:121,28,0,0
BRDA:121,28,1,5
BRDA:141,29,0,1
BRDA:141,29,1,11
BRDA:141,30,0,12
BRDA:141,30,1,12
BRDA:141,30,2,12
BRDA:143,31,0,10
BRDA:143,31,1,1
BRDA:145,32,0,1
BRDA:145,32,1,0
BRDA:161,33,0,2
BRDA:161,33,1,1
BRDA:177,34,0,12
BRDA:177,34,1,2
BRDA:180,35,0,3
BRDA:180,35,1,9
BRDA:181,36,0,0
BRDA:181,36,1,3
BRDA:182,37,0,2
BRDA:182,37,1,1
BRDA:184,38,0,1
BRDA:184,38,1,1
BRDA:202,39,0,9
BRDA:202,39,1,1
BRDA:202,40,0,10
BRDA:202,40,1,1
BRDA:224,41,0,2
BRDA:224,41,1,7
BRDA:224,42,0,9
BRDA:224,42,1,7
BRDA:225,43,0,0
BRDA:225,43,1,2
BRDA:226,44,0,1
BRDA:226,44,1,1
BRDA:226,45,0,2
BRDA:226,45,1,1
BRDA:230,46,0,9
BRDA:230,46,1,7
BRDA:238,47,0,2
BRDA:238,47,1,6
BRDA:238,48,0,8
BRDA:238,48,1,6
BRDA:239,49,0,0
BRDA:239,49,1,2
BRDA:240,50,0,1
BRDA:240,50,1,1
BRDA:240,51,0,2
BRDA:240,51,1,1
BRDA:262,52,0,36
BRDA:262,52,1,26
BRDA:263,53,0,17
BRDA:263,53,1,19
BRDA:266,54,0,1
BRDA:266,54,1,18
BRDA:269,55,0,1
BRDA:269,55,1,17
BRDA:280,56,0,37
BRDA:280,56,1,12
BRDA:281,57,0,8
BRDA:281,57,1,29
BRDA:284,58,0,20
BRDA:284,58,1,9
BRDA:287,59,0,1
BRDA:287,59,1,8
BRDA:298,60,0,45
BRDA:298,60,1,12
BRDA:299,61,0,9
BRDA:299,61,1,36
BRDA:302,62,0,25
BRDA:302,62,1,11
BRDA:305,63,0,1
BRDA:305,63,1,10
BRDA:316,64,0,34
BRDA:316,64,1,9
BRDA:317,65,0,6
BRDA:317,65,1,28
BRDA:320,66,0,19
BRDA:320,66,1,9
BRDA:323,67,0,1
BRDA:323,67,1,8
BRDA:338,68,0,9
BRDA:338,68,1,25
BRDA:340,69,0,0
BRDA:340,69,1,25
BRDA:342,70,0,25
BRDA:342,70,1,0
BRDA:353,71,0,59
BRDA:353,71,1,30
BRDA:375,72,0,1
BRDA:375,72,1,4
BRDA:388,73,0,8
BRDA:388,73,1,0
BRDA:399,74,0,1
BRDA:399,74,1,4
BRDA:411,75,0,1
BRDA:411,75,1,4
BRDA:437,76,0,33
BRDA:437,76,1,18
BRDA:446,77,0,57
BRDA:446,77,1,2
BRDA:447,78,0,57
BRDA:447,78,1,52
BRDA:452,79,0,24
BRDA:452,79,1,49
BRDA:456,80,0,73
BRDA:456,80,1,73
BRDA:472,81,0,4
BRDA:472,81,1,11
BRDA:475,82,0,3
BRDA:475,82,1,12
BRDA:484,83,0,17
BRDA:484,83,1,5
BRDA:485,84,0,17
BRDA:485,84,1,15
BRDA:491,85,0,221
BRDA:491,85,1,176
BRDA:491,85,2,65
BRDA:491,85,3,21
BRDA:491,85,4,47
BRDA:491,85,5,15
BRDA:491,85,6,47
BRDA:491,85,7,9
BRDA:493,86,0,47
BRDA:493,86,1,47
BRDA:497,87,0,4
BRDA:497,87,1,21
BRDA:497,88,0,25
BRDA:497,88,1,5
BRDA:497,88,2,4
BRDA:497,88,3,4
BRDA:499,89,0,3
BRDA:499,89,1,18
BRDA:514,90,0,17
BRDA:514,90,1,81
BRDA:515,91,0,10
BRDA:515,91,1,7
BRDA:518,92,0,98
BRDA:518,92,1,17
BRDA:523,93,0,7
BRDA:523,93,1,0
BRDA:548,94,0,47
BRDA:548,94,1,0
BRDA:548,95,0,47
BRDA:548,95,1,16
BRDA:548,95,2,0
BRDA:553,96,0,11
BRDA:553,96,1,11
BRDA:558,97,0,3
BRDA:558,97,1,44
BRDA:567,98,0,26
BRDA:567,98,1,25
BRDA:568,99,0,26
BRDA:568,99,1,0
BRDA:568,100,0,26
BRDA:568,100,1,26
BRDA:569,101,0,25
BRDA:569,101,1,1
BRDA:569,102,0,26
BRDA:569,102,1,5
BRDA:569,103,0,5
BRDA:569,103,1,1
BRDA:589,104,0,4
BRDA:589,104,1,12
BRDA:590,105,0,0
BRDA:590,105,1,4
BRDA:591,106,0,1
BRDA:591,106,1,3
BRDA:622,107,0,2
BRDA:622,107,1,0
BRDA:622,108,0,2
BRDA:622,108,1,2
BRDA:641,109,0,348
BRDA:641,109,1,13
BRDA:645,110,0,7
BRDA:645,110,1,354
BRDA:647,111,0,1
BRDA:647,111,1,353
BRDA:649,112,0,110
BRDA:649,112,1,243
BRDA:650,113,0,75
BRDA:650,113,1,35
BRDA:650,114,0,110
BRDA:650,114,1,38
BRDA:651,115,0,70
BRDA:651,115,1,173
BRDA:654,116,0,1
BRDA:654,116,1,172
BRDA:654,117,0,11
BRDA:654,117,1,161
BRDA:659,118,0,0
BRDA:659,118,1,360
BRDA:670,119,0,45
BRDA:670,119,1,44
BRDA:671,120,0,29
BRDA:671,120,1,14
BRDA:680,121,0,1
BRDA:680,121,1,0
BRDA:681,122,0,0
BRDA:681,122,1,0
BRDA:691,123,0,1
BRDA:691,123,1,0
BRDA:691,124,0,1
BRDA:691,124,1,1
BRDA:691,124,2,1
BRDA:691,124,3,1
BRDA:691,124,4,1
BRDA:691,124,5,1
BRDA:700,125,0,86
BRDA:700,125,1,87
BRDA:700,126,0,173
BRDA:700,126,1,86
BRDA:701,127,0,52
BRDA:701,127,1,34
BRDA:702,128,0,51
BRDA:702,128,1,1
BRDA:703,129,0,40
BRDA:703,129,1,12
BRDA:705,130,0,22
BRDA:705,130,1,12
BRDA:715,131,0,21
BRDA:715,131,1,49
BRDA:731,132,0,1
BRDA:731,132,1,359
BRDA:765,133,0,7
BRDA:765,133,1,1
BRDA:767,134,0,17
BRDA:767,134,1,4
BRDA:767,135,0,21
BRDA:767,135,1,10
BRDA:767,135,2,10
BRDA:795,136,0,9
BRDA:795,136,1,2
BRDA:795,137,0,11
BRDA:795,137,1,5
BRDA:795,137,2,5
BRDA:824,138,0,6
BRDA:824,138,1,9
BRDA:827,139,0,5
BRDA:827,139,1,10
BRDA:828,140,0,4
BRDA:828,140,1,11
BRDA:829,141,0,4
BRDA:829,141,1,11
BRDA:837,142,0,13
BRDA:837,142,1,2
BRDA:837,143,0,15
BRDA:837,143,1,10
BRDA:837,143,2,10
BRDA:847,144,0,0
BRDA:847,144,1,15
BRDA:847,145,0,0
BRDA:847,145,1,0
BRDA:847,146,0,0
BRDA:847,146,1,0
BRDA:851,147,0,4
BRDA:851,147,1,0
BRDA:857,148,0,2
BRDA:857,148,1,8
BRDA:857,149,0,10
BRDA:857,149,1,9
BRDA:864,150,0,0
BRDA:864,150,1,2
BRDA:876,151,0,3
BRDA:876,151,1,14
BRDA:876,152,0,17
BRDA:876,152,1,4
BRDA:876,152,2,4
BRDA:876,152,3,3
BRDA:885,153,0,1
BRDA:885,153,1,52
BRDA:893,154,0,1
BRDA:893,154,1,0
BRDA:899,155,0,1
BRDA:899,155,1,0
BRDA:952,156,0,249
BRDA:952,156,1,4
BRDA:952,157,0,253
BRDA:952,157,1,250
BRDA:1018,158,0,1
BRDA:1018,158,1,0
BRF:335
BRH:283
end_of_record
